#
# A fatal error has been detected by the Java Runtime Environment:
#
#  EXCEPTION_ACCESS_VIOLATION (0xc0000005) at pc=0x00007ffcbb164caa, pid=14716, tid=19668
#
# JRE version: OpenJDK Runtime Environment (11.0.5+10) (build 11.0.5+10-b520.17)
# Java VM: OpenJDK 64-Bit Server VM (11.0.5+10-b520.17, mixed mode, sharing, tiered, compressed oops, g1 gc, windows-amd64)
# Problematic frame:
# C  [jimgui.dll+0x4caa]
#
# No core dump will be written. Minidumps are not enabled by default on client versions of Windows
#
# If you would like to submit a bug report, please visit:
#   http://bugreport.java.com/bugreport/crash.jsp
# The crash happened outside the Java Virtual Machine in native code.
# See problematic frame for where to report the bug.
#

---------------  S U M M A R Y ------------

Command Line: -javaagent:C:\Program Files\JetBrains\IntelliJ IDEA Community Edition 2019.3.1\lib\idea_rt.jar=54870:C:\Program Files\JetBrains\IntelliJ IDEA Community Edition 2019.3.1\bin -Dfile.encoding=UTF-8 test.newsGui.main

Host: Intel(R) Xeon(R) CPU E3-1505M v6 @ 3.00GHz, 8 cores, 15G,  Windows 10 , 64 bit Build 18362 (10.0.18362.959)
Time: Sat Aug 22 03:16:12 2020 Eastern Daylight Time elapsed time: 0 seconds (0d 0h 0m 0s)

---------------  T H R E A D  ---------------

Current thread (0x000002296adbd800):  JavaThread "main" [_thread_in_native, id=19668, stack(0x000000b865700000,0x000000b865800000)]

Stack: [0x000000b865700000,0x000000b865800000],  sp=0x000000b8657ff080,  free space=1020k
Native frames: (J=compiled Java code, j=interpreted, Vv=VM code, C=native code)
C  [jimgui.dll+0x4caa]

Java frames: (J=compiled Java code, j=interpreted, Vv=VM code)
j  org.ice1000.jimgui.JImGuiGen.begin([BJI)Z+0
j  org.ice1000.jimgui.JImGuiGen.begin(Ljava/lang/String;)Z+6
j  test.newsGui.main.main([Ljava/lang/String;)V+48
v  ~StubRoutines::call_stub

siginfo: EXCEPTION_ACCESS_VIOLATION (0xc0000005), reading address 0x0000000000000048


Register to memory mapping:

RIP=0x00007ffcbb164caa jimgui.dll
RAX=0x0 is NULL
RBX=0x0 is NULL
RCX=0x000002290d1db1a0 points into unknown readable memory: 00 00 00 00 00 00 00 00
RDX=0x0 is NULL
RSP=0x000000b8657ff080 is pointing into the stack for thread: 0x000002296adbd800
RBP=0x000000b8657ff180 is pointing into the stack for thread: 0x000002296adbd800
RSI=0x000002290d1cf4c0 points into unknown readable memory: 01 00 00 01 29 02 00 00
RDI=0x000002290d1daee0 points into unknown readable memory: 50 78 11 0d 29 02 00 00
R8 =0x000000b8657ff001 is pointing into the stack for thread: 0x000002296adbd800
R9 =0x0000000000000002 is an unknown value
R10=0x0000000000000100 is an unknown value
R11=0x000000b8657ff060 is pointing into the stack for thread: 0x000002296adbd800
R12=0x0 is NULL
R13=0x0 is NULL
R14=0x0 is NULL
R15=0x0000000000000001 is an unknown value


Registers:
RAX=0x0000000000000000, RBX=0x0000000000000000, RCX=0x000002290d1db1a0, RDX=0x0000000000000000
RSP=0x000000b8657ff080, RBP=0x000000b8657ff180, RSI=0x000002290d1cf4c0, RDI=0x000002290d1daee0
R8 =0x000000b8657ff001, R9 =0x0000000000000002, R10=0x0000000000000100, R11=0x000000b8657ff060
R12=0x0000000000000000, R13=0x0000000000000000, R14=0x0000000000000000, R15=0x0000000000000001
RIP=0x00007ffcbb164caa, EFLAGS=0x0000000000010202

Top of Stack: (sp=0x000000b8657ff080)
0x000000b8657ff080:   0000000000000000 000002290d1cf4c0
0x000000b8657ff090:   000000b8657ff0dc 0000000000000000
0x000000b8657ff0a0:   000000b8657ff148 0000000000000000
0x000000b8657ff0b0:   0000000000000000 0000000000000000
0x000000b8657ff0c0:   0000000001000100 0000000000000000
0x000000b8657ff0d0:   000000000000000c ffffffff00000000
0x000000b8657ff0e0:   000000b800000000 0000000000000000
0x000000b8657ff0f0:   ffffffff00000000 0000000041000000
0x000000b8657ff100:   4200000042000000 0000000000000000
0x000000b8657ff110:   bf800000bf800000 4348000042c80000
0x000000b8657ff120:   434e000043040000 0000000000000000
0x000000b8657ff130:   0000000000000000 000002290d117640
0x000000b8657ff140:   0000000000000000 0000000000000000
0x000000b8657ff150:   0000000000000000 0000256e4be1cd2f
0x000000b8657ff160:   0000000000000000 0000000000000000
0x000000b8657ff170:   0000000000000000 0000000000000000 

Instructions: (pc=0x00007ffcbb164caa)
0x00007ffcbb164baa:   00 00 0f 2f f0 76 05 0f 28 de eb 04 f3 0f 5d d8
0x00007ffcbb164bba:   f3 0f 11 9f 28 02 00 00 f3 0f 11 a7 2c 02 00 00
0x00007ffcbb164bca:   f3 0f 10 47 18 41 0f 2f c6 76 13 41 f7 c6 40 00
0x00007ffcbb164bda:   00 02 75 0a f3 0f 59 05 ea 90 06 00 eb 10 f3 0f
0x00007ffcbb164bea:   10 86 10 19 00 00 f3 0f 59 05 28 91 06 00 f3 0f
0x00007ffcbb164bfa:   2c c0 41 b0 01 48 8d 4c 24 48 48 8b d7 66 0f 6e
0x00007ffcbb164c0a:   c0 0f 5b c0 f3 0f 11 87 64 02 00 00 f3 0f 10 87
0x00007ffcbb164c1a:   18 02 00 00 f3 0f 5c 87 10 02 00 00 f3 0f 10 4f
0x00007ffcbb164c2a:   38 f3 0f 10 57 3c f3 0f 58 c9 f3 0f 58 d2 f3 0f
0x00007ffcbb164c3a:   58 4f 28 f3 0f 58 57 2c f3 0f 5c c8 41 0f 28 c6
0x00007ffcbb164c4a:   f3 0f 5f c1 f3 0f 11 47 5c f3 0f 10 87 1c 02 00
0x00007ffcbb164c5a:   00 f3 0f 5c 87 14 02 00 00 f3 0f 5c d0 41 0f 28
0x00007ffcbb164c6a:   c6 f3 0f 5f c2 f3 0f 11 47 60 e8 d7 28 00 00 48
0x00007ffcbb164c7a:   8b 8f b8 02 00 00 f2 0f 10 00 f2 0f 11 47 54 c7
0x00007ffcbb164c8a:   47 64 ff ff 7f 7f c7 47 68 ff ff 7f 7f e8 b4 74
0x00007ffcbb164c9a:   03 00 48 8b 86 08 19 00 00 48 8b 8f b8 02 00 00
0x00007ffcbb164caa:   48 8b 50 48 48 8b 52 08 e8 69 b0 03 00 48 8b 0d
0x00007ffcbb164cba:   62 8c 09 00 0f 28 c6 66 0f 15 c6 45 33 c9 66 49
0x00007ffcbb164cca:   0f 7e c0 66 48 0f 7e f2 48 8b 81 18 1a 00 00 c6
0x00007ffcbb164cda:   80 80 00 00 00 01 48 8b 99 18 1a 00 00 48 8b 8b
0x00007ffcbb164cea:   b8 02 00 00 e8 3d ae 03 00 48 8b 83 b8 02 00 00
0x00007ffcbb164cfa:   48 8b 48 68 48 63 50 60 48 03 d2 f3 0f 10 44 d1
0x00007ffcbb164d0a:   f4 f3 0f 10 4c d1 f8 f3 0f 10 54 d1 fc 8b 44 d1
0x00007ffcbb164d1a:   f0 89 83 40 02 00 00 f3 0f 11 83 44 02 00 00 f3
0x00007ffcbb164d2a:   0f 11 8b 48 02 00 00 f3 0f 11 93 4c 02 00 00 41
0x00007ffcbb164d3a:   0f ba e6 1b 73 17 e8 ab 67 00 00 48 3b f8 75 0d
0x00007ffcbb164d4a:   83 bf ac 00 00 00 00 7f 04 b0 01 eb 02 32 c0 48
0x00007ffcbb164d5a:   8b 8e b0 1b 00 00 48 85 c9 74 0d 48 3b b9 70 03
0x00007ffcbb164d6a:   00 00 75 04 b3 01 eb 02 32 db 84 c0 75 08 84 db
0x00007ffcbb164d7a:   0f 84 56 01 00 00 48 8b 0d 99 8b 09 00 f3 0f 10
0x00007ffcbb164d8a:   86 18 1d 00 00 0f b6 c0 48 03 c0 f3 0f 59 81 58
0x00007ffcbb164d9a:   15 00 00 0f 10 8c c1 e4 18 00 00 48 8d 4c 24 48 


Stack slot to memory mapping:
stack at sp + 0 slots: 0x0 is NULL
stack at sp + 1 slots: 0x000002290d1cf4c0 points into unknown readable memory: 01 00 00 01 29 02 00 00
stack at sp + 2 slots: 0x000000b8657ff0dc is pointing into the stack for thread: 0x000002296adbd800
stack at sp + 3 slots: 0x0 is NULL
stack at sp + 4 slots: 0x000000b8657ff148 is pointing into the stack for thread: 0x000002296adbd800
stack at sp + 5 slots: 0x0 is NULL
stack at sp + 6 slots: 0x0 is NULL
stack at sp + 7 slots: 0x0 is NULL


---------------  P R O C E S S  ---------------

Threads class SMR info:
_java_thread_list=0x000002290cf5be60, length=13, elements={
0x000002296adbd800, 0x000002290c170800, 0x000002290c173800, 0x000002290c189800,
0x000002290c18b000, 0x000002290c18d000, 0x000002290c19b800, 0x000002290c1a1800,
0x000002290ca30800, 0x000002290cb70800, 0x000002290cd74000, 0x000002290cd79000,
0x000002290cd3d800
}

Java Threads: ( => current thread )
=>0x000002296adbd800 JavaThread "main" [_thread_in_native, id=19668, stack(0x000000b865700000,0x000000b865800000)]
  0x000002290c170800 JavaThread "Reference Handler" daemon [_thread_blocked, id=4720, stack(0x000000b865e00000,0x000000b865f00000)]
  0x000002290c173800 JavaThread "Finalizer" daemon [_thread_blocked, id=2692, stack(0x000000b865f00000,0x000000b866000000)]
  0x000002290c189800 JavaThread "Signal Dispatcher" daemon [_thread_blocked, id=11908, stack(0x000000b866000000,0x000000b866100000)]
  0x000002290c18b000 JavaThread "Attach Listener" daemon [_thread_blocked, id=5988, stack(0x000000b866100000,0x000000b866200000)]
  0x000002290c18d000 JavaThread "C2 CompilerThread0" daemon [_thread_blocked, id=24512, stack(0x000000b866200000,0x000000b866300000)]
  0x000002290c19b800 JavaThread "C1 CompilerThread0" daemon [_thread_blocked, id=21968, stack(0x000000b866300000,0x000000b866400000)]
  0x000002290c1a1800 JavaThread "Sweeper thread" daemon [_thread_blocked, id=13688, stack(0x000000b866400000,0x000000b866500000)]
  0x000002290ca30800 JavaThread "Common-Cleaner" daemon [_thread_blocked, id=14512, stack(0x000000b866500000,0x000000b866600000)]
  0x000002290cb70800 JavaThread "C2 CompilerThread1" daemon [_thread_in_native, id=17028, stack(0x000000b866600000,0x000000b866700000)]
  0x000002290cd74000 JavaThread "Monitor Ctrl-Break" daemon [_thread_in_native, id=13400, stack(0x000000b866700000,0x000000b866800000)]
  0x000002290cd79000 JavaThread "Service Thread" daemon [_thread_blocked, id=18360, stack(0x000000b866800000,0x000000b866900000)]
  0x000002290cd3d800 JavaThread "Thread-0" [_thread_in_Java, id=13232, stack(0x000000b866c00000,0x000000b866d00000)]

Other Threads:
  0x000002290c16b000 VMThread "VM Thread" [stack: 0x000000b865d00000,0x000000b865e00000] [id=23492]
  0x000002290cd97000 WatcherThread [stack: 0x000000b866900000,0x000000b866a00000] [id=14464]
  0x000002296add6800 GCTaskThread "GC Thread#0" [stack: 0x000000b865800000,0x000000b865900000] [id=17204]
  0x000002296ae36000 ConcurrentGCThread "G1 Main Marker" [stack: 0x000000b865900000,0x000000b865a00000] [id=7984]
  0x000002296ae37000 ConcurrentGCThread "G1 Conc#0" [stack: 0x000000b865a00000,0x000000b865b00000] [id=23612]
  0x000002290c07d800 ConcurrentGCThread "G1 Refine#0" [stack: 0x000000b865b00000,0x000000b865c00000] [id=24312]
  0x000002290c07f800 ConcurrentGCThread "G1 Young RemSet Sampling" [stack: 0x000000b865c00000,0x000000b865d00000] [id=25412]

Threads with active compile tasks:
C1 CompilerThread0    358  604       3       java.util.HashMap::remove (26 bytes)
C2 CompilerThread1    358  581       4       jdk.internal.org.objectweb.asm.Item::set (219 bytes)

VM state:not at safepoint (normal execution)

VM Mutex/Monitor currently owned by a thread: None

Heap address: 0x0000000701c00000, size: 4068 MB, Compressed Oops mode: Zero based, Oop shift amount: 3
Narrow klass base: 0x0000000800000000, Narrow klass shift: 3
Compressed class space size: 1073741824 Address: 0x0000000840000000

Heap:
 garbage-first heap   total 262144K, used 6144K [0x0000000701c00000, 0x0000000800000000)
  region size 1024K, 7 young (7168K), 0 survivors (0K)
 Metaspace       used 2834K, capacity 5135K, committed 5248K, reserved 1056768K
  class space    used 313K, capacity 547K, committed 640K, reserved 1048576K
Heap Regions: E=young(eden), S=young(survivor), O=old, HS=humongous(starts), HC=humongous(continues), CS=collection set, F=free, A=archive, TAMS=top-at-mark-start (previous, next)
|   0|0x0000000701c00000, 0x0000000701c00000, 0x0000000701d00000|  0%| F|  |TAMS 0x0000000701c00000, 0x0000000701c00000| Untracked 
|   1|0x0000000701d00000, 0x0000000701d00000, 0x0000000701e00000|  0%| F|  |TAMS 0x0000000701d00000, 0x0000000701d00000| Untracked 
|   2|0x0000000701e00000, 0x0000000701e00000, 0x0000000701f00000|  0%| F|  |TAMS 0x0000000701e00000, 0x0000000701e00000| Untracked 
|   3|0x0000000701f00000, 0x0000000701f00000, 0x0000000702000000|  0%| F|  |TAMS 0x0000000701f00000, 0x0000000701f00000| Untracked 
|   4|0x0000000702000000, 0x0000000702000000, 0x0000000702100000|  0%| F|  |TAMS 0x0000000702000000, 0x0000000702000000| Untracked 
|   5|0x0000000702100000, 0x0000000702100000, 0x0000000702200000|  0%| F|  |TAMS 0x0000000702100000, 0x0000000702100000| Untracked 
|   6|0x0000000702200000, 0x0000000702200000, 0x0000000702300000|  0%| F|  |TAMS 0x0000000702200000, 0x0000000702200000| Untracked 
|   7|0x0000000702300000, 0x0000000702300000, 0x0000000702400000|  0%| F|  |TAMS 0x0000000702300000, 0x0000000702300000| Untracked 
|   8|0x0000000702400000, 0x0000000702400000, 0x0000000702500000|  0%| F|  |TAMS 0x0000000702400000, 0x0000000702400000| Untracked 
|   9|0x0000000702500000, 0x0000000702500000, 0x0000000702600000|  0%| F|  |TAMS 0x0000000702500000, 0x0000000702500000| Untracked 
|  10|0x0000000702600000, 0x0000000702600000, 0x0000000702700000|  0%| F|  |TAMS 0x0000000702600000, 0x0000000702600000| Untracked 
|  11|0x0000000702700000, 0x0000000702700000, 0x0000000702800000|  0%| F|  |TAMS 0x0000000702700000, 0x0000000702700000| Untracked 
|  12|0x0000000702800000, 0x0000000702800000, 0x0000000702900000|  0%| F|  |TAMS 0x0000000702800000, 0x0000000702800000| Untracked 
|  13|0x0000000702900000, 0x0000000702900000, 0x0000000702a00000|  0%| F|  |TAMS 0x0000000702900000, 0x0000000702900000| Untracked 
|  14|0x0000000702a00000, 0x0000000702a00000, 0x0000000702b00000|  0%| F|  |TAMS 0x0000000702a00000, 0x0000000702a00000| Untracked 
|  15|0x0000000702b00000, 0x0000000702b00000, 0x0000000702c00000|  0%| F|  |TAMS 0x0000000702b00000, 0x0000000702b00000| Untracked 
|  16|0x0000000702c00000, 0x0000000702c00000, 0x0000000702d00000|  0%| F|  |TAMS 0x0000000702c00000, 0x0000000702c00000| Untracked 
|  17|0x0000000702d00000, 0x0000000702d00000, 0x0000000702e00000|  0%| F|  |TAMS 0x0000000702d00000, 0x0000000702d00000| Untracked 
|  18|0x0000000702e00000, 0x0000000702e00000, 0x0000000702f00000|  0%| F|  |TAMS 0x0000000702e00000, 0x0000000702e00000| Untracked 
|  19|0x0000000702f00000, 0x0000000702f00000, 0x0000000703000000|  0%| F|  |TAMS 0x0000000702f00000, 0x0000000702f00000| Untracked 
|  20|0x0000000703000000, 0x0000000703000000, 0x0000000703100000|  0%| F|  |TAMS 0x0000000703000000, 0x0000000703000000| Untracked 
|  21|0x0000000703100000, 0x0000000703100000, 0x0000000703200000|  0%| F|  |TAMS 0x0000000703100000, 0x0000000703100000| Untracked 
|  22|0x0000000703200000, 0x0000000703200000, 0x0000000703300000|  0%| F|  |TAMS 0x0000000703200000, 0x0000000703200000| Untracked 
|  23|0x0000000703300000, 0x0000000703300000, 0x0000000703400000|  0%| F|  |TAMS 0x0000000703300000, 0x0000000703300000| Untracked 
|  24|0x0000000703400000, 0x0000000703400000, 0x0000000703500000|  0%| F|  |TAMS 0x0000000703400000, 0x0000000703400000| Untracked 
|  25|0x0000000703500000, 0x0000000703500000, 0x0000000703600000|  0%| F|  |TAMS 0x0000000703500000, 0x0000000703500000| Untracked 
|  26|0x0000000703600000, 0x0000000703600000, 0x0000000703700000|  0%| F|  |TAMS 0x0000000703600000, 0x0000000703600000| Untracked 
|  27|0x0000000703700000, 0x0000000703700000, 0x0000000703800000|  0%| F|  |TAMS 0x0000000703700000, 0x0000000703700000| Untracked 
|  28|0x0000000703800000, 0x0000000703800000, 0x0000000703900000|  0%| F|  |TAMS 0x0000000703800000, 0x0000000703800000| Untracked 
|  29|0x0000000703900000, 0x0000000703900000, 0x0000000703a00000|  0%| F|  |TAMS 0x0000000703900000, 0x0000000703900000| Untracked 
|  30|0x0000000703a00000, 0x0000000703a00000, 0x0000000703b00000|  0%| F|  |TAMS 0x0000000703a00000, 0x0000000703a00000| Untracked 
|  31|0x0000000703b00000, 0x0000000703b00000, 0x0000000703c00000|  0%| F|  |TAMS 0x0000000703b00000, 0x0000000703b00000| Untracked 
|  32|0x0000000703c00000, 0x0000000703c00000, 0x0000000703d00000|  0%| F|  |TAMS 0x0000000703c00000, 0x0000000703c00000| Untracked 
|  33|0x0000000703d00000, 0x0000000703d00000, 0x0000000703e00000|  0%| F|  |TAMS 0x0000000703d00000, 0x0000000703d00000| Untracked 
|  34|0x0000000703e00000, 0x0000000703e00000, 0x0000000703f00000|  0%| F|  |TAMS 0x0000000703e00000, 0x0000000703e00000| Untracked 
|  35|0x0000000703f00000, 0x0000000703f00000, 0x0000000704000000|  0%| F|  |TAMS 0x0000000703f00000, 0x0000000703f00000| Untracked 
|  36|0x0000000704000000, 0x0000000704000000, 0x0000000704100000|  0%| F|  |TAMS 0x0000000704000000, 0x0000000704000000| Untracked 
|  37|0x0000000704100000, 0x0000000704100000, 0x0000000704200000|  0%| F|  |TAMS 0x0000000704100000, 0x0000000704100000| Untracked 
|  38|0x0000000704200000, 0x0000000704200000, 0x0000000704300000|  0%| F|  |TAMS 0x0000000704200000, 0x0000000704200000| Untracked 
|  39|0x0000000704300000, 0x0000000704300000, 0x0000000704400000|  0%| F|  |TAMS 0x0000000704300000, 0x0000000704300000| Untracked 
|  40|0x0000000704400000, 0x0000000704400000, 0x0000000704500000|  0%| F|  |TAMS 0x0000000704400000, 0x0000000704400000| Untracked 
|  41|0x0000000704500000, 0x0000000704500000, 0x0000000704600000|  0%| F|  |TAMS 0x0000000704500000, 0x0000000704500000| Untracked 
|  42|0x0000000704600000, 0x0000000704600000, 0x0000000704700000|  0%| F|  |TAMS 0x0000000704600000, 0x0000000704600000| Untracked 
|  43|0x0000000704700000, 0x0000000704700000, 0x0000000704800000|  0%| F|  |TAMS 0x0000000704700000, 0x0000000704700000| Untracked 
|  44|0x0000000704800000, 0x0000000704800000, 0x0000000704900000|  0%| F|  |TAMS 0x0000000704800000, 0x0000000704800000| Untracked 
|  45|0x0000000704900000, 0x0000000704900000, 0x0000000704a00000|  0%| F|  |TAMS 0x0000000704900000, 0x0000000704900000| Untracked 
|  46|0x0000000704a00000, 0x0000000704a00000, 0x0000000704b00000|  0%| F|  |TAMS 0x0000000704a00000, 0x0000000704a00000| Untracked 
|  47|0x0000000704b00000, 0x0000000704b00000, 0x0000000704c00000|  0%| F|  |TAMS 0x0000000704b00000, 0x0000000704b00000| Untracked 
|  48|0x0000000704c00000, 0x0000000704c00000, 0x0000000704d00000|  0%| F|  |TAMS 0x0000000704c00000, 0x0000000704c00000| Untracked 
|  49|0x0000000704d00000, 0x0000000704d00000, 0x0000000704e00000|  0%| F|  |TAMS 0x0000000704d00000, 0x0000000704d00000| Untracked 
|  50|0x0000000704e00000, 0x0000000704e00000, 0x0000000704f00000|  0%| F|  |TAMS 0x0000000704e00000, 0x0000000704e00000| Untracked 
|  51|0x0000000704f00000, 0x0000000704f00000, 0x0000000705000000|  0%| F|  |TAMS 0x0000000704f00000, 0x0000000704f00000| Untracked 
|  52|0x0000000705000000, 0x0000000705000000, 0x0000000705100000|  0%| F|  |TAMS 0x0000000705000000, 0x0000000705000000| Untracked 
|  53|0x0000000705100000, 0x0000000705100000, 0x0000000705200000|  0%| F|  |TAMS 0x0000000705100000, 0x0000000705100000| Untracked 
|  54|0x0000000705200000, 0x0000000705200000, 0x0000000705300000|  0%| F|  |TAMS 0x0000000705200000, 0x0000000705200000| Untracked 
|  55|0x0000000705300000, 0x0000000705300000, 0x0000000705400000|  0%| F|  |TAMS 0x0000000705300000, 0x0000000705300000| Untracked 
|  56|0x0000000705400000, 0x0000000705400000, 0x0000000705500000|  0%| F|  |TAMS 0x0000000705400000, 0x0000000705400000| Untracked 
|  57|0x0000000705500000, 0x0000000705500000, 0x0000000705600000|  0%| F|  |TAMS 0x0000000705500000, 0x0000000705500000| Untracked 
|  58|0x0000000705600000, 0x0000000705600000, 0x0000000705700000|  0%| F|  |TAMS 0x0000000705600000, 0x0000000705600000| Untracked 
|  59|0x0000000705700000, 0x0000000705700000, 0x0000000705800000|  0%| F|  |TAMS 0x0000000705700000, 0x0000000705700000| Untracked 
|  60|0x0000000705800000, 0x0000000705800000, 0x0000000705900000|  0%| F|  |TAMS 0x0000000705800000, 0x0000000705800000| Untracked 
|  61|0x0000000705900000, 0x0000000705900000, 0x0000000705a00000|  0%| F|  |TAMS 0x0000000705900000, 0x0000000705900000| Untracked 
|  62|0x0000000705a00000, 0x0000000705a00000, 0x0000000705b00000|  0%| F|  |TAMS 0x0000000705a00000, 0x0000000705a00000| Untracked 
|  63|0x0000000705b00000, 0x0000000705b00000, 0x0000000705c00000|  0%| F|  |TAMS 0x0000000705b00000, 0x0000000705b00000| Untracked 
|  64|0x0000000705c00000, 0x0000000705c00000, 0x0000000705d00000|  0%| F|  |TAMS 0x0000000705c00000, 0x0000000705c00000| Untracked 
|  65|0x0000000705d00000, 0x0000000705d00000, 0x0000000705e00000|  0%| F|  |TAMS 0x0000000705d00000, 0x0000000705d00000| Untracked 
|  66|0x0000000705e00000, 0x0000000705e00000, 0x0000000705f00000|  0%| F|  |TAMS 0x0000000705e00000, 0x0000000705e00000| Untracked 
|  67|0x0000000705f00000, 0x0000000705f00000, 0x0000000706000000|  0%| F|  |TAMS 0x0000000705f00000, 0x0000000705f00000| Untracked 
|  68|0x0000000706000000, 0x0000000706000000, 0x0000000706100000|  0%| F|  |TAMS 0x0000000706000000, 0x0000000706000000| Untracked 
|  69|0x0000000706100000, 0x0000000706100000, 0x0000000706200000|  0%| F|  |TAMS 0x0000000706100000, 0x0000000706100000| Untracked 
|  70|0x0000000706200000, 0x0000000706200000, 0x0000000706300000|  0%| F|  |TAMS 0x0000000706200000, 0x0000000706200000| Untracked 
|  71|0x0000000706300000, 0x0000000706300000, 0x0000000706400000|  0%| F|  |TAMS 0x0000000706300000, 0x0000000706300000| Untracked 
|  72|0x0000000706400000, 0x0000000706400000, 0x0000000706500000|  0%| F|  |TAMS 0x0000000706400000, 0x0000000706400000| Untracked 
|  73|0x0000000706500000, 0x0000000706500000, 0x0000000706600000|  0%| F|  |TAMS 0x0000000706500000, 0x0000000706500000| Untracked 
|  74|0x0000000706600000, 0x0000000706600000, 0x0000000706700000|  0%| F|  |TAMS 0x0000000706600000, 0x0000000706600000| Untracked 
|  75|0x0000000706700000, 0x0000000706700000, 0x0000000706800000|  0%| F|  |TAMS 0x0000000706700000, 0x0000000706700000| Untracked 
|  76|0x0000000706800000, 0x0000000706800000, 0x0000000706900000|  0%| F|  |TAMS 0x0000000706800000, 0x0000000706800000| Untracked 
|  77|0x0000000706900000, 0x0000000706900000, 0x0000000706a00000|  0%| F|  |TAMS 0x0000000706900000, 0x0000000706900000| Untracked 
|  78|0x0000000706a00000, 0x0000000706a00000, 0x0000000706b00000|  0%| F|  |TAMS 0x0000000706a00000, 0x0000000706a00000| Untracked 
|  79|0x0000000706b00000, 0x0000000706b00000, 0x0000000706c00000|  0%| F|  |TAMS 0x0000000706b00000, 0x0000000706b00000| Untracked 
|  80|0x0000000706c00000, 0x0000000706c00000, 0x0000000706d00000|  0%| F|  |TAMS 0x0000000706c00000, 0x0000000706c00000| Untracked 
|  81|0x0000000706d00000, 0x0000000706d00000, 0x0000000706e00000|  0%| F|  |TAMS 0x0000000706d00000, 0x0000000706d00000| Untracked 
|  82|0x0000000706e00000, 0x0000000706e00000, 0x0000000706f00000|  0%| F|  |TAMS 0x0000000706e00000, 0x0000000706e00000| Untracked 
|  83|0x0000000706f00000, 0x0000000706f00000, 0x0000000707000000|  0%| F|  |TAMS 0x0000000706f00000, 0x0000000706f00000| Untracked 
|  84|0x0000000707000000, 0x0000000707000000, 0x0000000707100000|  0%| F|  |TAMS 0x0000000707000000, 0x0000000707000000| Untracked 
|  85|0x0000000707100000, 0x0000000707100000, 0x0000000707200000|  0%| F|  |TAMS 0x0000000707100000, 0x0000000707100000| Untracked 
|  86|0x0000000707200000, 0x0000000707200000, 0x0000000707300000|  0%| F|  |TAMS 0x0000000707200000, 0x0000000707200000| Untracked 
|  87|0x0000000707300000, 0x0000000707300000, 0x0000000707400000|  0%| F|  |TAMS 0x0000000707300000, 0x0000000707300000| Untracked 
|  88|0x0000000707400000, 0x0000000707400000, 0x0000000707500000|  0%| F|  |TAMS 0x0000000707400000, 0x0000000707400000| Untracked 
|  89|0x0000000707500000, 0x0000000707500000, 0x0000000707600000|  0%| F|  |TAMS 0x0000000707500000, 0x0000000707500000| Untracked 
|  90|0x0000000707600000, 0x0000000707600000, 0x0000000707700000|  0%| F|  |TAMS 0x0000000707600000, 0x0000000707600000| Untracked 
|  91|0x0000000707700000, 0x0000000707700000, 0x0000000707800000|  0%| F|  |TAMS 0x0000000707700000, 0x0000000707700000| Untracked 
|  92|0x0000000707800000, 0x0000000707800000, 0x0000000707900000|  0%| F|  |TAMS 0x0000000707800000, 0x0000000707800000| Untracked 
|  93|0x0000000707900000, 0x0000000707900000, 0x0000000707a00000|  0%| F|  |TAMS 0x0000000707900000, 0x0000000707900000| Untracked 
|  94|0x0000000707a00000, 0x0000000707a00000, 0x0000000707b00000|  0%| F|  |TAMS 0x0000000707a00000, 0x0000000707a00000| Untracked 
|  95|0x0000000707b00000, 0x0000000707b00000, 0x0000000707c00000|  0%| F|  |TAMS 0x0000000707b00000, 0x0000000707b00000| Untracked 
|  96|0x0000000707c00000, 0x0000000707c00000, 0x0000000707d00000|  0%| F|  |TAMS 0x0000000707c00000, 0x0000000707c00000| Untracked 
|  97|0x0000000707d00000, 0x0000000707d00000, 0x0000000707e00000|  0%| F|  |TAMS 0x0000000707d00000, 0x0000000707d00000| Untracked 
|  98|0x0000000707e00000, 0x0000000707e00000, 0x0000000707f00000|  0%| F|  |TAMS 0x0000000707e00000, 0x0000000707e00000| Untracked 
|  99|0x0000000707f00000, 0x0000000707f00000, 0x0000000708000000|  0%| F|  |TAMS 0x0000000707f00000, 0x0000000707f00000| Untracked 
| 100|0x0000000708000000, 0x0000000708000000, 0x0000000708100000|  0%| F|  |TAMS 0x0000000708000000, 0x0000000708000000| Untracked 
| 101|0x0000000708100000, 0x0000000708100000, 0x0000000708200000|  0%| F|  |TAMS 0x0000000708100000, 0x0000000708100000| Untracked 
| 102|0x0000000708200000, 0x0000000708200000, 0x0000000708300000|  0%| F|  |TAMS 0x0000000708200000, 0x0000000708200000| Untracked 
| 103|0x0000000708300000, 0x0000000708300000, 0x0000000708400000|  0%| F|  |TAMS 0x0000000708300000, 0x0000000708300000| Untracked 
| 104|0x0000000708400000, 0x0000000708400000, 0x0000000708500000|  0%| F|  |TAMS 0x0000000708400000, 0x0000000708400000| Untracked 
| 105|0x0000000708500000, 0x0000000708500000, 0x0000000708600000|  0%| F|  |TAMS 0x0000000708500000, 0x0000000708500000| Untracked 
| 106|0x0000000708600000, 0x0000000708600000, 0x0000000708700000|  0%| F|  |TAMS 0x0000000708600000, 0x0000000708600000| Untracked 
| 107|0x0000000708700000, 0x0000000708700000, 0x0000000708800000|  0%| F|  |TAMS 0x0000000708700000, 0x0000000708700000| Untracked 
| 108|0x0000000708800000, 0x0000000708800000, 0x0000000708900000|  0%| F|  |TAMS 0x0000000708800000, 0x0000000708800000| Untracked 
| 109|0x0000000708900000, 0x0000000708900000, 0x0000000708a00000|  0%| F|  |TAMS 0x0000000708900000, 0x0000000708900000| Untracked 
| 110|0x0000000708a00000, 0x0000000708a00000, 0x0000000708b00000|  0%| F|  |TAMS 0x0000000708a00000, 0x0000000708a00000| Untracked 
| 111|0x0000000708b00000, 0x0000000708b00000, 0x0000000708c00000|  0%| F|  |TAMS 0x0000000708b00000, 0x0000000708b00000| Untracked 
| 112|0x0000000708c00000, 0x0000000708c00000, 0x0000000708d00000|  0%| F|  |TAMS 0x0000000708c00000, 0x0000000708c00000| Untracked 
| 113|0x0000000708d00000, 0x0000000708d00000, 0x0000000708e00000|  0%| F|  |TAMS 0x0000000708d00000, 0x0000000708d00000| Untracked 
| 114|0x0000000708e00000, 0x0000000708e00000, 0x0000000708f00000|  0%| F|  |TAMS 0x0000000708e00000, 0x0000000708e00000| Untracked 
| 115|0x0000000708f00000, 0x0000000708f00000, 0x0000000709000000|  0%| F|  |TAMS 0x0000000708f00000, 0x0000000708f00000| Untracked 
| 116|0x0000000709000000, 0x0000000709000000, 0x0000000709100000|  0%| F|  |TAMS 0x0000000709000000, 0x0000000709000000| Untracked 
| 117|0x0000000709100000, 0x0000000709100000, 0x0000000709200000|  0%| F|  |TAMS 0x0000000709100000, 0x0000000709100000| Untracked 
| 118|0x0000000709200000, 0x0000000709200000, 0x0000000709300000|  0%| F|  |TAMS 0x0000000709200000, 0x0000000709200000| Untracked 
| 119|0x0000000709300000, 0x0000000709300000, 0x0000000709400000|  0%| F|  |TAMS 0x0000000709300000, 0x0000000709300000| Untracked 
| 120|0x0000000709400000, 0x0000000709400000, 0x0000000709500000|  0%| F|  |TAMS 0x0000000709400000, 0x0000000709400000| Untracked 
| 121|0x0000000709500000, 0x0000000709500000, 0x0000000709600000|  0%| F|  |TAMS 0x0000000709500000, 0x0000000709500000| Untracked 
| 122|0x0000000709600000, 0x0000000709600000, 0x0000000709700000|  0%| F|  |TAMS 0x0000000709600000, 0x0000000709600000| Untracked 
| 123|0x0000000709700000, 0x0000000709700000, 0x0000000709800000|  0%| F|  |TAMS 0x0000000709700000, 0x0000000709700000| Untracked 
| 124|0x0000000709800000, 0x0000000709800000, 0x0000000709900000|  0%| F|  |TAMS 0x0000000709800000, 0x0000000709800000| Untracked 
| 125|0x0000000709900000, 0x0000000709900000, 0x0000000709a00000|  0%| F|  |TAMS 0x0000000709900000, 0x0000000709900000| Untracked 
| 126|0x0000000709a00000, 0x0000000709a00000, 0x0000000709b00000|  0%| F|  |TAMS 0x0000000709a00000, 0x0000000709a00000| Untracked 
| 127|0x0000000709b00000, 0x0000000709b00000, 0x0000000709c00000|  0%| F|  |TAMS 0x0000000709b00000, 0x0000000709b00000| Untracked 
| 128|0x0000000709c00000, 0x0000000709c00000, 0x0000000709d00000|  0%| F|  |TAMS 0x0000000709c00000, 0x0000000709c00000| Untracked 
| 129|0x0000000709d00000, 0x0000000709d00000, 0x0000000709e00000|  0%| F|  |TAMS 0x0000000709d00000, 0x0000000709d00000| Untracked 
| 130|0x0000000709e00000, 0x0000000709e00000, 0x0000000709f00000|  0%| F|  |TAMS 0x0000000709e00000, 0x0000000709e00000| Untracked 
| 131|0x0000000709f00000, 0x0000000709f00000, 0x000000070a000000|  0%| F|  |TAMS 0x0000000709f00000, 0x0000000709f00000| Untracked 
| 132|0x000000070a000000, 0x000000070a000000, 0x000000070a100000|  0%| F|  |TAMS 0x000000070a000000, 0x000000070a000000| Untracked 
| 133|0x000000070a100000, 0x000000070a100000, 0x000000070a200000|  0%| F|  |TAMS 0x000000070a100000, 0x000000070a100000| Untracked 
| 134|0x000000070a200000, 0x000000070a200000, 0x000000070a300000|  0%| F|  |TAMS 0x000000070a200000, 0x000000070a200000| Untracked 
| 135|0x000000070a300000, 0x000000070a300000, 0x000000070a400000|  0%| F|  |TAMS 0x000000070a300000, 0x000000070a300000| Untracked 
| 136|0x000000070a400000, 0x000000070a400000, 0x000000070a500000|  0%| F|  |TAMS 0x000000070a400000, 0x000000070a400000| Untracked 
| 137|0x000000070a500000, 0x000000070a500000, 0x000000070a600000|  0%| F|  |TAMS 0x000000070a500000, 0x000000070a500000| Untracked 
| 138|0x000000070a600000, 0x000000070a600000, 0x000000070a700000|  0%| F|  |TAMS 0x000000070a600000, 0x000000070a600000| Untracked 
| 139|0x000000070a700000, 0x000000070a700000, 0x000000070a800000|  0%| F|  |TAMS 0x000000070a700000, 0x000000070a700000| Untracked 
| 140|0x000000070a800000, 0x000000070a800000, 0x000000070a900000|  0%| F|  |TAMS 0x000000070a800000, 0x000000070a800000| Untracked 
| 141|0x000000070a900000, 0x000000070a900000, 0x000000070aa00000|  0%| F|  |TAMS 0x000000070a900000, 0x000000070a900000| Untracked 
| 142|0x000000070aa00000, 0x000000070aa00000, 0x000000070ab00000|  0%| F|  |TAMS 0x000000070aa00000, 0x000000070aa00000| Untracked 
| 143|0x000000070ab00000, 0x000000070ab00000, 0x000000070ac00000|  0%| F|  |TAMS 0x000000070ab00000, 0x000000070ab00000| Untracked 
| 144|0x000000070ac00000, 0x000000070ac00000, 0x000000070ad00000|  0%| F|  |TAMS 0x000000070ac00000, 0x000000070ac00000| Untracked 
| 145|0x000000070ad00000, 0x000000070ad00000, 0x000000070ae00000|  0%| F|  |TAMS 0x000000070ad00000, 0x000000070ad00000| Untracked 
| 146|0x000000070ae00000, 0x000000070ae00000, 0x000000070af00000|  0%| F|  |TAMS 0x000000070ae00000, 0x000000070ae00000| Untracked 
| 147|0x000000070af00000, 0x000000070af00000, 0x000000070b000000|  0%| F|  |TAMS 0x000000070af00000, 0x000000070af00000| Untracked 
| 148|0x000000070b000000, 0x000000070b000000, 0x000000070b100000|  0%| F|  |TAMS 0x000000070b000000, 0x000000070b000000| Untracked 
| 149|0x000000070b100000, 0x000000070b100000, 0x000000070b200000|  0%| F|  |TAMS 0x000000070b100000, 0x000000070b100000| Untracked 
| 150|0x000000070b200000, 0x000000070b200000, 0x000000070b300000|  0%| F|  |TAMS 0x000000070b200000, 0x000000070b200000| Untracked 
| 151|0x000000070b300000, 0x000000070b300000, 0x000000070b400000|  0%| F|  |TAMS 0x000000070b300000, 0x000000070b300000| Untracked 
| 152|0x000000070b400000, 0x000000070b400000, 0x000000070b500000|  0%| F|  |TAMS 0x000000070b400000, 0x000000070b400000| Untracked 
| 153|0x000000070b500000, 0x000000070b500000, 0x000000070b600000|  0%| F|  |TAMS 0x000000070b500000, 0x000000070b500000| Untracked 
| 154|0x000000070b600000, 0x000000070b600000, 0x000000070b700000|  0%| F|  |TAMS 0x000000070b600000, 0x000000070b600000| Untracked 
| 155|0x000000070b700000, 0x000000070b700000, 0x000000070b800000|  0%| F|  |TAMS 0x000000070b700000, 0x000000070b700000| Untracked 
| 156|0x000000070b800000, 0x000000070b800000, 0x000000070b900000|  0%| F|  |TAMS 0x000000070b800000, 0x000000070b800000| Untracked 
| 157|0x000000070b900000, 0x000000070b900000, 0x000000070ba00000|  0%| F|  |TAMS 0x000000070b900000, 0x000000070b900000| Untracked 
| 158|0x000000070ba00000, 0x000000070ba00000, 0x000000070bb00000|  0%| F|  |TAMS 0x000000070ba00000, 0x000000070ba00000| Untracked 
| 159|0x000000070bb00000, 0x000000070bb00000, 0x000000070bc00000|  0%| F|  |TAMS 0x000000070bb00000, 0x000000070bb00000| Untracked 
| 160|0x000000070bc00000, 0x000000070bc00000, 0x000000070bd00000|  0%| F|  |TAMS 0x000000070bc00000, 0x000000070bc00000| Untracked 
| 161|0x000000070bd00000, 0x000000070bd00000, 0x000000070be00000|  0%| F|  |TAMS 0x000000070bd00000, 0x000000070bd00000| Untracked 
| 162|0x000000070be00000, 0x000000070be00000, 0x000000070bf00000|  0%| F|  |TAMS 0x000000070be00000, 0x000000070be00000| Untracked 
| 163|0x000000070bf00000, 0x000000070bf00000, 0x000000070c000000|  0%| F|  |TAMS 0x000000070bf00000, 0x000000070bf00000| Untracked 
| 164|0x000000070c000000, 0x000000070c000000, 0x000000070c100000|  0%| F|  |TAMS 0x000000070c000000, 0x000000070c000000| Untracked 
| 165|0x000000070c100000, 0x000000070c100000, 0x000000070c200000|  0%| F|  |TAMS 0x000000070c100000, 0x000000070c100000| Untracked 
| 166|0x000000070c200000, 0x000000070c200000, 0x000000070c300000|  0%| F|  |TAMS 0x000000070c200000, 0x000000070c200000| Untracked 
| 167|0x000000070c300000, 0x000000070c300000, 0x000000070c400000|  0%| F|  |TAMS 0x000000070c300000, 0x000000070c300000| Untracked 
| 168|0x000000070c400000, 0x000000070c400000, 0x000000070c500000|  0%| F|  |TAMS 0x000000070c400000, 0x000000070c400000| Untracked 
| 169|0x000000070c500000, 0x000000070c500000, 0x000000070c600000|  0%| F|  |TAMS 0x000000070c500000, 0x000000070c500000| Untracked 
| 170|0x000000070c600000, 0x000000070c600000, 0x000000070c700000|  0%| F|  |TAMS 0x000000070c600000, 0x000000070c600000| Untracked 
| 171|0x000000070c700000, 0x000000070c700000, 0x000000070c800000|  0%| F|  |TAMS 0x000000070c700000, 0x000000070c700000| Untracked 
| 172|0x000000070c800000, 0x000000070c800000, 0x000000070c900000|  0%| F|  |TAMS 0x000000070c800000, 0x000000070c800000| Untracked 
| 173|0x000000070c900000, 0x000000070c900000, 0x000000070ca00000|  0%| F|  |TAMS 0x000000070c900000, 0x000000070c900000| Untracked 
| 174|0x000000070ca00000, 0x000000070ca00000, 0x000000070cb00000|  0%| F|  |TAMS 0x000000070ca00000, 0x000000070ca00000| Untracked 
| 175|0x000000070cb00000, 0x000000070cb00000, 0x000000070cc00000|  0%| F|  |TAMS 0x000000070cb00000, 0x000000070cb00000| Untracked 
| 176|0x000000070cc00000, 0x000000070cc00000, 0x000000070cd00000|  0%| F|  |TAMS 0x000000070cc00000, 0x000000070cc00000| Untracked 
| 177|0x000000070cd00000, 0x000000070cd00000, 0x000000070ce00000|  0%| F|  |TAMS 0x000000070cd00000, 0x000000070cd00000| Untracked 
| 178|0x000000070ce00000, 0x000000070ce00000, 0x000000070cf00000|  0%| F|  |TAMS 0x000000070ce00000, 0x000000070ce00000| Untracked 
| 179|0x000000070cf00000, 0x000000070cf00000, 0x000000070d000000|  0%| F|  |TAMS 0x000000070cf00000, 0x000000070cf00000| Untracked 
| 180|0x000000070d000000, 0x000000070d000000, 0x000000070d100000|  0%| F|  |TAMS 0x000000070d000000, 0x000000070d000000| Untracked 
| 181|0x000000070d100000, 0x000000070d100000, 0x000000070d200000|  0%| F|  |TAMS 0x000000070d100000, 0x000000070d100000| Untracked 
| 182|0x000000070d200000, 0x000000070d200000, 0x000000070d300000|  0%| F|  |TAMS 0x000000070d200000, 0x000000070d200000| Untracked 
| 183|0x000000070d300000, 0x000000070d300000, 0x000000070d400000|  0%| F|  |TAMS 0x000000070d300000, 0x000000070d300000| Untracked 
| 184|0x000000070d400000, 0x000000070d400000, 0x000000070d500000|  0%| F|  |TAMS 0x000000070d400000, 0x000000070d400000| Untracked 
| 185|0x000000070d500000, 0x000000070d500000, 0x000000070d600000|  0%| F|  |TAMS 0x000000070d500000, 0x000000070d500000| Untracked 
| 186|0x000000070d600000, 0x000000070d600000, 0x000000070d700000|  0%| F|  |TAMS 0x000000070d600000, 0x000000070d600000| Untracked 
| 187|0x000000070d700000, 0x000000070d700000, 0x000000070d800000|  0%| F|  |TAMS 0x000000070d700000, 0x000000070d700000| Untracked 
| 188|0x000000070d800000, 0x000000070d800000, 0x000000070d900000|  0%| F|  |TAMS 0x000000070d800000, 0x000000070d800000| Untracked 
| 189|0x000000070d900000, 0x000000070d900000, 0x000000070da00000|  0%| F|  |TAMS 0x000000070d900000, 0x000000070d900000| Untracked 
| 190|0x000000070da00000, 0x000000070da00000, 0x000000070db00000|  0%| F|  |TAMS 0x000000070da00000, 0x000000070da00000| Untracked 
| 191|0x000000070db00000, 0x000000070db00000, 0x000000070dc00000|  0%| F|  |TAMS 0x000000070db00000, 0x000000070db00000| Untracked 
| 192|0x000000070dc00000, 0x000000070dc00000, 0x000000070dd00000|  0%| F|  |TAMS 0x000000070dc00000, 0x000000070dc00000| Untracked 
| 193|0x000000070dd00000, 0x000000070dd00000, 0x000000070de00000|  0%| F|  |TAMS 0x000000070dd00000, 0x000000070dd00000| Untracked 
| 194|0x000000070de00000, 0x000000070de00000, 0x000000070df00000|  0%| F|  |TAMS 0x000000070de00000, 0x000000070de00000| Untracked 
| 195|0x000000070df00000, 0x000000070df00000, 0x000000070e000000|  0%| F|  |TAMS 0x000000070df00000, 0x000000070df00000| Untracked 
| 196|0x000000070e000000, 0x000000070e000000, 0x000000070e100000|  0%| F|  |TAMS 0x000000070e000000, 0x000000070e000000| Untracked 
| 197|0x000000070e100000, 0x000000070e100000, 0x000000070e200000|  0%| F|  |TAMS 0x000000070e100000, 0x000000070e100000| Untracked 
| 198|0x000000070e200000, 0x000000070e200000, 0x000000070e300000|  0%| F|  |TAMS 0x000000070e200000, 0x000000070e200000| Untracked 
| 199|0x000000070e300000, 0x000000070e300000, 0x000000070e400000|  0%| F|  |TAMS 0x000000070e300000, 0x000000070e300000| Untracked 
| 200|0x000000070e400000, 0x000000070e400000, 0x000000070e500000|  0%| F|  |TAMS 0x000000070e400000, 0x000000070e400000| Untracked 
| 201|0x000000070e500000, 0x000000070e500000, 0x000000070e600000|  0%| F|  |TAMS 0x000000070e500000, 0x000000070e500000| Untracked 
| 202|0x000000070e600000, 0x000000070e600000, 0x000000070e700000|  0%| F|  |TAMS 0x000000070e600000, 0x000000070e600000| Untracked 
| 203|0x000000070e700000, 0x000000070e700000, 0x000000070e800000|  0%| F|  |TAMS 0x000000070e700000, 0x000000070e700000| Untracked 
| 204|0x000000070e800000, 0x000000070e800000, 0x000000070e900000|  0%| F|  |TAMS 0x000000070e800000, 0x000000070e800000| Untracked 
| 205|0x000000070e900000, 0x000000070e900000, 0x000000070ea00000|  0%| F|  |TAMS 0x000000070e900000, 0x000000070e900000| Untracked 
| 206|0x000000070ea00000, 0x000000070ea00000, 0x000000070eb00000|  0%| F|  |TAMS 0x000000070ea00000, 0x000000070ea00000| Untracked 
| 207|0x000000070eb00000, 0x000000070eb00000, 0x000000070ec00000|  0%| F|  |TAMS 0x000000070eb00000, 0x000000070eb00000| Untracked 
| 208|0x000000070ec00000, 0x000000070ec00000, 0x000000070ed00000|  0%| F|  |TAMS 0x000000070ec00000, 0x000000070ec00000| Untracked 
| 209|0x000000070ed00000, 0x000000070ed00000, 0x000000070ee00000|  0%| F|  |TAMS 0x000000070ed00000, 0x000000070ed00000| Untracked 
| 210|0x000000070ee00000, 0x000000070ee00000, 0x000000070ef00000|  0%| F|  |TAMS 0x000000070ee00000, 0x000000070ee00000| Untracked 
| 211|0x000000070ef00000, 0x000000070ef00000, 0x000000070f000000|  0%| F|  |TAMS 0x000000070ef00000, 0x000000070ef00000| Untracked 
| 212|0x000000070f000000, 0x000000070f000000, 0x000000070f100000|  0%| F|  |TAMS 0x000000070f000000, 0x000000070f000000| Untracked 
| 213|0x000000070f100000, 0x000000070f100000, 0x000000070f200000|  0%| F|  |TAMS 0x000000070f100000, 0x000000070f100000| Untracked 
| 214|0x000000070f200000, 0x000000070f200000, 0x000000070f300000|  0%| F|  |TAMS 0x000000070f200000, 0x000000070f200000| Untracked 
| 215|0x000000070f300000, 0x000000070f300000, 0x000000070f400000|  0%| F|  |TAMS 0x000000070f300000, 0x000000070f300000| Untracked 
| 216|0x000000070f400000, 0x000000070f400000, 0x000000070f500000|  0%| F|  |TAMS 0x000000070f400000, 0x000000070f400000| Untracked 
| 217|0x000000070f500000, 0x000000070f500000, 0x000000070f600000|  0%| F|  |TAMS 0x000000070f500000, 0x000000070f500000| Untracked 
| 218|0x000000070f600000, 0x000000070f600000, 0x000000070f700000|  0%| F|  |TAMS 0x000000070f600000, 0x000000070f600000| Untracked 
| 219|0x000000070f700000, 0x000000070f700000, 0x000000070f800000|  0%| F|  |TAMS 0x000000070f700000, 0x000000070f700000| Untracked 
| 220|0x000000070f800000, 0x000000070f800000, 0x000000070f900000|  0%| F|  |TAMS 0x000000070f800000, 0x000000070f800000| Untracked 
| 221|0x000000070f900000, 0x000000070f900000, 0x000000070fa00000|  0%| F|  |TAMS 0x000000070f900000, 0x000000070f900000| Untracked 
| 222|0x000000070fa00000, 0x000000070fa00000, 0x000000070fb00000|  0%| F|  |TAMS 0x000000070fa00000, 0x000000070fa00000| Untracked 
| 223|0x000000070fb00000, 0x000000070fb00000, 0x000000070fc00000|  0%| F|  |TAMS 0x000000070fb00000, 0x000000070fb00000| Untracked 
| 224|0x000000070fc00000, 0x000000070fc00000, 0x000000070fd00000|  0%| F|  |TAMS 0x000000070fc00000, 0x000000070fc00000| Untracked 
| 225|0x000000070fd00000, 0x000000070fd00000, 0x000000070fe00000|  0%| F|  |TAMS 0x000000070fd00000, 0x000000070fd00000| Untracked 
| 226|0x000000070fe00000, 0x000000070fe00000, 0x000000070ff00000|  0%| F|  |TAMS 0x000000070fe00000, 0x000000070fe00000| Untracked 
| 227|0x000000070ff00000, 0x000000070ff00000, 0x0000000710000000|  0%| F|  |TAMS 0x000000070ff00000, 0x000000070ff00000| Untracked 
| 228|0x0000000710000000, 0x0000000710000000, 0x0000000710100000|  0%| F|  |TAMS 0x0000000710000000, 0x0000000710000000| Untracked 
| 229|0x0000000710100000, 0x0000000710100000, 0x0000000710200000|  0%| F|  |TAMS 0x0000000710100000, 0x0000000710100000| Untracked 
| 230|0x0000000710200000, 0x0000000710200000, 0x0000000710300000|  0%| F|  |TAMS 0x0000000710200000, 0x0000000710200000| Untracked 
| 231|0x0000000710300000, 0x0000000710300000, 0x0000000710400000|  0%| F|  |TAMS 0x0000000710300000, 0x0000000710300000| Untracked 
| 232|0x0000000710400000, 0x0000000710400000, 0x0000000710500000|  0%| F|  |TAMS 0x0000000710400000, 0x0000000710400000| Untracked 
| 233|0x0000000710500000, 0x0000000710500000, 0x0000000710600000|  0%| F|  |TAMS 0x0000000710500000, 0x0000000710500000| Untracked 
| 234|0x0000000710600000, 0x0000000710600000, 0x0000000710700000|  0%| F|  |TAMS 0x0000000710600000, 0x0000000710600000| Untracked 
| 235|0x0000000710700000, 0x0000000710700000, 0x0000000710800000|  0%| F|  |TAMS 0x0000000710700000, 0x0000000710700000| Untracked 
| 236|0x0000000710800000, 0x0000000710800000, 0x0000000710900000|  0%| F|  |TAMS 0x0000000710800000, 0x0000000710800000| Untracked 
| 237|0x0000000710900000, 0x0000000710900000, 0x0000000710a00000|  0%| F|  |TAMS 0x0000000710900000, 0x0000000710900000| Untracked 
| 238|0x0000000710a00000, 0x0000000710a00000, 0x0000000710b00000|  0%| F|  |TAMS 0x0000000710a00000, 0x0000000710a00000| Untracked 
| 239|0x0000000710b00000, 0x0000000710b00000, 0x0000000710c00000|  0%| F|  |TAMS 0x0000000710b00000, 0x0000000710b00000| Untracked 
| 240|0x0000000710c00000, 0x0000000710c00000, 0x0000000710d00000|  0%| F|  |TAMS 0x0000000710c00000, 0x0000000710c00000| Untracked 
| 241|0x0000000710d00000, 0x0000000710d00000, 0x0000000710e00000|  0%| F|  |TAMS 0x0000000710d00000, 0x0000000710d00000| Untracked 
| 242|0x0000000710e00000, 0x0000000710e00000, 0x0000000710f00000|  0%| F|  |TAMS 0x0000000710e00000, 0x0000000710e00000| Untracked 
| 243|0x0000000710f00000, 0x0000000710f00000, 0x0000000711000000|  0%| F|  |TAMS 0x0000000710f00000, 0x0000000710f00000| Untracked 
| 244|0x0000000711000000, 0x0000000711000000, 0x0000000711100000|  0%| F|  |TAMS 0x0000000711000000, 0x0000000711000000| Untracked 
| 245|0x0000000711100000, 0x0000000711100000, 0x0000000711200000|  0%| F|  |TAMS 0x0000000711100000, 0x0000000711100000| Untracked 
| 246|0x0000000711200000, 0x0000000711200000, 0x0000000711300000|  0%| F|  |TAMS 0x0000000711200000, 0x0000000711200000| Untracked 
| 247|0x0000000711300000, 0x0000000711300000, 0x0000000711400000|  0%| F|  |TAMS 0x0000000711300000, 0x0000000711300000| Untracked 
| 248|0x0000000711400000, 0x0000000711400000, 0x0000000711500000|  0%| F|  |TAMS 0x0000000711400000, 0x0000000711400000| Untracked 
| 249|0x0000000711500000, 0x000000071157b628, 0x0000000711600000| 48%| E|  |TAMS 0x0000000711500000, 0x0000000711500000| Complete 
| 250|0x0000000711600000, 0x0000000711700000, 0x0000000711700000|100%| E|CS|TAMS 0x0000000711600000, 0x0000000711600000| Complete 
| 251|0x0000000711700000, 0x0000000711800000, 0x0000000711800000|100%| E|CS|TAMS 0x0000000711700000, 0x0000000711700000| Complete 
| 252|0x0000000711800000, 0x0000000711900000, 0x0000000711900000|100%| E|CS|TAMS 0x0000000711800000, 0x0000000711800000| Complete 
| 253|0x0000000711900000, 0x0000000711a00000, 0x0000000711a00000|100%| E|CS|TAMS 0x0000000711900000, 0x0000000711900000| Complete 
| 254|0x0000000711a00000, 0x0000000711b00000, 0x0000000711b00000|100%| E|CS|TAMS 0x0000000711a00000, 0x0000000711a00000| Complete 
| 255|0x0000000711b00000, 0x0000000711c00000, 0x0000000711c00000|100%| E|CS|TAMS 0x0000000711b00000, 0x0000000711b00000| Complete 

Card table byte_map: [0x0000022900800000,0x0000022901000000] _byte_map_base: 0x00000228fcff2000

Marking Bits (Prev, Next): (CMBitMap*) 0x000002296ae25128, (CMBitMap*) 0x000002296ae25160
 Prev Bits: [0x0000022901800000, 0x0000022905790000)
 Next Bits: [0x0000022905790000, 0x0000022909720000)

Polling page: 0x000002296ae90000

Metaspace:

Usage:
  Non-class:      4.48 MB capacity,     2.55 MB ( 57%) used,     1.93 MB ( 43%) free+waste,     9.69 KB ( <1%) overhead. 
      Class:    547.00 KB capacity,   326.25 KB ( 60%) used,   214.81 KB ( 39%) free+waste,     5.94 KB (  1%) overhead. 
       Both:      5.02 MB capacity,     2.87 MB ( 57%) used,     2.13 MB ( 43%) free+waste,    15.63 KB ( <1%) overhead. 

Virtual space:
  Non-class space:        8.00 MB reserved,       4.50 MB ( 56%) committed 
      Class space:        1.00 GB reserved,     640.00 KB ( <1%) committed 
             Both:        1.01 GB reserved,       5.13 MB ( <1%) committed 

Chunk freelists:
   Non-Class:  19.00 KB
       Class:  0 bytes
        Both:  19.00 KB

MaxMetaspaceSize: 17179869184.00 GB
CompressedClassSpaceSize: 1.00 GB

CodeHeap 'non-profiled nmethods': size=120000Kb used=181Kb max_used=181Kb free=119819Kb
 bounds [0x0000022977f20000, 0x0000022978190000, 0x000002297f450000]
CodeHeap 'profiled nmethods': size=120000Kb used=908Kb max_used=908Kb free=119091Kb
 bounds [0x00000229709f0000, 0x0000022970c60000, 0x0000022977f20000]
CodeHeap 'non-nmethods': size=5760Kb used=1146Kb max_used=1157Kb free=4613Kb
 bounds [0x0000022970450000, 0x00000229706c0000, 0x00000229709f0000]
 total_blobs=1490 nmethods=617 adapters=390
 compilation: enabled
              stopped_count=0, restarted_count=0
 full_count=0

Compilation events (20 events):
Event: 0.262 Thread 0x000002290c19b800  458       3       java.lang.StringUTF16::compress (20 bytes)
Event: 0.262 Thread 0x000002290c19b800 nmethod 458 0x0000022970a8e110 code [0x0000022970a8e2e0, 0x0000022970a8e570]
Event: 0.264 Thread 0x000002290c19b800  459       3       java.lang.String::checkBoundsOffCount (61 bytes)
Event: 0.265 Thread 0x000002290c19b800 nmethod 459 0x0000022970a8e610 code [0x0000022970a8e8e0, 0x0000022970a8f480]
Event: 0.269 Thread 0x000002290c19b800  460       3       java.lang.StringLatin1::toLowerCase (180 bytes)
Event: 0.270 Thread 0x000002290c19b800 nmethod 460 0x0000022970a8f890 code [0x0000022970a8fb40, 0x0000022970a90900]
Event: 0.270 Thread 0x000002290c19b800  461       3       java.util.HashMap::putVal (300 bytes)
Event: 0.271 Thread 0x000002290c19b800 nmethod 461 0x0000022970a90e10 code [0x0000022970a910e0, 0x0000022970a92440]
Event: 0.274 Thread 0x000002290c19b800  462       1       java.util.LinkedHashMap::removeEldestEntry (2 bytes)
Event: 0.274 Thread 0x000002290c19b800 nmethod 462 0x0000022977f45210 code [0x0000022977f453c0, 0x0000022977f454f8]
Event: 0.274 Thread 0x000002290c19b800  463       3       java.util.concurrent.ConcurrentHashMap::put (8 bytes)
Event: 0.275 Thread 0x000002290c19b800 nmethod 463 0x0000022970a92910 code [0x0000022970a92ac0, 0x0000022970a92c70]
Event: 0.275 Thread 0x000002290c19b800  464       3       java.lang.Character::toUpperCaseEx (30 bytes)
Event: 0.276 Thread 0x000002290c18d000  466       4       java.lang.CharacterData::of (120 bytes)
Event: 0.276 Thread 0x000002290c19b800 nmethod 464 0x0000022970a92d10 code [0x0000022970a92ee0, 0x0000022970a93140]
Event: 0.276 Thread 0x000002290c19b800  465       3       java.lang.CharacterDataLatin1::toUpperCaseEx (71 bytes)
Event: 0.276 Thread 0x000002290cb70800  468       4       java.lang.CharacterDataLatin1::toLowerCase (39 bytes)
Event: 0.276 Thread 0x000002290c19b800 nmethod 465 0x0000022970a93210 code [0x0000022970a933e0, 0x0000022970a93718]
Event: 0.276 Thread 0x000002290c19b800  469       3       java.util.LinkedHashMap::newNode (23 bytes)
Event: 0.276 Thread 0x000002290c18d000 nmethod 466 0x0000022977f45590 code [0x0000022977f45720, 0x0000022977f45798]

GC Heap History (0 events):
No events

Deoptimization events (20 events):
Event: 0.142 Thread 0x000002296adbd800 Uncommon trap: trap_request=0xffffffde fr.pc=0x0000022977f2e0b0 relative=0x0000000000000b30
Event: 0.142 Thread 0x000002296adbd800 Uncommon trap: reason=class_check action=maybe_recompile pc=0x0000022977f2e0b0 method=java.util.HashMap.putVal(ILjava/lang/Object;Ljava/lang/Object;ZZ)Ljava/lang/Object; @ 152 c2
Event: 0.142 Thread 0x000002296adbd800 DEOPT PACKING pc=0x0000022977f2e0b0 sp=0x000000b8657fb180
Event: 0.142 Thread 0x000002296adbd800 DEOPT UNPACKING pc=0x00000229704792af sp=0x000000b8657fb100 mode 2
Event: 0.142 Thread 0x000002296adbd800 Uncommon trap: trap_request=0xffffffde fr.pc=0x0000022977f2e0b0 relative=0x0000000000000b30
Event: 0.142 Thread 0x000002296adbd800 Uncommon trap: reason=class_check action=maybe_recompile pc=0x0000022977f2e0b0 method=java.util.HashMap.putVal(ILjava/lang/Object;Ljava/lang/Object;ZZ)Ljava/lang/Object; @ 152 c2
Event: 0.142 Thread 0x000002296adbd800 DEOPT PACKING pc=0x0000022977f2e0b0 sp=0x000000b8657fb180
Event: 0.142 Thread 0x000002296adbd800 DEOPT UNPACKING pc=0x00000229704792af sp=0x000000b8657fb100 mode 2
Event: 0.142 Thread 0x000002296adbd800 Uncommon trap: trap_request=0xffffffde fr.pc=0x0000022977f2e0b0 relative=0x0000000000000b30
Event: 0.142 Thread 0x000002296adbd800 Uncommon trap: reason=class_check action=maybe_recompile pc=0x0000022977f2e0b0 method=java.util.HashMap.putVal(ILjava/lang/Object;Ljava/lang/Object;ZZ)Ljava/lang/Object; @ 152 c2
Event: 0.142 Thread 0x000002296adbd800 DEOPT PACKING pc=0x0000022977f2e0b0 sp=0x000000b8657fb180
Event: 0.142 Thread 0x000002296adbd800 DEOPT UNPACKING pc=0x00000229704792af sp=0x000000b8657fb100 mode 2
Event: 0.158 Thread 0x000002296adbd800 Uncommon trap: trap_request=0xffffff4d fr.pc=0x0000022977f25da4 relative=0x0000000000000084
Event: 0.158 Thread 0x000002296adbd800 Uncommon trap: reason=unstable_if action=reinterpret pc=0x0000022977f25da4 method=java.lang.String.isLatin1()Z @ 10 c2
Event: 0.158 Thread 0x000002296adbd800 DEOPT PACKING pc=0x0000022977f25da4 sp=0x000000b8657fee00
Event: 0.158 Thread 0x000002296adbd800 DEOPT UNPACKING pc=0x00000229704792af sp=0x000000b8657fed40 mode 2
Event: 0.170 Thread 0x000002296adbd800 Uncommon trap: trap_request=0xffffff4d fr.pc=0x0000022977f33288 relative=0x0000000000000d88
Event: 0.170 Thread 0x000002296adbd800 Uncommon trap: reason=unstable_if action=reinterpret pc=0x0000022977f33288 method=java.util.HashMap.putVal(ILjava/lang/Object;Ljava/lang/Object;ZZ)Ljava/lang/Object; @ 181 c2
Event: 0.170 Thread 0x000002296adbd800 DEOPT PACKING pc=0x0000022977f33288 sp=0x000000b8657fef80
Event: 0.170 Thread 0x000002296adbd800 DEOPT UNPACKING pc=0x00000229704792af sp=0x000000b8657fef20 mode 2

Classes redefined (0 events):
No events

Internal exceptions (8 events):
Event: 0.170 Thread 0x000002296adbd800 Exception <a 'sun/nio/fs/WindowsException'{0x00000007119596f8}> (0x00000007119596f8) thrown at [c:/BuildAgent/work/5ff2f6c26000d570/src/hotspot/share/prims/jni.cpp, line 615]
Event: 0.192 Thread 0x000002296adbd800 Exception <a 'java/lang/NoSuchMethodError'{0x00000007119609d0}: 'void java.lang.invoke.DirectMethodHandle$Holder.invokeSpecial(java.lang.Object, java.lang.Object, int)'> (0x00000007119609d0) thrown at [c:/BuildAgent/work/5ff2f6c26000d570/src/hotspot/share
Event: 0.193 Thread 0x000002296adbd800 Exception <a 'java/lang/NoSuchMethodError'{0x00000007119671c8}: 'java.lang.Object java.lang.invoke.Invokers$Holder.linkToTargetMethod(java.lang.Object, int, java.lang.Object)'> (0x00000007119671c8) thrown at [c:/BuildAgent/work/5ff2f6c26000d570/src/hotspo
Event: 0.228 Thread 0x000002290cd3d800 Exception <a 'java/lang/NoSuchMethodError'{0x000000071170fd40}: 'java.lang.Object java.lang.invoke.DirectMethodHandle$Holder.invokeStatic(java.lang.Object, java.lang.Object, java.lang.Object, java.lang.Object, java.lang.Object, java.lang.Object, java.lang
Event: 0.232 Thread 0x000002290cd3d800 Exception <a 'java/lang/NoSuchMethodError'{0x000000071171dad8}: 'java.lang.Object java.lang.invoke.DirectMethodHandle$Holder.invokeStatic(java.lang.Object, java.lang.Object, java.lang.Object, java.lang.Object, java.lang.Object, java.lang.Object, java.lang
Event: 0.235 Thread 0x000002290cd3d800 Exception <a 'java/lang/NoSuchMethodError'{0x000000071172cc50}: 'java.lang.Object java.lang.invoke.DirectMethodHandle$Holder.invokeSpecial(java.lang.Object, java.lang.Object, int, int, java.lang.Object, java.lang.Object, java.lang.Object)'> (0x00000007117
Event: 0.236 Thread 0x000002290cd3d800 Exception <a 'java/lang/NoSuchMethodError'{0x00000007117301e0}: 'java.lang.Object java.lang.invoke.DelegatingMethodHandle$Holder.reinvoke_L(java.lang.Object, int, int, java.lang.Object, java.lang.Object, java.lang.Object)'> (0x00000007117301e0) thrown at 
Event: 0.236 Thread 0x000002290cd3d800 Exception <a 'java/lang/NoSuchMethodError'{0x00000007117342b8}: 'java.lang.Object java.lang.invoke.DirectMethodHandle$Holder.invokeStatic(java.lang.Object, java.lang.Object, java.lang.Object, java.lang.Object, int)'> (0x00000007117342b8) thrown at [c:/Bui

Events (20 events):
Event: 0.271 loading class jdk/internal/math/FloatingDecimal$ASCIIToBinaryBuffer
Event: 0.271 loading class jdk/internal/math/FloatingDecimal$ASCIIToBinaryBuffer done
Event: 0.271 loading class sun/security/jca/ProviderList$2
Event: 0.271 loading class sun/security/jca/ProviderList$2 done
Event: 0.272 loading class sun/security/provider/Sun
Event: 0.272 loading class sun/security/provider/Sun done
Event: 0.272 loading class sun/security/provider/SunEntries
Event: 0.273 loading class sun/security/provider/SunEntries done
Event: 0.273 loading class sun/security/provider/SunEntries$1
Event: 0.273 loading class sun/security/provider/SunEntries$1 done
Event: 0.273 loading class sun/security/provider/NativePRNG
Event: 0.273 loading class sun/security/provider/NativePRNG done
Event: 0.273 loading class sun/security/provider/NativePRNG$Blocking
Event: 0.273 loading class sun/security/provider/NativePRNG$Blocking done
Event: 0.273 loading class sun/security/provider/NativePRNG$NonBlocking
Event: 0.273 loading class sun/security/provider/NativePRNG$NonBlocking done
Event: 0.275 loading class java/security/Provider$Service
Event: 0.275 loading class java/security/Provider$Service done
Event: 0.275 loading class java/security/Provider$UString
Event: 0.275 loading class java/security/Provider$UString done


Dynamic libraries:
0x00007ff7c0c40000 - 0x00007ff7c0c4a000 	C:\Program Files\JetBrains\IntelliJ IDEA Community Edition 2019.3.1\jbr\bin\java.exe
0x00007ffcdcfa0000 - 0x00007ffcdd190000 	C:\WINDOWS\SYSTEM32\ntdll.dll
0x00007ffcdcc20000 - 0x00007ffcdccd2000 	C:\WINDOWS\System32\KERNEL32.DLL
0x00007ffcda0c0000 - 0x00007ffcda364000 	C:\WINDOWS\System32\KERNELBASE.dll
0x00007ffcda470000 - 0x00007ffcda56a000 	C:\WINDOWS\System32\ucrtbase.dll
0x00007ffca8440000 - 0x00007ffca8457000 	C:\Program Files\JetBrains\IntelliJ IDEA Community Edition 2019.3.1\jbr\bin\VCRUNTIME140.dll
0x00007ffcab0d0000 - 0x00007ffcab0e9000 	C:\Program Files\JetBrains\IntelliJ IDEA Community Edition 2019.3.1\jbr\bin\jli.dll
0x00007ffcdb210000 - 0x00007ffcdb3a5000 	C:\WINDOWS\System32\USER32.dll
0x00007ffcc9690000 - 0x00007ffcc9914000 	C:\WINDOWS\WinSxS\amd64_microsoft.windows.common-controls_6595b64144ccf1df_6.0.18362.1016_none_9e7a36bbe461dae4\COMCTL32.dll
0x00007ffcd9fc0000 - 0x00007ffcd9fe1000 	C:\WINDOWS\System32\win32u.dll
0x00007ffcdbc80000 - 0x00007ffcdbd1e000 	C:\WINDOWS\System32\msvcrt.dll
0x00007ffcdbc40000 - 0x00007ffcdbc66000 	C:\WINDOWS\System32\GDI32.dll
0x00007ffcdbe50000 - 0x00007ffcdc185000 	C:\WINDOWS\System32\combase.dll
0x00007ffcda6c0000 - 0x00007ffcda856000 	C:\WINDOWS\System32\gdi32full.dll
0x00007ffcdb050000 - 0x00007ffcdb170000 	C:\WINDOWS\System32\RPCRT4.dll
0x00007ffcd9f20000 - 0x00007ffcd9fbe000 	C:\WINDOWS\System32\msvcp_win.dll
0x00007ffcd9ff0000 - 0x00007ffcda070000 	C:\WINDOWS\System32\bcryptPrimitives.dll
0x00007ffcdce40000 - 0x00007ffcdce6e000 	C:\WINDOWS\System32\IMM32.DLL
0x00007ffca4d20000 - 0x00007ffca4dbd000 	C:\Program Files\JetBrains\IntelliJ IDEA Community Edition 2019.3.1\jbr\bin\msvcp140.dll
0x00007ffc64510000 - 0x00007ffc64fcb000 	C:\Program Files\JetBrains\IntelliJ IDEA Community Edition 2019.3.1\jbr\bin\server\jvm.dll
0x00007ffcdc1a0000 - 0x00007ffcdc243000 	C:\WINDOWS\System32\ADVAPI32.dll
0x00007ffcdb170000 - 0x00007ffcdb207000 	C:\WINDOWS\System32\sechost.dll
0x00007ffcdbc70000 - 0x00007ffcdbc78000 	C:\WINDOWS\System32\PSAPI.DLL
0x00007ffcd6400000 - 0x00007ffcd6424000 	C:\WINDOWS\SYSTEM32\WINMM.dll
0x00007ffcc4060000 - 0x00007ffcc4069000 	C:\WINDOWS\SYSTEM32\WSOCK32.dll
0x00007ffcd1a00000 - 0x00007ffcd1a0a000 	C:\WINDOWS\SYSTEM32\VERSION.dll
0x00007ffcdc250000 - 0x00007ffcdc2bf000 	C:\WINDOWS\System32\WS2_32.dll
0x00007ffcd63d0000 - 0x00007ffcd63fd000 	C:\WINDOWS\SYSTEM32\WINMMBASE.dll
0x00007ffcda070000 - 0x00007ffcda0ba000 	C:\WINDOWS\System32\cfgmgr32.dll
0x00007ffcd9eb0000 - 0x00007ffcd9ec1000 	C:\WINDOWS\System32\kernel.appcore.dll
0x00007ffcc60c0000 - 0x00007ffcc60d1000 	C:\Program Files\JetBrains\IntelliJ IDEA Community Edition 2019.3.1\jbr\bin\verify.dll
0x00007ffcd85a0000 - 0x00007ffcd8794000 	C:\WINDOWS\SYSTEM32\DBGHELP.DLL
0x00007ffcc0cb0000 - 0x00007ffcc0cda000 	C:\WINDOWS\SYSTEM32\dbgcore.DLL
0x00007ffcc09a0000 - 0x00007ffcc09c9000 	C:\Program Files\JetBrains\IntelliJ IDEA Community Edition 2019.3.1\jbr\bin\java.dll
0x00007ffcd2980000 - 0x00007ffcd298f000 	C:\Program Files\JetBrains\IntelliJ IDEA Community Edition 2019.3.1\jbr\bin\instrument.dll
0x00007ffcc5f20000 - 0x00007ffcc5f37000 	C:\Program Files\JetBrains\IntelliJ IDEA Community Edition 2019.3.1\jbr\bin\zip.dll
0x00007ffcc8160000 - 0x00007ffcc816b000 	C:\Program Files\JetBrains\IntelliJ IDEA Community Edition 2019.3.1\jbr\bin\jimage.dll
0x00007ffcdc2c0000 - 0x00007ffcdc9a7000 	C:\WINDOWS\System32\SHELL32.dll
0x00007ffcdb820000 - 0x00007ffcdb8c9000 	C:\WINDOWS\System32\shcore.dll
0x00007ffcda860000 - 0x00007ffcdafe2000 	C:\WINDOWS\System32\windows.storage.dll
0x00007ffcd9ed0000 - 0x00007ffcd9ef3000 	C:\WINDOWS\System32\profapi.dll
0x00007ffcd9e60000 - 0x00007ffcd9eaa000 	C:\WINDOWS\System32\powrprof.dll
0x00007ffcd9e50000 - 0x00007ffcd9e60000 	C:\WINDOWS\System32\UMPDC.dll
0x00007ffcdcae0000 - 0x00007ffcdcb32000 	C:\WINDOWS\System32\shlwapi.dll
0x00007ffcda420000 - 0x00007ffcda437000 	C:\WINDOWS\System32\cryptsp.dll
0x00007ffcbb0d0000 - 0x00007ffcbb0ea000 	C:\Program Files\JetBrains\IntelliJ IDEA Community Edition 2019.3.1\jbr\bin\net.dll
0x00007ffccbd90000 - 0x00007ffccbe80000 	C:\WINDOWS\SYSTEM32\WINHTTP.dll
0x00007ffcd96b0000 - 0x00007ffcd9717000 	C:\WINDOWS\system32\mswsock.dll
0x00007ffcac430000 - 0x00007ffcac444000 	C:\Program Files\JetBrains\IntelliJ IDEA Community Edition 2019.3.1\jbr\bin\nio.dll
0x00007ffcd2930000 - 0x00007ffcd294a000 	C:\Program Files\JetBrains\IntelliJ IDEA Community Edition 2019.3.1\bin\breakgen64.dll
0x00007ffcbb160000 - 0x00007ffcbb20c000 	C:\Users\Dell Precision\AppData\Local\Temp\jimgui1598080572783\jimgui.dll
0x00007ffcc9e30000 - 0x00007ffcc9ff7000 	C:\WINDOWS\SYSTEM32\d3d9.dll
0x00007ffcd8480000 - 0x00007ffcd84ad000 	C:\WINDOWS\SYSTEM32\dwmapi.dll
0x00007ffcceb30000 - 0x00007ffcceb41000 	C:\WINDOWS\SYSTEM32\XINPUT1_4.dll
0x00007ffc6c4c0000 - 0x00007ffc6c723000 	C:\WINDOWS\SYSTEM32\d3dx9_43.dll
0x00007ffcd8b00000 - 0x00007ffcd8b20000 	C:\WINDOWS\SYSTEM32\dxcore.dll
0x00007ffcd9c50000 - 0x00007ffcd9c7a000 	C:\WINDOWS\SYSTEM32\DEVOBJ.dll
0x00007ffcb58c0000 - 0x00007ffcb59db000 	C:\WINDOWS\SYSTEM32\inputhost.dll
0x00007ffcd7a00000 - 0x00007ffcd7af0000 	C:\WINDOWS\SYSTEM32\PROPSYS.dll
0x00007ffcd48a0000 - 0x00007ffcd4bca000 	C:\WINDOWS\SYSTEM32\CoreUIComponents.dll
0x00007ffcd5430000 - 0x00007ffcd5583000 	C:\WINDOWS\SYSTEM32\wintypes.dll
0x00007ffcd76d0000 - 0x00007ffcd77a4000 	C:\WINDOWS\SYSTEM32\CoreMessaging.dll
0x00007ffcdce70000 - 0x00007ffcdcf35000 	C:\WINDOWS\System32\OLEAUT32.dll
0x00007ffcd8e80000 - 0x00007ffcd8eb1000 	C:\WINDOWS\SYSTEM32\ntmarta.dll
0x00007ffcd7d40000 - 0x00007ffcd7dd9000 	C:\WINDOWS\system32\uxtheme.dll
0x00007ffcdb8d0000 - 0x00007ffcdba05000 	C:\WINDOWS\System32\MSCTF.dll
0x00007ffc982f0000 - 0x00007ffc98454000 	C:\WINDOWS\System32\DriverStore\FileRepository\iigd_dch.inf_amd64_020c2c7d3ac4a7d3\igdumdim64.dll
0x00007ffc83510000 - 0x00007ffc874ea000 	C:\WINDOWS\System32\DriverStore\FileRepository\iigd_dch.inf_amd64_020c2c7d3ac4a7d3\igd9dxva64.dll
0x00007ffcdcce0000 - 0x00007ffcdce37000 	C:\WINDOWS\System32\ole32.dll
0x00007ffcce8d0000 - 0x00007ffccea74000 	C:\WINDOWS\System32\DriverStore\FileRepository\iigd_dch.inf_amd64_020c2c7d3ac4a7d3\igdgmm64.dll
0x00007ffcd6430000 - 0x00007ffcd6456000 	C:\WINDOWS\System32\DriverStore\FileRepository\iigd_dch.inf_amd64_020c2c7d3ac4a7d3\igdinfo64.dll
0x00007ffccc430000 - 0x00007ffcce8cb000 	C:\WINDOWS\System32\DriverStore\FileRepository\iigd_dch.inf_amd64_020c2c7d3ac4a7d3\igc64.dll
0x00007ffcb59e0000 - 0x00007ffcb5a7e000 	C:\WINDOWS\System32\TextInputFramework.dll
0x00007ffcc8490000 - 0x00007ffcc8736000 	C:\WINDOWS\System32\iertutil.dll
0x00007ffca4ff0000 - 0x00007ffca5018000 	C:\Program Files\JetBrains\IntelliJ IDEA Community Edition 2019.3.1\jbr\bin\sunec.dll

dbghelp: loaded successfully - version: 4.0.5 - missing functions: none
symbol engine: initialized successfully - sym options: 0x614 - pdb path: .;C:\Program Files\JetBrains\IntelliJ IDEA Community Edition 2019.3.1\jbr\bin;C:\WINDOWS\SYSTEM32;C:\WINDOWS\WinSxS\amd64_microsoft.windows.common-controls_6595b64144ccf1df_6.0.18362.1016_none_9e7a36bbe461dae4;C:\Program Files\JetBrains\IntelliJ IDEA Community Edition 2019.3.1\jbr\bin\server;C:\Program Files\JetBrains\IntelliJ IDEA Community Edition 2019.3.1\bin;C:\Users\Dell Precision\AppData\Local\Temp\jimgui1598080572783;C:\WINDOWS\System32\DriverStore\FileRepository\iigd_dch.inf_amd64_020c2c7d3ac4a7d3

VM Arguments:
jvm_args: -javaagent:C:\Program Files\JetBrains\IntelliJ IDEA Community Edition 2019.3.1\lib\idea_rt.jar=54870:C:\Program Files\JetBrains\IntelliJ IDEA Community Edition 2019.3.1\bin -Dfile.encoding=UTF-8 
java_command: test.newsGui.main
java_class_path (initial): C:\Users\Dell Precision\IdeaProjects\stockimgui\out\production\stockimgui;C:\Users\Dell Precision\IdeaProjects\stockimgui\res\core-v0.9.jar;C:\Users\Dell Precision\.m2\repository\org\jetbrains\annotations\17.0.0\annotations-17.0.0.jar;C:\Users\Dell Precision\.m2\repository\junit\junit\4.12\junit-4.12.jar;C:\Users\Dell Precision\.m2\repository\org\hamcrest\hamcrest-core\1.3\hamcrest-core-1.3.jar;C:\Users\Dell Precision\IdeaProjects\stockimgui\res\extension-v0.9.jar;C:\Users\Dell Precision\IdeaProjects\stockimgui\res\json-20190722.jar;C:\Users\Dell Precision\IdeaProjects\stockimgui\res\jlayer-1.0.1.jar;C:\Users\Dell Precision\IdeaProjects\stockimgui\res\Java-WebSocket-1.5.1.jar;C:\Users\Dell Precision\IdeaProjects\stockimgui\res\slf4j-api-1.8.0-beta4.jar;C:\Users\Dell Precision\IdeaProjects\stockimgui\res\commons-io-2.7.jar;C:\Users\Dell Precision\IdeaProjects\stockimgui\res\pngj-2.1.1.jar;C:\Users\Dell Precision\IdeaProjects\stockimgui\res\rome-1.0.jar;C:\Users\Dell Precision\IdeaProjects\stockimgui\res\jdom-2.0.2.jar;C:\Users\Dell Precision\IdeaProjects\stockimgui\res\jdom-1.1.jar
Launcher Type: SUN_STANDARD

[Global flags]
     intx CICompilerCount                          = 4                                         {product} {ergonomic}
     uint ConcGCThreads                            = 2                                         {product} {ergonomic}
     uint G1ConcRefinementThreads                  = 8                                         {product} {ergonomic}
   size_t G1HeapRegionSize                         = 1048576                                   {product} {ergonomic}
    uintx GCDrainStackTargetSize                   = 64                                        {product} {ergonomic}
   size_t InitialHeapSize                          = 268435456                                 {product} {ergonomic}
   size_t MarkStackSize                            = 4194304                                   {product} {ergonomic}
   size_t MaxHeapSize                              = 4265607168                                {product} {ergonomic}
   size_t MaxNewSize                               = 2558525440                                {product} {ergonomic}
   size_t MinHeapDeltaBytes                        = 1048576                                   {product} {ergonomic}
    uintx NonNMethodCodeHeapSize                   = 5836300                                {pd product} {ergonomic}
    uintx NonProfiledCodeHeapSize                  = 122910970                              {pd product} {ergonomic}
    uintx ProfiledCodeHeapSize                     = 122910970                              {pd product} {ergonomic}
    uintx ReservedCodeCacheSize                    = 251658240                              {pd product} {ergonomic}
     bool SegmentedCodeCache                       = true                                      {product} {ergonomic}
     bool UseCompressedClassPointers               = true                                 {lp64_product} {ergonomic}
     bool UseCompressedOops                        = true                                 {lp64_product} {ergonomic}
     bool UseG1GC                                  = true                                      {product} {ergonomic}
     bool UseLargePagesIndividualAllocation        = false                                  {pd product} {ergonomic}

Logging:
Log output configuration:
 #0: stdout all=warning uptime,level,tags
 #1: stderr all=off uptime,level,tags

Environment Variables:
PATH=C:\Program Files (x86)\Common Files\Oracle\Java\javapath;C:\Program Files (x86)\Common Files\Intel\Shared Libraries\redist\intel64\compiler;C:\Windows\system32;C:\Windows;C:\Windows\System32\Wbem;C:\Windows\System32\WindowsPowerShell\v1.0\;C:\Windows\System32\OpenSSH\;C:\Program Files (x86)\NVIDIA Corporation\PhysX\Common;C:\WINDOWS\system32;C:\WINDOWS;C:\WINDOWS\System32\Wbem;C:\WINDOWS\System32\WindowsPowerShell\v1.0\;C:\WINDOWS\System32\OpenSSH\;C:\Program Files\dotnet\;C:\Program Files\PuTTY\;C:\Program Files\nodejs\;C:\Program Files (x86)\Yarn\bin\;C:\Program Files (x86)\Intel\Intel(R) Management Engine Components\DAL;C:\Program Files\Intel\Intel(R) Management Engine Components\DAL;C:\Program Files\Git\cmd;C:\Program Files\MongoDB\Server\4.2\bin;;C:\Program Files\Docker\Docker\resources\bin;C:\ProgramData\DockerDesktop\version-bin;C:\Program Files (x86)\openjdk-13.0.1\jdk-13.0.1\bin;C:\Users\Dell Precision\AppData\Local\Programs\Microsoft VS Code\bin;C:\Users\Dell Precision\AppData\Local\atom\bin;C:\Program Files\heroku\bin
USERNAME=Dell Precision
OS=Windows_NT
PROCESSOR_IDENTIFIER=Intel64 Family 6 Model 158 Stepping 9, GenuineIntel



---------------  S Y S T E M  ---------------

OS: Windows 10 , 64 bit Build 18362 (10.0.18362.959)

CPU:total 8 (initial active 8) (4 cores per cpu, 2 threads per core) family 6 model 158 stepping 9, cmov, cx8, fxsr, mmx, sse, sse2, sse3, ssse3, sse4.1, sse4.2, popcnt, avx, avx2, aes, clmul, erms, rtm, 3dnowpref, lzcnt, ht, tsc, tscinvbit, bmi1, bmi2, adx, fma

Memory: 4k page, system-wide physical 16265M (7199M free)
TotalPageFile size 28041M (AvailPageFile size 13984M)
current process WorkingSet (physical memory assigned to process): 72M, peak: 72M
current process commit charge ("private bytes"): 369M, peak: 369M

vm_info: OpenJDK 64-Bit Server VM (11.0.5+10-b520.17) for windows-amd64 JRE (11.0.5+10-b520.17), built on Dec  2 2019 12:11:34 by "" with MS VC++ 14.0 (VS2015)

END.
