#
# A fatal error has been detected by the Java Runtime Environment:
#
#  EXCEPTION_ACCESS_VIOLATION (0xc0000005) at pc=0x00007ffde1c2b404, pid=10352, tid=21132
#
# JRE version: OpenJDK Runtime Environment (11.0.5+10) (build 11.0.5+10-b520.17)
# Java VM: OpenJDK 64-Bit Server VM (11.0.5+10-b520.17, mixed mode, sharing, tiered, compressed oops, g1 gc, windows-amd64)
# Problematic frame:
# C  [jimgui.dll+0x2b404]
#
# No core dump will be written. Minidumps are not enabled by default on client versions of Windows
#
# If you would like to submit a bug report, please visit:
#   http://bugreport.java.com/bugreport/crash.jsp
# The crash happened outside the Java Virtual Machine in native code.
# See problematic frame for where to report the bug.
#

---------------  S U M M A R Y ------------

Command Line: -javaagent:C:\Program Files\JetBrains\IntelliJ IDEA Community Edition 2019.3.1\lib\idea_rt.jar=58942:C:\Program Files\JetBrains\IntelliJ IDEA Community Edition 2019.3.1\bin -Dfile.encoding=UTF-8 stock.test.bar.barTest

Host: Intel(R) Xeon(R) CPU E3-1505M v6 @ 3.00GHz, 8 cores, 15G,  Windows 10 , 64 bit Build 18362 (10.0.18362.900)
Time: Tue Jul 14 09:42:10 2020 Eastern Daylight Time elapsed time: 14 seconds (0d 0h 0m 14s)

---------------  T H R E A D  ---------------

Current thread (0x0000015bbd84b800):  JavaThread "main" [_thread_in_native, id=21132, stack(0x0000002c59c00000,0x0000002c59d00000)]

Stack: [0x0000002c59c00000,0x0000002c59d00000],  sp=0x0000002c59cff3e0,  free space=1020k
Native frames: (J=compiled Java code, j=interpreted, Vv=VM code, C=native code)
C  [jimgui.dll+0x2b404]

Java frames: (J=compiled Java code, j=interpreted, Vv=VM code)
j  org.ice1000.jimgui.JImGuiGen.endMenuBar()V+0
J 2697 c1 stock.test.bar.barTest.MenuBar(Lorg/ice1000/jimgui/JImGui;Lorg/ice1000/jimgui/NativeBool;Lorg/ice1000/jimgui/NativeBool;)V (62 bytes) @ 0x0000015bc3a6837c [0x0000015bc3a677e0+0x0000000000000b9c]
j  stock.test.bar.barTest.main([Ljava/lang/String;)V+309
v  ~StubRoutines::call_stub

siginfo: EXCEPTION_ACCESS_VIOLATION (0xc0000005), writing address 0xfffffffffffffffd


Register to memory mapping:

RIP=0x00007ffde1c2b404 jimgui.dll
RAX=0x0 is NULL
RBX=0x0000015bea90f9b0 points into unknown readable memory: 00 04 7e ea 5b 01 00 00
RCX=0x0 is NULL
RDX=0x0000000000000002 is an unknown value
RSP=0x0000002c59cff3e0 is pointing into the stack for thread: 0x0000015bbd84b800
RBP=0x0000002c59cff478 is pointing into the stack for thread: 0x0000015bbd84b800
RSI=0x0000015be1a480e0 is pointing into metadata
RDI=0x0000015be0ad1670 points into unknown readable memory: 01 01 01 01 5b 01 00 00
R8 =0x0000015bea90fc70 points into unknown readable memory: 01 00 00 00 08 00 00 00
R9 =0x0000015beac66300 points into unknown readable memory: 60 00 00 00 00 00 00 00
R10=0x0000015be09974a0 points into unknown readable memory: 90 ca 1d f5 fd 7f 00 00
R11=0x0000000000000002 is an unknown value
R12=0x0 is NULL
R13={method} {0x0000015bdf0356a8} 'endMenuBar' '()V' in 'org/ice1000/jimgui/JImGuiGen'
R14=0x0000002c59cff490 is pointing into the stack for thread: 0x0000015bbd84b800
R15=0x0000015bbd84b800 is a thread


Registers:
RAX=0x0000000000000000, RBX=0x0000015bea90f9b0, RCX=0x0000000000000000, RDX=0x0000000000000002
RSP=0x0000002c59cff3e0, RBP=0x0000002c59cff478, RSI=0x0000015be1a480e0, RDI=0x0000015be0ad1670
R8 =0x0000015bea90fc70, R9 =0x0000015beac66300, R10=0x0000015be09974a0, R11=0x0000000000000002
R12=0x0000000000000000, R13=0x0000015bdf0356a0, R14=0x0000002c59cff490, R15=0x0000015bbd84b800
RIP=0x00007ffde1c2b404, EFLAGS=0x0000000000010206

Top of Stack: (sp=0x0000002c59cff3e0)
0x0000002c59cff3e0:   0000002c59cff400 0000015bbd84b800
0x0000002c59cff3f0:   0000015bdf0356a0 0000015be1a480e0
0x0000002c59cff400:   0000015bdf0356a0 0000015bc2eef0f7
0x0000002c59cff410:   0000000000000290 0000000000000000
0x0000002c59cff420:   0000000000000001 0000015bc2eeed96
0x0000002c59cff430:   0000002c59cff430 0000015bdf0356a0
0x0000002c59cff440:   0000002c59cff490 0000015be1931858
0x0000002c59cff450:   0000000000000000 00000007103423b0
0x0000002c59cff460:   0000015bdf0356a0 0000000000000000
0x0000002c59cff470:   0000002c59cff4a0 0000002c59cff5a8
0x0000002c59cff480:   0000015bc3a6837c 00000007103423b0
0x0000002c59cff490:   0000015bc2eec018 0000015bc3a6837c
0x0000002c59cff4a0:   000000070aa91ab0 000000070aa91240
0x0000002c59cff4b0:   000000070aa91270 407771e626c5d72d
0x0000002c59cff4c0:   4077010fbdb8c00c 43ac70cf00000000
0x0000002c59cff4d0:   43aff78244b10000 44b3c00043a0f782 

Instructions: (pc=0x00007ffde1c2b404)
0x00007ffde1c2b304:   c6 80 80 00 00 00 01 48 8b 99 18 1a 00 00 80 bb
0x00007ffde1c2b314:   83 00 00 00 00 0f 85 19 01 00 00 48 89 7c 24 30
0x00007ffde1c2b324:   48 8b 3d f5 25 07 00 e8 90 49 fe ff 84 c0 0f 84
0x00007ffde1c2b334:   9b 00 00 00 83 bf fc 1b 00 00 01 0f 87 8e 00 00
0x00007ffde1c2b344:   00 48 8b 8f 60 1b 00 00 f7 41 0c 00 00 00 10 74
0x00007ffde1c2b354:   7e 48 8b 81 68 03 00 00 48 85 c0 74 18 f7 40 0c
0x00007ffde1c2b364:   00 00 00 10 74 0f 48 8b c8 48 8b 80 68 03 00 00
0x00007ffde1c2b374:   48 85 c0 75 e8 48 39 99 68 03 00 00 75 51 83 b9
0x00007ffde1c2b384:   74 01 00 00 00 75 48 83 bf f8 1b 00 00 00 75 3f
0x00007ffde1c2b394:   48 8b cb e8 24 f6 fd ff 8b 8b 94 03 00 00 4c 8d
0x00007ffde1c2b3a4:   83 a8 03 00 00 ba 01 00 00 00 e8 0d e7 fe ff c7
0x00007ffde1c2b3b4:   87 cc 1b 00 00 01 00 00 00 c6 87 d6 1b 00 00 01
0x00007ffde1c2b3c4:   c7 87 f8 1b 00 00 01 00 00 00 e8 1d 49 fe ff e8
0x00007ffde1c2b3d4:   e8 9f fe ff e8 23 a1 fe ff f3 0f 10 83 d0 00 00
0x00007ffde1c2b3e4:   00 f3 0f 5c 43 10 f3 0f 11 83 4c 01 00 00 48 63
0x00007ffde1c2b3f4:   83 c0 01 00 00 48 6b c8 2c 48 8b 83 c8 01 00 00
0x00007ffde1c2b404:   c6 44 01 fd 00 e8 12 e7 fd ff 48 8b 7c 24 30 c7
0x00007ffde1c2b414:   83 70 01 00 00 01 00 00 00 c7 83 38 01 00 00 00
0x00007ffde1c2b424:   00 00 00 c7 83 3c 01 00 00 01 00 00 00 c6 83 4a
0x00007ffde1c2b434:   01 00 00 00 48 83 c4 20 5b c3 cc cc 48 89 74 24
0x00007ffde1c2b444:   10 57 48 83 ec 20 48 8b 3d cf 24 07 00 48 8b b7
0x00007ffde1c2b454:   18 1a 00 00 80 be 83 00 00 00 00 0f 85 c8 00 00
0x00007ffde1c2b464:   00 48 89 5c 24 30 48 8b 9f 30 1f 00 00 48 85 db
0x00007ffde1c2b474:   0f 84 ae 00 00 00 80 7b 60 00 74 08 48 8b cb e8
0x00007ffde1c2b484:   f8 82 00 00 80 7b 61 00 75 27 83 7b 1c 00 74 21
0x00007ffde1c2b494:   8b 43 24 ff c0 3b 87 b0 19 00 00 7c 14 f3 0f 10
0x00007ffde1c2b4a4:   43 38 f3 0f 58 43 34 f3 0f 11 86 d4 00 00 00 eb
0x00007ffde1c2b4b4:   19 f3 0f 10 8e d4 00 00 00 0f 57 c0 f3 0f 5c 4b
0x00007ffde1c2b4c4:   34 f3 0f 5f c8 f3 0f 11 4b 38 f7 43 54 00 00 10
0x00007ffde1c2b4d4:   00 75 05 e8 24 a0 fe ff 48 63 8f 38 1f 00 00 8d
0x00007ffde1c2b4e4:   41 ff 89 87 38 1f 00 00 85 c0 75 04 33 c9 eb 2d
0x00007ffde1c2b4f4:   48 8d 41 fe 48 c1 e0 04 48 03 87 40 1f 00 00 48 


Stack slot to memory mapping:
stack at sp + 0 slots: 0x0000002c59cff400 is pointing into the stack for thread: 0x0000015bbd84b800
stack at sp + 1 slots: 0x0000015bbd84b800 is a thread
stack at sp + 2 slots: {method} {0x0000015bdf0356a8} 'endMenuBar' '()V' in 'org/ice1000/jimgui/JImGuiGen'
stack at sp + 3 slots: 0x0000015be1a480e0 is pointing into metadata
stack at sp + 4 slots: {method} {0x0000015bdf0356a8} 'endMenuBar' '()V' in 'org/ice1000/jimgui/JImGuiGen'
stack at sp + 5 slots: 0x0000015bc2eef0f7 is at code_begin+1047 in an Interpreter codelet
method entry point (kind = native)  [0x0000015bc2eeece0, 0x0000015bc2eef840]  2912 bytes
stack at sp + 6 slots: 0x0000000000000290 is an unknown value
stack at sp + 7 slots: 0x0 is NULL


---------------  P R O C E S S  ---------------

Threads class SMR info:
_java_thread_list=0x0000015be100dcf0, length=64, elements={
0x0000015bbd84b800, 0x0000015bdebc1000, 0x0000015bdebc2000, 0x0000015bdebda000,
0x0000015bdebdb000, 0x0000015bdebdd800, 0x0000015bdebe2800, 0x0000015bdebf3000,
0x0000015bdeba7000, 0x0000015bdf745800, 0x0000015bdf74a800, 0x0000015bdfabe800,
0x0000015bdf74e000, 0x0000015bdfe28000, 0x0000015bdfac7800, 0x0000015bdfcae000,
0x0000015be0774000, 0x0000015bdfcb3000, 0x0000015be06fe000, 0x0000015be0703000,
0x0000015be0702000, 0x0000015be0700800, 0x0000015be0701000, 0x0000015be0703800,
0x0000015be0704800, 0x0000015be06ff000, 0x0000015be0705800, 0x0000015be06ff800,
0x0000015be004c000, 0x0000015be004a000, 0x0000015be004d800, 0x0000015be004b000,
0x0000015be0049800, 0x0000015be004c800, 0x0000015be0051800, 0x0000015be0050800,
0x0000015be0053000, 0x0000015be0052800, 0x0000015be0054000, 0x0000015be004e000,
0x0000015be0055000, 0x0000015be004f000, 0x0000015be0050000, 0x0000015be0055800,
0x0000015be0056800, 0x0000015be0058000, 0x0000015be0057000, 0x0000015be103b800,
0x0000015be103e000, 0x0000015be103c800, 0x0000015be1040000, 0x0000015be103f000,
0x0000015be103a000, 0x0000015be103d800, 0x0000015be1040800, 0x0000015be103b000,
0x0000015be1044000, 0x0000015be1043000, 0x0000015be1047000, 0x0000015be1046800,
0x0000015be1164000, 0x0000015be1044800, 0x0000015be1045800, 0x0000015be1041800
}

Java Threads: ( => current thread )
=>0x0000015bbd84b800 JavaThread "main" [_thread_in_native, id=21132, stack(0x0000002c59c00000,0x0000002c59d00000)]
  0x0000015bdebc1000 JavaThread "Reference Handler" daemon [_thread_blocked, id=4440, stack(0x0000002c5a300000,0x0000002c5a400000)]
  0x0000015bdebc2000 JavaThread "Finalizer" daemon [_thread_blocked, id=5644, stack(0x0000002c5a400000,0x0000002c5a500000)]
  0x0000015bdebda000 JavaThread "Signal Dispatcher" daemon [_thread_blocked, id=21332, stack(0x0000002c5a500000,0x0000002c5a600000)]
  0x0000015bdebdb000 JavaThread "Attach Listener" daemon [_thread_blocked, id=3508, stack(0x0000002c5a600000,0x0000002c5a700000)]
  0x0000015bdebdd800 JavaThread "C2 CompilerThread0" daemon [_thread_in_native, id=23472, stack(0x0000002c5a700000,0x0000002c5a800000)]
  0x0000015bdebe2800 JavaThread "C1 CompilerThread0" daemon [_thread_blocked, id=8052, stack(0x0000002c5a800000,0x0000002c5a900000)]
  0x0000015bdebf3000 JavaThread "Sweeper thread" daemon [_thread_blocked, id=15908, stack(0x0000002c5a900000,0x0000002c5aa00000)]
  0x0000015bdeba7000 JavaThread "Common-Cleaner" daemon [_thread_blocked, id=14484, stack(0x0000002c5aa00000,0x0000002c5ab00000)]
  0x0000015bdf745800 JavaThread "Monitor Ctrl-Break" daemon [_thread_in_native, id=4296, stack(0x0000002c5ac00000,0x0000002c5ad00000)]
  0x0000015bdf74a800 JavaThread "Service Thread" daemon [_thread_blocked, id=23200, stack(0x0000002c5ad00000,0x0000002c5ae00000)]
  0x0000015bdfabe800 JavaThread "HttpClient-1-SelectorManager" daemon [_thread_in_native, id=21608, stack(0x0000002c5ab00000,0x0000002c5ac00000)]
  0x0000015bdf74e000 JavaThread "HttpClient-1-Worker-0" daemon [_thread_blocked, id=7808, stack(0x0000002c5b200000,0x0000002c5b300000)]
  0x0000015bdfe28000 JavaThread "HttpClient-1-Worker-1" daemon [_thread_blocked, id=19964, stack(0x0000002c5b300000,0x0000002c5b400000)]
  0x0000015bdfac7800 JavaThread "HttpClient-2-SelectorManager" daemon [_thread_in_native, id=17112, stack(0x0000002c5af00000,0x0000002c5b000000)]
  0x0000015bdfcae000 JavaThread "HttpClient-2-Worker-0" daemon [_thread_blocked, id=8320, stack(0x0000002c5b000000,0x0000002c5b100000)]
  0x0000015be0774000 JavaThread "HttpClient-2-Worker-1" daemon [_thread_blocked, id=9296, stack(0x0000002c5b900000,0x0000002c5ba00000)]
  0x0000015bdfcb3000 JavaThread "Timer-0" [_thread_blocked, id=21564, stack(0x0000002c5ba00000,0x0000002c5bb00000)]
  0x0000015be06fe000 JavaThread "HttpClient-3-SelectorManager" daemon [_thread_in_native, id=13988, stack(0x0000002c5bb00000,0x0000002c5bc00000)]
  0x0000015be0703000 JavaThread "HttpClient-3-Worker-0" daemon [_thread_blocked, id=5172, stack(0x0000002c5bd00000,0x0000002c5be00000)]
  0x0000015be0702000 JavaThread "HttpClient-3-Worker-1" daemon [_thread_blocked, id=19480, stack(0x0000002c5be00000,0x0000002c5bf00000)]
  0x0000015be0700800 JavaThread "HttpClient-4-SelectorManager" daemon [_thread_in_native, id=9184, stack(0x0000002c5bf00000,0x0000002c5c000000)]
  0x0000015be0701000 JavaThread "HttpClient-4-Worker-0" daemon [_thread_blocked, id=4356, stack(0x0000002c5c000000,0x0000002c5c100000)]
  0x0000015be0703800 JavaThread "HttpClient-4-Worker-1" daemon [_thread_blocked, id=23588, stack(0x0000002c5c200000,0x0000002c5c300000)]
  0x0000015be0704800 JavaThread "WebSocketConnectReadThread-29" [_thread_in_native, id=15408, stack(0x0000002c5c400000,0x0000002c5c500000)]
  0x0000015be06ff000 JavaThread "WebSocketConnectReadThread-30" [_thread_in_native, id=11340, stack(0x0000002c5c500000,0x0000002c5c600000)]
  0x0000015be0705800 JavaThread "WebSocketConnectReadThread-31" [_thread_in_native, id=7464, stack(0x0000002c5c600000,0x0000002c5c700000)]
  0x0000015be06ff800 JavaThread "WebSocketWriteThread-32" [_thread_blocked, id=22912, stack(0x0000002c5c700000,0x0000002c5c800000)]
  0x0000015be004c000 JavaThread "WebSocketWriteThread-33" [_thread_blocked, id=23004, stack(0x0000002c5c800000,0x0000002c5c900000)]
  0x0000015be004a000 JavaThread "WebSocketWriteThread-34" [_thread_blocked, id=14116, stack(0x0000002c5c900000,0x0000002c5ca00000)]
  0x0000015be004d800 JavaThread "connectionLostChecker-1" [_thread_blocked, id=7472, stack(0x0000002c5cb00000,0x0000002c5cc00000)]
  0x0000015be004b000 JavaThread "connectionLostChecker-1" [_thread_blocked, id=14120, stack(0x0000002c5cd00000,0x0000002c5ce00000)]
  0x0000015be0049800 JavaThread "HttpClient-5-SelectorManager" daemon [_thread_in_native, id=21372, stack(0x0000002c5ce00000,0x0000002c5cf00000)]
  0x0000015be004c800 JavaThread "connectionLostChecker-1" [_thread_blocked, id=2304, stack(0x0000002c5cf00000,0x0000002c5d000000)]
  0x0000015be0051800 JavaThread "HttpClient-5-Worker-0" daemon [_thread_blocked, id=17020, stack(0x0000002c5d000000,0x0000002c5d100000)]
  0x0000015be0050800 JavaThread "HttpClient-5-Worker-1" daemon [_thread_blocked, id=7076, stack(0x0000002c5d100000,0x0000002c5d200000)]
  0x0000015be0053000 JavaThread "HttpClient-6-SelectorManager" daemon [_thread_in_native, id=23524, stack(0x0000002c5d600000,0x0000002c5d700000)]
  0x0000015be0052800 JavaThread "HttpClient-6-Worker-0" daemon [_thread_blocked, id=19040, stack(0x0000002c5d700000,0x0000002c5d800000)]
  0x0000015be0054000 JavaThread "HttpClient-6-Worker-1" daemon [_thread_blocked, id=18544, stack(0x0000002c5d800000,0x0000002c5d900000)]
  0x0000015be004e000 JavaThread "HttpClient-7-SelectorManager" daemon [_thread_in_native, id=15980, stack(0x0000002c5cc00000,0x0000002c5cd00000)]
  0x0000015be0055000 JavaThread "HttpClient-7-Worker-0" daemon [_thread_blocked, id=14072, stack(0x0000002c5d900000,0x0000002c5da00000)]
  0x0000015be004f000 JavaThread "HttpClient-7-Worker-1" daemon [_thread_blocked, id=22228, stack(0x0000002c5da00000,0x0000002c5db00000)]
  0x0000015be0050000 JavaThread "HttpClient-8-SelectorManager" daemon [_thread_in_native, id=22068, stack(0x0000002c5db00000,0x0000002c5dc00000)]
  0x0000015be0055800 JavaThread "HttpClient-8-Worker-0" daemon [_thread_blocked, id=6224, stack(0x0000002c5dc00000,0x0000002c5dd00000)]
  0x0000015be0056800 JavaThread "HttpClient-8-Worker-1" daemon [_thread_blocked, id=22584, stack(0x0000002c5dd00000,0x0000002c5de00000)]
  0x0000015be0058000 JavaThread "HttpClient-9-SelectorManager" daemon [_thread_in_native, id=5464, stack(0x0000002c5de00000,0x0000002c5df00000)]
  0x0000015be0057000 JavaThread "HttpClient-9-Worker-0" daemon [_thread_blocked, id=23492, stack(0x0000002c5df00000,0x0000002c5e000000)]
  0x0000015be103b800 JavaThread "HttpClient-9-Worker-1" daemon [_thread_blocked, id=2928, stack(0x0000002c5e000000,0x0000002c5e100000)]
  0x0000015be103e000 JavaThread "HttpClient-10-SelectorManager" daemon [_thread_in_native, id=11380, stack(0x0000002c5e100000,0x0000002c5e200000)]
  0x0000015be103c800 JavaThread "HttpClient-10-Worker-0" daemon [_thread_blocked, id=10680, stack(0x0000002c5e200000,0x0000002c5e300000)]
  0x0000015be1040000 JavaThread "HttpClient-10-Worker-1" daemon [_thread_blocked, id=18528, stack(0x0000002c5e300000,0x0000002c5e400000)]
  0x0000015be103f000 JavaThread "HttpClient-11-SelectorManager" daemon [_thread_in_native, id=24208, stack(0x0000002c5e400000,0x0000002c5e500000)]
  0x0000015be103a000 JavaThread "HttpClient-11-Worker-0" daemon [_thread_blocked, id=8096, stack(0x0000002c5e500000,0x0000002c5e600000)]
  0x0000015be103d800 JavaThread "HttpClient-11-Worker-1" daemon [_thread_blocked, id=24016, stack(0x0000002c5e600000,0x0000002c5e700000)]
  0x0000015be1040800 JavaThread "HttpClient-12-SelectorManager" daemon [_thread_in_native, id=11176, stack(0x0000002c5e700000,0x0000002c5e800000)]
  0x0000015be103b000 JavaThread "HttpClient-12-Worker-0" daemon [_thread_blocked, id=7456, stack(0x0000002c5e800000,0x0000002c5e900000)]
  0x0000015be1044000 JavaThread "HttpClient-12-Worker-1" daemon [_thread_blocked, id=14132, stack(0x0000002c5e900000,0x0000002c5ea00000)]
  0x0000015be1043000 JavaThread "HttpClient-13-SelectorManager" daemon [_thread_in_native, id=20252, stack(0x0000002c5ea00000,0x0000002c5eb00000)]
  0x0000015be1047000 JavaThread "HttpClient-13-Worker-0" daemon [_thread_blocked, id=23188, stack(0x0000002c5eb00000,0x0000002c5ec00000)]
  0x0000015be1046800 JavaThread "HttpClient-13-Worker-1" daemon [_thread_blocked, id=2480, stack(0x0000002c5ec00000,0x0000002c5ed00000)]
  0x0000015be1164000 JavaThread "C2 CompilerThread1" daemon [_thread_in_native, id=9384, stack(0x0000002c5ed00000,0x0000002c5ee00000)]
  0x0000015be1044800 JavaThread "HttpClient-14-SelectorManager" daemon [_thread_in_native, id=22800, stack(0x0000002c5bc00000,0x0000002c5bd00000)]
  0x0000015be1045800 JavaThread "HttpClient-14-Worker-0" daemon [_thread_blocked, id=17700, stack(0x0000002c5ee00000,0x0000002c5ef00000)]
  0x0000015be1041800 JavaThread "HttpClient-14-Worker-1" daemon [_thread_blocked, id=10180, stack(0x0000002c5ef00000,0x0000002c5f000000)]

Other Threads:
  0x0000015bdebc0000 VMThread "VM Thread" [stack: 0x0000002c5a200000,0x0000002c5a300000] [id=7596]
  0x0000015bdf74b000 WatcherThread [stack: 0x0000002c5ae00000,0x0000002c5af00000] [id=24008]
  0x0000015bbd864800 GCTaskThread "GC Thread#0" [stack: 0x0000002c59d00000,0x0000002c59e00000] [id=13136]
  0x0000015be077b800 GCTaskThread "GC Thread#1" [stack: 0x0000002c5b400000,0x0000002c5b500000] [id=10632]
  0x0000015be010e000 GCTaskThread "GC Thread#2" [stack: 0x0000002c5b500000,0x0000002c5b600000] [id=3100]
  0x0000015bdfffa000 GCTaskThread "GC Thread#3" [stack: 0x0000002c5b600000,0x0000002c5b700000] [id=17064]
  0x0000015bdfffa800 GCTaskThread "GC Thread#4" [stack: 0x0000002c5b700000,0x0000002c5b800000] [id=20012]
  0x0000015be0915000 GCTaskThread "GC Thread#5" [stack: 0x0000002c5b800000,0x0000002c5b900000] [id=22344]
  0x0000015bbd8c1800 ConcurrentGCThread "G1 Main Marker" [stack: 0x0000002c59e00000,0x0000002c59f00000] [id=1696]
  0x0000015bbd8c5000 ConcurrentGCThread "G1 Conc#0" [stack: 0x0000002c59f00000,0x0000002c5a000000] [id=16720]
  0x0000015bdead0800 ConcurrentGCThread "G1 Refine#0" [stack: 0x0000002c5a000000,0x0000002c5a100000] [id=18104]
  0x0000015bdead3000 ConcurrentGCThread "G1 Young RemSet Sampling" [stack: 0x0000002c5a100000,0x0000002c5a200000] [id=4460]

Threads with active compile tasks:
C2 CompilerThread0  14345 2918       4       stock.test.bar.barTest::renderBars (2911 bytes)
C2 CompilerThread1  14345 2943       4       stock.alpaca.alpacaListener::renderListener (759 bytes)

VM state:not at safepoint (normal execution)

VM Mutex/Monitor currently owned by a thread: None

Heap address: 0x0000000701c00000, size: 4068 MB, Compressed Oops mode: Zero based, Oop shift amount: 3
Narrow klass base: 0x0000000800000000, Narrow klass shift: 3
Compressed class space size: 1073741824 Address: 0x0000000840000000

Heap:
 garbage-first heap   total 262144K, used 116526K [0x0000000701c00000, 0x0000000800000000)
  region size 1024K, 114 young (116736K), 3 survivors (3072K)
 Metaspace       used 13716K, capacity 14418K, committed 14720K, reserved 1062912K
  class space    used 1522K, capacity 1858K, committed 1920K, reserved 1048576K
Heap Regions: E=young(eden), S=young(survivor), O=old, HS=humongous(starts), HC=humongous(continues), CS=collection set, F=free, A=archive, TAMS=top-at-mark-start (previous, next)
|   0|0x0000000701c00000, 0x0000000701ccba00, 0x0000000701d00000| 79%| O|  |TAMS 0x0000000701c00000, 0x0000000701c00000| Untracked 
|   1|0x0000000701d00000, 0x0000000701d00000, 0x0000000701e00000|  0%| F|  |TAMS 0x0000000701d00000, 0x0000000701d00000| Untracked 
|   2|0x0000000701e00000, 0x0000000701e00000, 0x0000000701f00000|  0%| F|  |TAMS 0x0000000701e00000, 0x0000000701e00000| Untracked 
|   3|0x0000000701f00000, 0x0000000701f00000, 0x0000000702000000|  0%| F|  |TAMS 0x0000000701f00000, 0x0000000701f00000| Untracked 
|   4|0x0000000702000000, 0x0000000702000000, 0x0000000702100000|  0%| F|  |TAMS 0x0000000702000000, 0x0000000702000000| Untracked 
|   5|0x0000000702100000, 0x0000000702100000, 0x0000000702200000|  0%| F|  |TAMS 0x0000000702100000, 0x0000000702100000| Untracked 
|   6|0x0000000702200000, 0x0000000702200000, 0x0000000702300000|  0%| F|  |TAMS 0x0000000702200000, 0x0000000702200000| Untracked 
|   7|0x0000000702300000, 0x0000000702300000, 0x0000000702400000|  0%| F|  |TAMS 0x0000000702300000, 0x0000000702300000| Untracked 
|   8|0x0000000702400000, 0x0000000702400000, 0x0000000702500000|  0%| F|  |TAMS 0x0000000702400000, 0x0000000702400000| Untracked 
|   9|0x0000000702500000, 0x0000000702500000, 0x0000000702600000|  0%| F|  |TAMS 0x0000000702500000, 0x0000000702500000| Untracked 
|  10|0x0000000702600000, 0x0000000702600000, 0x0000000702700000|  0%| F|  |TAMS 0x0000000702600000, 0x0000000702600000| Untracked 
|  11|0x0000000702700000, 0x0000000702700000, 0x0000000702800000|  0%| F|  |TAMS 0x0000000702700000, 0x0000000702700000| Untracked 
|  12|0x0000000702800000, 0x0000000702800000, 0x0000000702900000|  0%| F|  |TAMS 0x0000000702800000, 0x0000000702800000| Untracked 
|  13|0x0000000702900000, 0x0000000702900000, 0x0000000702a00000|  0%| F|  |TAMS 0x0000000702900000, 0x0000000702900000| Untracked 
|  14|0x0000000702a00000, 0x0000000702a00000, 0x0000000702b00000|  0%| F|  |TAMS 0x0000000702a00000, 0x0000000702a00000| Untracked 
|  15|0x0000000702b00000, 0x0000000702b00000, 0x0000000702c00000|  0%| F|  |TAMS 0x0000000702b00000, 0x0000000702b00000| Untracked 
|  16|0x0000000702c00000, 0x0000000702c00000, 0x0000000702d00000|  0%| F|  |TAMS 0x0000000702c00000, 0x0000000702c00000| Untracked 
|  17|0x0000000702d00000, 0x0000000702d00000, 0x0000000702e00000|  0%| F|  |TAMS 0x0000000702d00000, 0x0000000702d00000| Untracked 
|  18|0x0000000702e00000, 0x0000000702e00000, 0x0000000702f00000|  0%| F|  |TAMS 0x0000000702e00000, 0x0000000702e00000| Untracked 
|  19|0x0000000702f00000, 0x0000000702f00000, 0x0000000703000000|  0%| F|  |TAMS 0x0000000702f00000, 0x0000000702f00000| Untracked 
|  20|0x0000000703000000, 0x0000000703000000, 0x0000000703100000|  0%| F|  |TAMS 0x0000000703000000, 0x0000000703000000| Untracked 
|  21|0x0000000703100000, 0x0000000703100000, 0x0000000703200000|  0%| F|  |TAMS 0x0000000703100000, 0x0000000703100000| Untracked 
|  22|0x0000000703200000, 0x0000000703200000, 0x0000000703300000|  0%| F|  |TAMS 0x0000000703200000, 0x0000000703200000| Untracked 
|  23|0x0000000703300000, 0x0000000703300000, 0x0000000703400000|  0%| F|  |TAMS 0x0000000703300000, 0x0000000703300000| Untracked 
|  24|0x0000000703400000, 0x0000000703400000, 0x0000000703500000|  0%| F|  |TAMS 0x0000000703400000, 0x0000000703400000| Untracked 
|  25|0x0000000703500000, 0x0000000703500000, 0x0000000703600000|  0%| F|  |TAMS 0x0000000703500000, 0x0000000703500000| Untracked 
|  26|0x0000000703600000, 0x0000000703600000, 0x0000000703700000|  0%| F|  |TAMS 0x0000000703600000, 0x0000000703600000| Untracked 
|  27|0x0000000703700000, 0x0000000703700000, 0x0000000703800000|  0%| F|  |TAMS 0x0000000703700000, 0x0000000703700000| Untracked 
|  28|0x0000000703800000, 0x0000000703800000, 0x0000000703900000|  0%| F|  |TAMS 0x0000000703800000, 0x0000000703800000| Untracked 
|  29|0x0000000703900000, 0x0000000703900000, 0x0000000703a00000|  0%| F|  |TAMS 0x0000000703900000, 0x0000000703900000| Untracked 
|  30|0x0000000703a00000, 0x0000000703a00000, 0x0000000703b00000|  0%| F|  |TAMS 0x0000000703a00000, 0x0000000703a00000| Untracked 
|  31|0x0000000703b00000, 0x0000000703b00000, 0x0000000703c00000|  0%| F|  |TAMS 0x0000000703b00000, 0x0000000703b00000| Untracked 
|  32|0x0000000703c00000, 0x0000000703c00000, 0x0000000703d00000|  0%| F|  |TAMS 0x0000000703c00000, 0x0000000703c00000| Untracked 
|  33|0x0000000703d00000, 0x0000000703d00000, 0x0000000703e00000|  0%| F|  |TAMS 0x0000000703d00000, 0x0000000703d00000| Untracked 
|  34|0x0000000703e00000, 0x0000000703e00000, 0x0000000703f00000|  0%| F|  |TAMS 0x0000000703e00000, 0x0000000703e00000| Untracked 
|  35|0x0000000703f00000, 0x0000000703f00000, 0x0000000704000000|  0%| F|  |TAMS 0x0000000703f00000, 0x0000000703f00000| Untracked 
|  36|0x0000000704000000, 0x0000000704000000, 0x0000000704100000|  0%| F|  |TAMS 0x0000000704000000, 0x0000000704000000| Untracked 
|  37|0x0000000704100000, 0x0000000704100000, 0x0000000704200000|  0%| F|  |TAMS 0x0000000704100000, 0x0000000704100000| Untracked 
|  38|0x0000000704200000, 0x0000000704200000, 0x0000000704300000|  0%| F|  |TAMS 0x0000000704200000, 0x0000000704200000| Untracked 
|  39|0x0000000704300000, 0x0000000704300000, 0x0000000704400000|  0%| F|  |TAMS 0x0000000704300000, 0x0000000704300000| Untracked 
|  40|0x0000000704400000, 0x0000000704400000, 0x0000000704500000|  0%| F|  |TAMS 0x0000000704400000, 0x0000000704400000| Untracked 
|  41|0x0000000704500000, 0x0000000704500000, 0x0000000704600000|  0%| F|  |TAMS 0x0000000704500000, 0x0000000704500000| Untracked 
|  42|0x0000000704600000, 0x0000000704600000, 0x0000000704700000|  0%| F|  |TAMS 0x0000000704600000, 0x0000000704600000| Untracked 
|  43|0x0000000704700000, 0x0000000704700000, 0x0000000704800000|  0%| F|  |TAMS 0x0000000704700000, 0x0000000704700000| Untracked 
|  44|0x0000000704800000, 0x0000000704800000, 0x0000000704900000|  0%| F|  |TAMS 0x0000000704800000, 0x0000000704800000| Untracked 
|  45|0x0000000704900000, 0x0000000704900000, 0x0000000704a00000|  0%| F|  |TAMS 0x0000000704900000, 0x0000000704900000| Untracked 
|  46|0x0000000704a00000, 0x0000000704a00000, 0x0000000704b00000|  0%| F|  |TAMS 0x0000000704a00000, 0x0000000704a00000| Untracked 
|  47|0x0000000704b00000, 0x0000000704b00000, 0x0000000704c00000|  0%| F|  |TAMS 0x0000000704b00000, 0x0000000704b00000| Untracked 
|  48|0x0000000704c00000, 0x0000000704c00000, 0x0000000704d00000|  0%| F|  |TAMS 0x0000000704c00000, 0x0000000704c00000| Untracked 
|  49|0x0000000704d00000, 0x0000000704d00000, 0x0000000704e00000|  0%| F|  |TAMS 0x0000000704d00000, 0x0000000704d00000| Untracked 
|  50|0x0000000704e00000, 0x0000000704e00000, 0x0000000704f00000|  0%| F|  |TAMS 0x0000000704e00000, 0x0000000704e00000| Untracked 
|  51|0x0000000704f00000, 0x0000000704f00000, 0x0000000705000000|  0%| F|  |TAMS 0x0000000704f00000, 0x0000000704f00000| Untracked 
|  52|0x0000000705000000, 0x0000000705000000, 0x0000000705100000|  0%| F|  |TAMS 0x0000000705000000, 0x0000000705000000| Untracked 
|  53|0x0000000705100000, 0x0000000705100000, 0x0000000705200000|  0%| F|  |TAMS 0x0000000705100000, 0x0000000705100000| Untracked 
|  54|0x0000000705200000, 0x0000000705200000, 0x0000000705300000|  0%| F|  |TAMS 0x0000000705200000, 0x0000000705200000| Untracked 
|  55|0x0000000705300000, 0x0000000705300000, 0x0000000705400000|  0%| F|  |TAMS 0x0000000705300000, 0x0000000705300000| Untracked 
|  56|0x0000000705400000, 0x0000000705400000, 0x0000000705500000|  0%| F|  |TAMS 0x0000000705400000, 0x0000000705400000| Untracked 
|  57|0x0000000705500000, 0x0000000705500000, 0x0000000705600000|  0%| F|  |TAMS 0x0000000705500000, 0x0000000705500000| Untracked 
|  58|0x0000000705600000, 0x0000000705600000, 0x0000000705700000|  0%| F|  |TAMS 0x0000000705600000, 0x0000000705600000| Untracked 
|  59|0x0000000705700000, 0x0000000705700000, 0x0000000705800000|  0%| F|  |TAMS 0x0000000705700000, 0x0000000705700000| Untracked 
|  60|0x0000000705800000, 0x0000000705800000, 0x0000000705900000|  0%| F|  |TAMS 0x0000000705800000, 0x0000000705800000| Untracked 
|  61|0x0000000705900000, 0x0000000705900000, 0x0000000705a00000|  0%| F|  |TAMS 0x0000000705900000, 0x0000000705900000| Untracked 
|  62|0x0000000705a00000, 0x0000000705a00000, 0x0000000705b00000|  0%| F|  |TAMS 0x0000000705a00000, 0x0000000705a00000| Untracked 
|  63|0x0000000705b00000, 0x0000000705b00000, 0x0000000705c00000|  0%| F|  |TAMS 0x0000000705b00000, 0x0000000705b00000| Untracked 
|  64|0x0000000705c00000, 0x0000000705c00000, 0x0000000705d00000|  0%| F|  |TAMS 0x0000000705c00000, 0x0000000705c00000| Untracked 
|  65|0x0000000705d00000, 0x0000000705d00000, 0x0000000705e00000|  0%| F|  |TAMS 0x0000000705d00000, 0x0000000705d00000| Untracked 
|  66|0x0000000705e00000, 0x0000000705e00000, 0x0000000705f00000|  0%| F|  |TAMS 0x0000000705e00000, 0x0000000705e00000| Untracked 
|  67|0x0000000705f00000, 0x0000000705f00000, 0x0000000706000000|  0%| F|  |TAMS 0x0000000705f00000, 0x0000000705f00000| Untracked 
|  68|0x0000000706000000, 0x0000000706000000, 0x0000000706100000|  0%| F|  |TAMS 0x0000000706000000, 0x0000000706000000| Untracked 
|  69|0x0000000706100000, 0x0000000706100000, 0x0000000706200000|  0%| F|  |TAMS 0x0000000706100000, 0x0000000706100000| Untracked 
|  70|0x0000000706200000, 0x0000000706200000, 0x0000000706300000|  0%| F|  |TAMS 0x0000000706200000, 0x0000000706200000| Untracked 
|  71|0x0000000706300000, 0x0000000706300000, 0x0000000706400000|  0%| F|  |TAMS 0x0000000706300000, 0x0000000706300000| Untracked 
|  72|0x0000000706400000, 0x0000000706400000, 0x0000000706500000|  0%| F|  |TAMS 0x0000000706400000, 0x0000000706400000| Untracked 
|  73|0x0000000706500000, 0x0000000706500000, 0x0000000706600000|  0%| F|  |TAMS 0x0000000706500000, 0x0000000706500000| Untracked 
|  74|0x0000000706600000, 0x0000000706600000, 0x0000000706700000|  0%| F|  |TAMS 0x0000000706600000, 0x0000000706600000| Untracked 
|  75|0x0000000706700000, 0x0000000706700000, 0x0000000706800000|  0%| F|  |TAMS 0x0000000706700000, 0x0000000706700000| Untracked 
|  76|0x0000000706800000, 0x0000000706800000, 0x0000000706900000|  0%| F|  |TAMS 0x0000000706800000, 0x0000000706800000| Untracked 
|  77|0x0000000706900000, 0x0000000706900000, 0x0000000706a00000|  0%| F|  |TAMS 0x0000000706900000, 0x0000000706900000| Untracked 
|  78|0x0000000706a00000, 0x0000000706a00000, 0x0000000706b00000|  0%| F|  |TAMS 0x0000000706a00000, 0x0000000706a00000| Untracked 
|  79|0x0000000706b00000, 0x0000000706b00000, 0x0000000706c00000|  0%| F|  |TAMS 0x0000000706b00000, 0x0000000706b00000| Untracked 
|  80|0x0000000706c00000, 0x0000000706c00000, 0x0000000706d00000|  0%| F|  |TAMS 0x0000000706c00000, 0x0000000706c00000| Untracked 
|  81|0x0000000706d00000, 0x0000000706d00000, 0x0000000706e00000|  0%| F|  |TAMS 0x0000000706d00000, 0x0000000706d00000| Untracked 
|  82|0x0000000706e00000, 0x0000000706e00000, 0x0000000706f00000|  0%| F|  |TAMS 0x0000000706e00000, 0x0000000706e00000| Untracked 
|  83|0x0000000706f00000, 0x0000000706f00000, 0x0000000707000000|  0%| F|  |TAMS 0x0000000706f00000, 0x0000000706f00000| Untracked 
|  84|0x0000000707000000, 0x0000000707000000, 0x0000000707100000|  0%| F|  |TAMS 0x0000000707000000, 0x0000000707000000| Untracked 
|  85|0x0000000707100000, 0x0000000707100000, 0x0000000707200000|  0%| F|  |TAMS 0x0000000707100000, 0x0000000707100000| Untracked 
|  86|0x0000000707200000, 0x0000000707200000, 0x0000000707300000|  0%| F|  |TAMS 0x0000000707200000, 0x0000000707200000| Untracked 
|  87|0x0000000707300000, 0x0000000707300000, 0x0000000707400000|  0%| F|  |TAMS 0x0000000707300000, 0x0000000707300000| Untracked 
|  88|0x0000000707400000, 0x0000000707400000, 0x0000000707500000|  0%| F|  |TAMS 0x0000000707400000, 0x0000000707400000| Untracked 
|  89|0x0000000707500000, 0x0000000707500000, 0x0000000707600000|  0%| F|  |TAMS 0x0000000707500000, 0x0000000707500000| Untracked 
|  90|0x0000000707600000, 0x0000000707600000, 0x0000000707700000|  0%| F|  |TAMS 0x0000000707600000, 0x0000000707600000| Untracked 
|  91|0x0000000707700000, 0x0000000707700000, 0x0000000707800000|  0%| F|  |TAMS 0x0000000707700000, 0x0000000707700000| Untracked 
|  92|0x0000000707800000, 0x0000000707800000, 0x0000000707900000|  0%| F|  |TAMS 0x0000000707800000, 0x0000000707800000| Untracked 
|  93|0x0000000707900000, 0x0000000707900000, 0x0000000707a00000|  0%| F|  |TAMS 0x0000000707900000, 0x0000000707900000| Untracked 
|  94|0x0000000707a00000, 0x0000000707a00000, 0x0000000707b00000|  0%| F|  |TAMS 0x0000000707a00000, 0x0000000707a00000| Untracked 
|  95|0x0000000707b00000, 0x0000000707b00000, 0x0000000707c00000|  0%| F|  |TAMS 0x0000000707b00000, 0x0000000707b00000| Untracked 
|  96|0x0000000707c00000, 0x0000000707c00000, 0x0000000707d00000|  0%| F|  |TAMS 0x0000000707c00000, 0x0000000707c00000| Untracked 
|  97|0x0000000707d00000, 0x0000000707d00000, 0x0000000707e00000|  0%| F|  |TAMS 0x0000000707d00000, 0x0000000707d00000| Untracked 
|  98|0x0000000707e00000, 0x0000000707e00000, 0x0000000707f00000|  0%| F|  |TAMS 0x0000000707e00000, 0x0000000707e00000| Untracked 
|  99|0x0000000707f00000, 0x0000000707f00000, 0x0000000708000000|  0%| F|  |TAMS 0x0000000707f00000, 0x0000000707f00000| Untracked 
| 100|0x0000000708000000, 0x0000000708000000, 0x0000000708100000|  0%| F|  |TAMS 0x0000000708000000, 0x0000000708000000| Untracked 
| 101|0x0000000708100000, 0x0000000708100000, 0x0000000708200000|  0%| F|  |TAMS 0x0000000708100000, 0x0000000708100000| Untracked 
| 102|0x0000000708200000, 0x0000000708200000, 0x0000000708300000|  0%| F|  |TAMS 0x0000000708200000, 0x0000000708200000| Untracked 
| 103|0x0000000708300000, 0x0000000708300000, 0x0000000708400000|  0%| F|  |TAMS 0x0000000708300000, 0x0000000708300000| Untracked 
| 104|0x0000000708400000, 0x0000000708400000, 0x0000000708500000|  0%| F|  |TAMS 0x0000000708400000, 0x0000000708400000| Untracked 
| 105|0x0000000708500000, 0x0000000708500000, 0x0000000708600000|  0%| F|  |TAMS 0x0000000708500000, 0x0000000708500000| Untracked 
| 106|0x0000000708600000, 0x0000000708600000, 0x0000000708700000|  0%| F|  |TAMS 0x0000000708600000, 0x0000000708600000| Untracked 
| 107|0x0000000708700000, 0x0000000708700000, 0x0000000708800000|  0%| F|  |TAMS 0x0000000708700000, 0x0000000708700000| Untracked 
| 108|0x0000000708800000, 0x0000000708800000, 0x0000000708900000|  0%| F|  |TAMS 0x0000000708800000, 0x0000000708800000| Untracked 
| 109|0x0000000708900000, 0x0000000708900000, 0x0000000708a00000|  0%| F|  |TAMS 0x0000000708900000, 0x0000000708900000| Untracked 
| 110|0x0000000708a00000, 0x0000000708a00000, 0x0000000708b00000|  0%| F|  |TAMS 0x0000000708a00000, 0x0000000708a00000| Untracked 
| 111|0x0000000708b00000, 0x0000000708b00000, 0x0000000708c00000|  0%| F|  |TAMS 0x0000000708b00000, 0x0000000708b00000| Untracked 
| 112|0x0000000708c00000, 0x0000000708c00000, 0x0000000708d00000|  0%| F|  |TAMS 0x0000000708c00000, 0x0000000708c00000| Untracked 
| 113|0x0000000708d00000, 0x0000000708d00000, 0x0000000708e00000|  0%| F|  |TAMS 0x0000000708d00000, 0x0000000708d00000| Untracked 
| 114|0x0000000708e00000, 0x0000000708e00000, 0x0000000708f00000|  0%| F|  |TAMS 0x0000000708e00000, 0x0000000708e00000| Untracked 
| 115|0x0000000708f00000, 0x0000000708f00000, 0x0000000709000000|  0%| F|  |TAMS 0x0000000708f00000, 0x0000000708f00000| Untracked 
| 116|0x0000000709000000, 0x0000000709000000, 0x0000000709100000|  0%| F|  |TAMS 0x0000000709000000, 0x0000000709000000| Untracked 
| 117|0x0000000709100000, 0x0000000709100000, 0x0000000709200000|  0%| F|  |TAMS 0x0000000709100000, 0x0000000709100000| Untracked 
| 118|0x0000000709200000, 0x0000000709200000, 0x0000000709300000|  0%| F|  |TAMS 0x0000000709200000, 0x0000000709200000| Untracked 
| 119|0x0000000709300000, 0x0000000709300000, 0x0000000709400000|  0%| F|  |TAMS 0x0000000709300000, 0x0000000709300000| Untracked 
| 120|0x0000000709400000, 0x0000000709400000, 0x0000000709500000|  0%| F|  |TAMS 0x0000000709400000, 0x0000000709400000| Untracked 
| 121|0x0000000709500000, 0x0000000709500000, 0x0000000709600000|  0%| F|  |TAMS 0x0000000709500000, 0x0000000709500000| Untracked 
| 122|0x0000000709600000, 0x0000000709600000, 0x0000000709700000|  0%| F|  |TAMS 0x0000000709600000, 0x0000000709600000| Untracked 
| 123|0x0000000709700000, 0x0000000709700000, 0x0000000709800000|  0%| F|  |TAMS 0x0000000709700000, 0x0000000709700000| Untracked 
| 124|0x0000000709800000, 0x0000000709800000, 0x0000000709900000|  0%| F|  |TAMS 0x0000000709800000, 0x0000000709800000| Untracked 
| 125|0x0000000709900000, 0x0000000709900000, 0x0000000709a00000|  0%| F|  |TAMS 0x0000000709900000, 0x0000000709900000| Untracked 
| 126|0x0000000709a00000, 0x0000000709a00000, 0x0000000709b00000|  0%| F|  |TAMS 0x0000000709a00000, 0x0000000709a00000| Untracked 
| 127|0x0000000709b00000, 0x0000000709b00000, 0x0000000709c00000|  0%| F|  |TAMS 0x0000000709b00000, 0x0000000709b00000| Untracked 
| 128|0x0000000709c00000, 0x0000000709c00000, 0x0000000709d00000|  0%| F|  |TAMS 0x0000000709c00000, 0x0000000709c00000| Untracked 
| 129|0x0000000709d00000, 0x0000000709d00000, 0x0000000709e00000|  0%| F|  |TAMS 0x0000000709d00000, 0x0000000709d00000| Untracked 
| 130|0x0000000709e00000, 0x0000000709e00000, 0x0000000709f00000|  0%| F|  |TAMS 0x0000000709e00000, 0x0000000709e00000| Untracked 
| 131|0x0000000709f00000, 0x0000000709f00000, 0x000000070a000000|  0%| F|  |TAMS 0x0000000709f00000, 0x0000000709f00000| Untracked 
| 132|0x000000070a000000, 0x000000070a000000, 0x000000070a100000|  0%| F|  |TAMS 0x000000070a000000, 0x000000070a000000| Untracked 
| 133|0x000000070a100000, 0x000000070a100000, 0x000000070a200000|  0%| F|  |TAMS 0x000000070a100000, 0x000000070a100000| Untracked 
| 134|0x000000070a200000, 0x000000070a200000, 0x000000070a300000|  0%| F|  |TAMS 0x000000070a200000, 0x000000070a200000| Untracked 
| 135|0x000000070a300000, 0x000000070a300000, 0x000000070a400000|  0%| F|  |TAMS 0x000000070a300000, 0x000000070a300000| Untracked 
| 136|0x000000070a400000, 0x000000070a400000, 0x000000070a500000|  0%| F|  |TAMS 0x000000070a400000, 0x000000070a400000| Untracked 
| 137|0x000000070a500000, 0x000000070a500000, 0x000000070a600000|  0%| F|  |TAMS 0x000000070a500000, 0x000000070a500000| Untracked 
| 138|0x000000070a600000, 0x000000070a600000, 0x000000070a700000|  0%| F|  |TAMS 0x000000070a600000, 0x000000070a600000| Untracked 
| 139|0x000000070a700000, 0x000000070a700000, 0x000000070a800000|  0%| F|  |TAMS 0x000000070a700000, 0x000000070a700000| Untracked 
| 140|0x000000070a800000, 0x000000070a800000, 0x000000070a900000|  0%| F|  |TAMS 0x000000070a800000, 0x000000070a800000| Untracked 
| 141|0x000000070a900000, 0x000000070a900000, 0x000000070aa00000|  0%| F|  |TAMS 0x000000070a900000, 0x000000070a900000| Untracked 
| 142|0x000000070aa00000, 0x000000070ab00000, 0x000000070ab00000|100%| E|  |TAMS 0x000000070aa00000, 0x000000070aa00000| Complete 
| 143|0x000000070ab00000, 0x000000070ac00000, 0x000000070ac00000|100%| E|CS|TAMS 0x000000070ab00000, 0x000000070ab00000| Complete 
| 144|0x000000070ac00000, 0x000000070ad00000, 0x000000070ad00000|100%| E|CS|TAMS 0x000000070ac00000, 0x000000070ac00000| Complete 
| 145|0x000000070ad00000, 0x000000070ae00000, 0x000000070ae00000|100%| E|CS|TAMS 0x000000070ad00000, 0x000000070ad00000| Complete 
| 146|0x000000070ae00000, 0x000000070af00000, 0x000000070af00000|100%| E|CS|TAMS 0x000000070ae00000, 0x000000070ae00000| Complete 
| 147|0x000000070af00000, 0x000000070b000000, 0x000000070b000000|100%| E|CS|TAMS 0x000000070af00000, 0x000000070af00000| Complete 
| 148|0x000000070b000000, 0x000000070b100000, 0x000000070b100000|100%| E|CS|TAMS 0x000000070b000000, 0x000000070b000000| Complete 
| 149|0x000000070b100000, 0x000000070b200000, 0x000000070b200000|100%| E|CS|TAMS 0x000000070b100000, 0x000000070b100000| Complete 
| 150|0x000000070b200000, 0x000000070b300000, 0x000000070b300000|100%| E|CS|TAMS 0x000000070b200000, 0x000000070b200000| Complete 
| 151|0x000000070b300000, 0x000000070b400000, 0x000000070b400000|100%| E|CS|TAMS 0x000000070b300000, 0x000000070b300000| Complete 
| 152|0x000000070b400000, 0x000000070b500000, 0x000000070b500000|100%| E|CS|TAMS 0x000000070b400000, 0x000000070b400000| Complete 
| 153|0x000000070b500000, 0x000000070b600000, 0x000000070b600000|100%| E|CS|TAMS 0x000000070b500000, 0x000000070b500000| Complete 
| 154|0x000000070b600000, 0x000000070b700000, 0x000000070b700000|100%| E|CS|TAMS 0x000000070b600000, 0x000000070b600000| Complete 
| 155|0x000000070b700000, 0x000000070b800000, 0x000000070b800000|100%| E|CS|TAMS 0x000000070b700000, 0x000000070b700000| Complete 
| 156|0x000000070b800000, 0x000000070b900000, 0x000000070b900000|100%| E|CS|TAMS 0x000000070b800000, 0x000000070b800000| Complete 
| 157|0x000000070b900000, 0x000000070ba00000, 0x000000070ba00000|100%| E|CS|TAMS 0x000000070b900000, 0x000000070b900000| Complete 
| 158|0x000000070ba00000, 0x000000070bb00000, 0x000000070bb00000|100%| E|CS|TAMS 0x000000070ba00000, 0x000000070ba00000| Complete 
| 159|0x000000070bb00000, 0x000000070bc00000, 0x000000070bc00000|100%| E|CS|TAMS 0x000000070bb00000, 0x000000070bb00000| Complete 
| 160|0x000000070bc00000, 0x000000070bd00000, 0x000000070bd00000|100%| E|CS|TAMS 0x000000070bc00000, 0x000000070bc00000| Complete 
| 161|0x000000070bd00000, 0x000000070be00000, 0x000000070be00000|100%| E|CS|TAMS 0x000000070bd00000, 0x000000070bd00000| Complete 
| 162|0x000000070be00000, 0x000000070bf00000, 0x000000070bf00000|100%| E|CS|TAMS 0x000000070be00000, 0x000000070be00000| Complete 
| 163|0x000000070bf00000, 0x000000070c000000, 0x000000070c000000|100%| E|CS|TAMS 0x000000070bf00000, 0x000000070bf00000| Complete 
| 164|0x000000070c000000, 0x000000070c100000, 0x000000070c100000|100%| E|CS|TAMS 0x000000070c000000, 0x000000070c000000| Complete 
| 165|0x000000070c100000, 0x000000070c200000, 0x000000070c200000|100%| E|CS|TAMS 0x000000070c100000, 0x000000070c100000| Complete 
| 166|0x000000070c200000, 0x000000070c300000, 0x000000070c300000|100%| E|CS|TAMS 0x000000070c200000, 0x000000070c200000| Complete 
| 167|0x000000070c300000, 0x000000070c400000, 0x000000070c400000|100%| E|CS|TAMS 0x000000070c300000, 0x000000070c300000| Complete 
| 168|0x000000070c400000, 0x000000070c500000, 0x000000070c500000|100%| E|CS|TAMS 0x000000070c400000, 0x000000070c400000| Complete 
| 169|0x000000070c500000, 0x000000070c600000, 0x000000070c600000|100%| E|CS|TAMS 0x000000070c500000, 0x000000070c500000| Complete 
| 170|0x000000070c600000, 0x000000070c700000, 0x000000070c700000|100%| E|CS|TAMS 0x000000070c600000, 0x000000070c600000| Complete 
| 171|0x000000070c700000, 0x000000070c800000, 0x000000070c800000|100%| E|CS|TAMS 0x000000070c700000, 0x000000070c700000| Complete 
| 172|0x000000070c800000, 0x000000070c900000, 0x000000070c900000|100%| E|CS|TAMS 0x000000070c800000, 0x000000070c800000| Complete 
| 173|0x000000070c900000, 0x000000070ca00000, 0x000000070ca00000|100%| E|CS|TAMS 0x000000070c900000, 0x000000070c900000| Complete 
| 174|0x000000070ca00000, 0x000000070cb00000, 0x000000070cb00000|100%| E|CS|TAMS 0x000000070ca00000, 0x000000070ca00000| Complete 
| 175|0x000000070cb00000, 0x000000070cc00000, 0x000000070cc00000|100%| E|CS|TAMS 0x000000070cb00000, 0x000000070cb00000| Complete 
| 176|0x000000070cc00000, 0x000000070cd00000, 0x000000070cd00000|100%| E|CS|TAMS 0x000000070cc00000, 0x000000070cc00000| Complete 
| 177|0x000000070cd00000, 0x000000070ce00000, 0x000000070ce00000|100%| E|CS|TAMS 0x000000070cd00000, 0x000000070cd00000| Complete 
| 178|0x000000070ce00000, 0x000000070cf00000, 0x000000070cf00000|100%| E|CS|TAMS 0x000000070ce00000, 0x000000070ce00000| Complete 
| 179|0x000000070cf00000, 0x000000070d000000, 0x000000070d000000|100%| E|CS|TAMS 0x000000070cf00000, 0x000000070cf00000| Complete 
| 180|0x000000070d000000, 0x000000070d100000, 0x000000070d100000|100%| E|CS|TAMS 0x000000070d000000, 0x000000070d000000| Complete 
| 181|0x000000070d100000, 0x000000070d200000, 0x000000070d200000|100%| E|CS|TAMS 0x000000070d100000, 0x000000070d100000| Complete 
| 182|0x000000070d200000, 0x000000070d300000, 0x000000070d300000|100%| E|CS|TAMS 0x000000070d200000, 0x000000070d200000| Complete 
| 183|0x000000070d300000, 0x000000070d400000, 0x000000070d400000|100%| E|CS|TAMS 0x000000070d300000, 0x000000070d300000| Complete 
| 184|0x000000070d400000, 0x000000070d500000, 0x000000070d500000|100%| E|CS|TAMS 0x000000070d400000, 0x000000070d400000| Complete 
| 185|0x000000070d500000, 0x000000070d600000, 0x000000070d600000|100%| E|CS|TAMS 0x000000070d500000, 0x000000070d500000| Complete 
| 186|0x000000070d600000, 0x000000070d700000, 0x000000070d700000|100%| E|CS|TAMS 0x000000070d600000, 0x000000070d600000| Complete 
| 187|0x000000070d700000, 0x000000070d800000, 0x000000070d800000|100%| E|CS|TAMS 0x000000070d700000, 0x000000070d700000| Complete 
| 188|0x000000070d800000, 0x000000070d900000, 0x000000070d900000|100%| E|CS|TAMS 0x000000070d800000, 0x000000070d800000| Complete 
| 189|0x000000070d900000, 0x000000070da00000, 0x000000070da00000|100%| E|CS|TAMS 0x000000070d900000, 0x000000070d900000| Complete 
| 190|0x000000070da00000, 0x000000070db00000, 0x000000070db00000|100%| E|CS|TAMS 0x000000070da00000, 0x000000070da00000| Complete 
| 191|0x000000070db00000, 0x000000070dc00000, 0x000000070dc00000|100%| E|CS|TAMS 0x000000070db00000, 0x000000070db00000| Complete 
| 192|0x000000070dc00000, 0x000000070dd00000, 0x000000070dd00000|100%| E|CS|TAMS 0x000000070dc00000, 0x000000070dc00000| Complete 
| 193|0x000000070dd00000, 0x000000070de00000, 0x000000070de00000|100%| E|CS|TAMS 0x000000070dd00000, 0x000000070dd00000| Complete 
| 194|0x000000070de00000, 0x000000070df00000, 0x000000070df00000|100%| E|CS|TAMS 0x000000070de00000, 0x000000070de00000| Complete 
| 195|0x000000070df00000, 0x000000070e000000, 0x000000070e000000|100%| E|CS|TAMS 0x000000070df00000, 0x000000070df00000| Complete 
| 196|0x000000070e000000, 0x000000070e100000, 0x000000070e100000|100%| E|CS|TAMS 0x000000070e000000, 0x000000070e000000| Complete 
| 197|0x000000070e100000, 0x000000070e200000, 0x000000070e200000|100%| E|CS|TAMS 0x000000070e100000, 0x000000070e100000| Complete 
| 198|0x000000070e200000, 0x000000070e300000, 0x000000070e300000|100%| E|CS|TAMS 0x000000070e200000, 0x000000070e200000| Complete 
| 199|0x000000070e300000, 0x000000070e400000, 0x000000070e400000|100%| E|CS|TAMS 0x000000070e300000, 0x000000070e300000| Complete 
| 200|0x000000070e400000, 0x000000070e500000, 0x000000070e500000|100%| E|CS|TAMS 0x000000070e400000, 0x000000070e400000| Complete 
| 201|0x000000070e500000, 0x000000070e600000, 0x000000070e600000|100%| E|CS|TAMS 0x000000070e500000, 0x000000070e500000| Complete 
| 202|0x000000070e600000, 0x000000070e700000, 0x000000070e700000|100%| E|CS|TAMS 0x000000070e600000, 0x000000070e600000| Complete 
| 203|0x000000070e700000, 0x000000070e800000, 0x000000070e800000|100%| E|CS|TAMS 0x000000070e700000, 0x000000070e700000| Complete 
| 204|0x000000070e800000, 0x000000070e900000, 0x000000070e900000|100%| E|CS|TAMS 0x000000070e800000, 0x000000070e800000| Complete 
| 205|0x000000070e900000, 0x000000070ea00000, 0x000000070ea00000|100%| E|CS|TAMS 0x000000070e900000, 0x000000070e900000| Complete 
| 206|0x000000070ea00000, 0x000000070eb00000, 0x000000070eb00000|100%| E|CS|TAMS 0x000000070ea00000, 0x000000070ea00000| Complete 
| 207|0x000000070eb00000, 0x000000070ec00000, 0x000000070ec00000|100%| E|CS|TAMS 0x000000070eb00000, 0x000000070eb00000| Complete 
| 208|0x000000070ec00000, 0x000000070ed00000, 0x000000070ed00000|100%| E|CS|TAMS 0x000000070ec00000, 0x000000070ec00000| Complete 
| 209|0x000000070ed00000, 0x000000070ee00000, 0x000000070ee00000|100%| E|CS|TAMS 0x000000070ed00000, 0x000000070ed00000| Complete 
| 210|0x000000070ee00000, 0x000000070ef00000, 0x000000070ef00000|100%| E|CS|TAMS 0x000000070ee00000, 0x000000070ee00000| Complete 
| 211|0x000000070ef00000, 0x000000070f000000, 0x000000070f000000|100%| E|CS|TAMS 0x000000070ef00000, 0x000000070ef00000| Complete 
| 212|0x000000070f000000, 0x000000070f100000, 0x000000070f100000|100%| E|CS|TAMS 0x000000070f000000, 0x000000070f000000| Complete 
| 213|0x000000070f100000, 0x000000070f200000, 0x000000070f200000|100%| E|CS|TAMS 0x000000070f100000, 0x000000070f100000| Complete 
| 214|0x000000070f200000, 0x000000070f300000, 0x000000070f300000|100%| E|CS|TAMS 0x000000070f200000, 0x000000070f200000| Complete 
| 215|0x000000070f300000, 0x000000070f400000, 0x000000070f400000|100%| E|CS|TAMS 0x000000070f300000, 0x000000070f300000| Complete 
| 216|0x000000070f400000, 0x000000070f500000, 0x000000070f500000|100%| E|CS|TAMS 0x000000070f400000, 0x000000070f400000| Complete 
| 217|0x000000070f500000, 0x000000070f600000, 0x000000070f600000|100%| E|CS|TAMS 0x000000070f500000, 0x000000070f500000| Complete 
| 218|0x000000070f600000, 0x000000070f700000, 0x000000070f700000|100%| E|CS|TAMS 0x000000070f600000, 0x000000070f600000| Complete 
| 219|0x000000070f700000, 0x000000070f800000, 0x000000070f800000|100%| E|CS|TAMS 0x000000070f700000, 0x000000070f700000| Complete 
| 220|0x000000070f800000, 0x000000070f900000, 0x000000070f900000|100%| E|CS|TAMS 0x000000070f800000, 0x000000070f800000| Complete 
| 221|0x000000070f900000, 0x000000070fa00000, 0x000000070fa00000|100%| E|CS|TAMS 0x000000070f900000, 0x000000070f900000| Complete 
| 222|0x000000070fa00000, 0x000000070fb00000, 0x000000070fb00000|100%| E|CS|TAMS 0x000000070fa00000, 0x000000070fa00000| Complete 
| 223|0x000000070fb00000, 0x000000070fc00000, 0x000000070fc00000|100%| E|CS|TAMS 0x000000070fb00000, 0x000000070fb00000| Complete 
| 224|0x000000070fc00000, 0x000000070fd00000, 0x000000070fd00000|100%| E|CS|TAMS 0x000000070fc00000, 0x000000070fc00000| Complete 
| 225|0x000000070fd00000, 0x000000070fe00000, 0x000000070fe00000|100%| E|CS|TAMS 0x000000070fd00000, 0x000000070fd00000| Complete 
| 226|0x000000070fe00000, 0x000000070ff00000, 0x000000070ff00000|100%| E|CS|TAMS 0x000000070fe00000, 0x000000070fe00000| Complete 
| 227|0x000000070ff00000, 0x0000000710000000, 0x0000000710000000|100%| E|CS|TAMS 0x000000070ff00000, 0x000000070ff00000| Complete 
| 228|0x0000000710000000, 0x0000000710100000, 0x0000000710100000|100%| E|CS|TAMS 0x0000000710000000, 0x0000000710000000| Complete 
| 229|0x0000000710100000, 0x0000000710200000, 0x0000000710200000|100%| S|CS|TAMS 0x0000000710100000, 0x0000000710100000| Complete 
| 230|0x0000000710200000, 0x0000000710300000, 0x0000000710300000|100%| S|CS|TAMS 0x0000000710200000, 0x0000000710200000| Complete 
| 231|0x0000000710300000, 0x0000000710400000, 0x0000000710400000|100%| S|CS|TAMS 0x0000000710300000, 0x0000000710300000| Complete 
| 232|0x0000000710400000, 0x0000000710500000, 0x0000000710500000|100%| E|CS|TAMS 0x0000000710400000, 0x0000000710400000| Complete 
| 233|0x0000000710500000, 0x0000000710600000, 0x0000000710600000|100%| E|CS|TAMS 0x0000000710500000, 0x0000000710500000| Complete 
| 234|0x0000000710600000, 0x0000000710700000, 0x0000000710700000|100%| E|CS|TAMS 0x0000000710600000, 0x0000000710600000| Complete 
| 235|0x0000000710700000, 0x0000000710800000, 0x0000000710800000|100%| E|CS|TAMS 0x0000000710700000, 0x0000000710700000| Complete 
| 236|0x0000000710800000, 0x0000000710900000, 0x0000000710900000|100%| E|CS|TAMS 0x0000000710800000, 0x0000000710800000| Complete 
| 237|0x0000000710900000, 0x0000000710a00000, 0x0000000710a00000|100%| E|CS|TAMS 0x0000000710900000, 0x0000000710900000| Complete 
| 238|0x0000000710a00000, 0x0000000710b00000, 0x0000000710b00000|100%| E|CS|TAMS 0x0000000710a00000, 0x0000000710a00000| Complete 
| 239|0x0000000710b00000, 0x0000000710c00000, 0x0000000710c00000|100%| E|CS|TAMS 0x0000000710b00000, 0x0000000710b00000| Complete 
| 240|0x0000000710c00000, 0x0000000710d00000, 0x0000000710d00000|100%| E|CS|TAMS 0x0000000710c00000, 0x0000000710c00000| Complete 
| 241|0x0000000710d00000, 0x0000000710e00000, 0x0000000710e00000|100%| E|CS|TAMS 0x0000000710d00000, 0x0000000710d00000| Complete 
| 242|0x0000000710e00000, 0x0000000710f00000, 0x0000000710f00000|100%| E|CS|TAMS 0x0000000710e00000, 0x0000000710e00000| Complete 
| 243|0x0000000710f00000, 0x0000000711000000, 0x0000000711000000|100%| E|CS|TAMS 0x0000000710f00000, 0x0000000710f00000| Complete 
| 244|0x0000000711000000, 0x0000000711100000, 0x0000000711100000|100%| E|CS|TAMS 0x0000000711000000, 0x0000000711000000| Complete 
| 245|0x0000000711100000, 0x0000000711200000, 0x0000000711200000|100%| E|CS|TAMS 0x0000000711100000, 0x0000000711100000| Complete 
| 246|0x0000000711200000, 0x0000000711300000, 0x0000000711300000|100%| E|CS|TAMS 0x0000000711200000, 0x0000000711200000| Complete 
| 247|0x0000000711300000, 0x0000000711400000, 0x0000000711400000|100%| E|CS|TAMS 0x0000000711300000, 0x0000000711300000| Complete 
| 248|0x0000000711400000, 0x0000000711500000, 0x0000000711500000|100%| E|CS|TAMS 0x0000000711400000, 0x0000000711400000| Complete 
| 249|0x0000000711500000, 0x0000000711600000, 0x0000000711600000|100%| E|CS|TAMS 0x0000000711500000, 0x0000000711500000| Complete 
| 250|0x0000000711600000, 0x0000000711700000, 0x0000000711700000|100%| E|CS|TAMS 0x0000000711600000, 0x0000000711600000| Complete 
| 251|0x0000000711700000, 0x0000000711800000, 0x0000000711800000|100%| E|CS|TAMS 0x0000000711700000, 0x0000000711700000| Complete 
| 252|0x0000000711800000, 0x0000000711900000, 0x0000000711900000|100%| E|CS|TAMS 0x0000000711800000, 0x0000000711800000| Complete 
| 253|0x0000000711900000, 0x0000000711a00000, 0x0000000711a00000|100%| E|CS|TAMS 0x0000000711900000, 0x0000000711900000| Complete 
| 254|0x0000000711a00000, 0x0000000711b00000, 0x0000000711b00000|100%| E|CS|TAMS 0x0000000711a00000, 0x0000000711a00000| Complete 
| 255|0x0000000711b00000, 0x0000000711c00000, 0x0000000711c00000|100%| E|CS|TAMS 0x0000000711b00000, 0x0000000711b00000| Complete 

Card table byte_map: [0x0000015bd3140000,0x0000015bd3940000] _byte_map_base: 0x0000015bcf932000

Marking Bits (Prev, Next): (CMBitMap*) 0x0000015bbd8b0d88, (CMBitMap*) 0x0000015bbd8b0dc0
 Prev Bits: [0x0000015bd4140000, 0x0000015bd80d0000)
 Next Bits: [0x0000015bd80d0000, 0x0000015bdc060000)

Polling page: 0x0000015bbd630000

Metaspace:

Usage:
  Non-class:     12.27 MB capacity,    11.91 MB ( 97%) used,   294.16 KB (  2%) free+waste,    71.38 KB ( <1%) overhead. 
      Class:      1.81 MB capacity,     1.49 MB ( 82%) used,   298.48 KB ( 16%) free+waste,    37.25 KB (  2%) overhead. 
       Both:     14.08 MB capacity,    13.40 MB ( 95%) used,   592.65 KB (  4%) free+waste,   108.63 KB ( <1%) overhead. 

Virtual space:
  Non-class space:       14.00 MB reserved,      12.50 MB ( 89%) committed 
      Class space:        1.00 GB reserved,       1.88 MB ( <1%) committed 
             Both:        1.01 GB reserved,      14.38 MB (  1%) committed 

Chunk freelists:
   Non-Class:  48.00 KB
       Class:  30.00 KB
        Both:  78.00 KB

MaxMetaspaceSize: 17179869184.00 GB
CompressedClassSpaceSize: 1.00 GB

CodeHeap 'non-profiled nmethods': size=120000Kb used=1603Kb max_used=1603Kb free=118396Kb
 bounds [0x0000015bca9b0000, 0x0000015bcac20000, 0x0000015bd1ee0000]
CodeHeap 'profiled nmethods': size=120000Kb used=6764Kb max_used=6792Kb free=113235Kb
 bounds [0x0000015bc3480000, 0x0000015bc3b30000, 0x0000015bca9b0000]
CodeHeap 'non-nmethods': size=5760Kb used=1296Kb max_used=1343Kb free=4463Kb
 bounds [0x0000015bc2ee0000, 0x0000015bc3150000, 0x0000015bc3480000]
 total_blobs=4688 nmethods=2921 adapters=607
 compilation: enabled
              stopped_count=0, restarted_count=0
 full_count=0

Compilation events (20 events):
Event: 13.961 Thread 0x0000015bdebe2800 2936       3       java.io.StringReader::<init> (28 bytes)
Event: 13.962 Thread 0x0000015bdebe2800 nmethod 2936 0x0000015bc3b17d90 code [0x0000015bc3b17f80, 0x0000015bc3b183d8]
Event: 13.962 Thread 0x0000015bdebe2800 2937       3       java.io.Reader::<init> (15 bytes)
Event: 13.962 Thread 0x0000015bdebe2800 nmethod 2937 0x0000015bc3b18590 code [0x0000015bc3b18740, 0x0000015bc3b189b8]
Event: 13.979 Thread 0x0000015bdebe2800 2938   !   3       sun.security.ssl.SSLSocketImpl::decode (94 bytes)
Event: 13.980 Thread 0x0000015bdebe2800 nmethod 2938 0x0000015bc3b18a90 code [0x0000015bc3b18ce0, 0x0000015bc3b19730]
Event: 13.980 Thread 0x0000015bdebe2800 2939   !   3       sun.security.ssl.SSLSocketInputRecord::decodeInputRecord (838 bytes)
Event: 13.984 Thread 0x0000015bdebe2800 nmethod 2939 0x0000015bc3b19a90 code [0x0000015bc3b1a2c0, 0x0000015bc3b1f880]
Event: 13.995 Thread 0x0000015bdebe2800 2940       3       sun.security.ssl.SSLSocketInputRecord::decode (124 bytes)
Event: 13.996 Thread 0x0000015bdebe2800 nmethod 2940 0x0000015bc3b21990 code [0x0000015bc3b21ba0, 0x0000015bc3b220c0]
Event: 14.004 Thread 0x0000015be1164000 nmethod 2922% 0x0000015bcab38910 code [0x0000015bcab38f40, 0x0000015bcab3da90]
Event: 14.005 Thread 0x0000015be1164000 2923   !   4       java.util.concurrent.CopyOnWriteArrayList::remove (97 bytes)
Event: 14.016 Thread 0x0000015be1164000 nmethod 2923 0x0000015bca9bea10 code [0x0000015bca9bebc0, 0x0000015bca9bf438]
Event: 14.144 Thread 0x0000015be1164000 2941       4       java.io.StringWriter::write (11 bytes)
Event: 14.158 Thread 0x0000015be1164000 nmethod 2941 0x0000015bcab40790 code [0x0000015bcab40960, 0x0000015bcab41258]
Event: 14.177 Thread 0x0000015be1164000 2942   !   4       java.util.Locale::getDefault (132 bytes)
Event: 14.178 Thread 0x0000015be1164000 nmethod 2942 0x0000015bca9be690 code [0x0000015bca9be820, 0x0000015bca9be8f8]
Event: 14.178 Thread 0x0000015be1164000 2943       4       stock.alpaca.alpacaListener::renderListener (759 bytes)
Event: 14.213 Thread 0x0000015bdebe2800 2946       3       com.sun.crypto.provider.GaloisCounterMode::increment32 (49 bytes)
Event: 14.213 Thread 0x0000015bdebe2800 nmethod 2946 0x0000015bc3481b90 code [0x0000015bc3481d60, 0x0000015bc34820f0]

GC Heap History (2 events):
Event: 1.832 GC heap before
{Heap before GC invocations=0 (full 0):
 garbage-first heap   total 262144K, used 23552K [0x0000000701c00000, 0x0000000800000000)
  region size 1024K, 24 young (24576K), 0 survivors (0K)
 Metaspace       used 9139K, capacity 9723K, committed 9856K, reserved 1058816K
  class space    used 1069K, capacity 1305K, committed 1408K, reserved 1048576K
}
Event: 1.838 GC heap after
{Heap after GC invocations=1 (full 0):
 garbage-first heap   total 262144K, used 3886K [0x0000000701c00000, 0x0000000800000000)
  region size 1024K, 3 young (3072K), 3 survivors (3072K)
 Metaspace       used 9139K, capacity 9723K, committed 9856K, reserved 1058816K
  class space    used 1069K, capacity 1305K, committed 1408K, reserved 1048576K
}

Deoptimization events (20 events):
Event: 12.310 Thread 0x0000015bbd84b800 Uncommon trap: trap_request=0xffffff4d fr.pc=0x0000015bcaafe38c relative=0x0000000000003dcc
Event: 12.310 Thread 0x0000015bbd84b800 Uncommon trap: reason=unstable_if action=reinterpret pc=0x0000015bcaafe38c method=stock.alpaca.alpacaListener.renderListener(Ljava/lang/String;Lorg/ice1000/jimgui/JImGui;)V @ 697 c2
Event: 12.310 Thread 0x0000015bbd84b800 DEOPT PACKING pc=0x0000015bcaafe38c sp=0x0000002c59cff4a0
Event: 12.310 Thread 0x0000015bbd84b800 DEOPT UNPACKING pc=0x0000015bc2f092af sp=0x0000002c59cff488 mode 2
Event: 12.343 Thread 0x0000015bbd84b800 Uncommon trap: trap_request=0xffffff4d fr.pc=0x0000015bcaaf4d08 relative=0x0000000000000fc8
Event: 12.344 Thread 0x0000015bbd84b800 Uncommon trap: reason=unstable_if action=reinterpret pc=0x0000015bcaaf4d08 method=stock.alpaca.alpacaListener.renderListener(Ljava/lang/String;Lorg/ice1000/jimgui/JImGui;)V @ 553 c2
Event: 12.344 Thread 0x0000015bbd84b800 DEOPT PACKING pc=0x0000015bcaaf4d08 sp=0x0000002c59cff4c0
Event: 12.344 Thread 0x0000015bbd84b800 DEOPT UNPACKING pc=0x0000015bc2f092af sp=0x0000002c59cff490 mode 2
Event: 12.845 Thread 0x0000015bbd84b800 Uncommon trap: trap_request=0xffffff4d fr.pc=0x0000015bcaaf7500 relative=0x0000000000000440
Event: 12.845 Thread 0x0000015bbd84b800 Uncommon trap: reason=unstable_if action=reinterpret pc=0x0000015bcaaf7500 method=org.ice1000.jimgui.util.JImGuiUtil.getBytesDefaultImpl(Ljava/lang/String;)[B @ 1 c2
Event: 12.845 Thread 0x0000015bbd84b800 DEOPT PACKING pc=0x0000015bcaaf7500 sp=0x0000002c59cff440
Event: 12.845 Thread 0x0000015bbd84b800 DEOPT UNPACKING pc=0x0000015bc2f092af sp=0x0000002c59cff408 mode 2
Event: 13.593 Thread 0x0000015bbd84b800 DEOPT PACKING pc=0x0000015bc39ae9ba sp=0x0000002c59cfef90
Event: 13.593 Thread 0x0000015bbd84b800 DEOPT UNPACKING pc=0x0000015bc2f090ce sp=0x0000002c59cfe7f0 mode 0
Event: 13.855 Thread 0x0000015be1045800 Uncommon trap: trap_request=0xffffffcc fr.pc=0x0000015bcab13094 relative=0x0000000000002094
Event: 13.855 Thread 0x0000015be1045800 Uncommon trap: reason=intrinsic_or_type_checked_inlining action=make_not_entrant pc=0x0000015bcab13094 method=java.util.ArrayList$SubList.toArray([Ljava/lang/Object;)[Ljava/lang/Object; @ 58 c2
Event: 13.855 Thread 0x0000015be1045800 DEOPT PACKING pc=0x0000015bcab13094 sp=0x0000002c5eefe0b0
Event: 13.855 Thread 0x0000015be1045800 DEOPT UNPACKING pc=0x0000015bc2f092af sp=0x0000002c5eefe030 mode 2
Event: 14.178 Thread 0x0000015bbd84b800 DEOPT PACKING pc=0x0000015bc3acaaa2 sp=0x0000002c59cff220
Event: 14.178 Thread 0x0000015bbd84b800 DEOPT UNPACKING pc=0x0000015bc2f090ce sp=0x0000002c59cfe988 mode 0

Classes redefined (0 events):
No events

Internal exceptions (20 events):
Event: 2.957 Thread 0x0000015bdf74e000 Exception <a 'java/lang/NoSuchMethodError'{0x00000007116a3a50}: 'java.lang.Object java.lang.invoke.DirectMethodHandle$Holder.invokeStatic(java.lang.Object, java.lang.Object, java.lang.Object, java.lang.Object, java.lang.Object, java.lang.Object, java.lang
Event: 2.969 Thread 0x0000015bdf74e000 Exception <a 'java/lang/NoSuchMethodError'{0x00000007115283e8}: 'void java.lang.invoke.DirectMethodHandle$Holder.invokeSpecial(java.lang.Object, java.lang.Object, java.lang.Object, java.lang.Object, java.lang.Object, java.lang.Object, java.lang.Object)'> 
Event: 4.833 Thread 0x0000015bbd84b800 Exception <a 'sun/nio/fs/WindowsException'{0x00000007112f8318}> (0x00000007112f8318) thrown at [c:/BuildAgent/work/5ff2f6c26000d570/src/hotspot/share/prims/jni.cpp, line 615]
Event: 5.037 Thread 0x0000015bbd84b800 Exception <a 'java/lang/NoSuchMethodError'{0x00000007106a7800}: 'java.lang.Object java.lang.invoke.DirectMethodHandle$Holder.invokeStatic(java.lang.Object, int, java.lang.Object)'> (0x00000007106a7800) thrown at [c:/BuildAgent/work/5ff2f6c26000d570/src/ho
Event: 5.042 Thread 0x0000015bbd84b800 Implicit null exception at 0x0000015bcaa5410e to 0x0000015bcaa5510a
Event: 5.042 Thread 0x0000015bbd84b800 Implicit null exception at 0x0000015bca9c03af to 0x0000015bca9c042d
Event: 11.892 Thread 0x0000015bbd84b800 Exception <a 'java/lang/ArrayIndexOutOfBoundsException'{0x000000070d23c8d8}: Index 0 out of bounds for length 0> (0x000000070d23c8d8) thrown at [c:/BuildAgent/work/5ff2f6c26000d570/src/hotspot/share/interpreter/interpreterRuntime.cpp, line 459]
Event: 11.909 Thread 0x0000015bbd84b800 Exception <a 'java/lang/ArrayIndexOutOfBoundsException'{0x000000070d253d88}> (0x000000070d253d88) thrown at [c:/BuildAgent/work/5ff2f6c26000d570/src/hotspot/share/runtime/sharedRuntime.cpp, line 584]
Event: 11.926 Thread 0x0000015bbd84b800 Exception <a 'java/lang/ArrayIndexOutOfBoundsException'{0x000000070d26ca78}> (0x000000070d26ca78) thrown at [c:/BuildAgent/work/5ff2f6c26000d570/src/hotspot/share/runtime/sharedRuntime.cpp, line 584]
Event: 11.943 Thread 0x0000015bbd84b800 Exception <a 'java/lang/ArrayIndexOutOfBoundsException'{0x000000070d085ba0}> (0x000000070d085ba0) thrown at [c:/BuildAgent/work/5ff2f6c26000d570/src/hotspot/share/runtime/sharedRuntime.cpp, line 584]
Event: 11.959 Thread 0x0000015bbd84b800 Exception <a 'java/lang/ArrayIndexOutOfBoundsException'{0x000000070d09ec50}> (0x000000070d09ec50) thrown at [c:/BuildAgent/work/5ff2f6c26000d570/src/hotspot/share/runtime/sharedRuntime.cpp, line 584]
Event: 11.975 Thread 0x0000015bbd84b800 Exception <a 'java/lang/ArrayIndexOutOfBoundsException'{0x000000070d0b7ee0}> (0x000000070d0b7ee0) thrown at [c:/BuildAgent/work/5ff2f6c26000d570/src/hotspot/share/runtime/sharedRuntime.cpp, line 584]
Event: 11.992 Thread 0x0000015bbd84b800 Exception <a 'java/lang/ArrayIndexOutOfBoundsException'{0x000000070d0d1350}> (0x000000070d0d1350) thrown at [c:/BuildAgent/work/5ff2f6c26000d570/src/hotspot/share/runtime/sharedRuntime.cpp, line 584]
Event: 12.009 Thread 0x0000015bbd84b800 Exception <a 'java/lang/ArrayIndexOutOfBoundsException'{0x000000070d0ea9a0}> (0x000000070d0ea9a0) thrown at [c:/BuildAgent/work/5ff2f6c26000d570/src/hotspot/share/runtime/sharedRuntime.cpp, line 584]
Event: 12.025 Thread 0x0000015bbd84b800 Exception <a 'java/lang/ArrayIndexOutOfBoundsException'{0x000000070cf04670}> (0x000000070cf04670) thrown at [c:/BuildAgent/work/5ff2f6c26000d570/src/hotspot/share/runtime/sharedRuntime.cpp, line 584]
Event: 12.043 Thread 0x0000015bbd84b800 Exception <a 'java/lang/ArrayIndexOutOfBoundsException'{0x000000070cf1ed60}> (0x000000070cf1ed60) thrown at [c:/BuildAgent/work/5ff2f6c26000d570/src/hotspot/share/runtime/sharedRuntime.cpp, line 584]
Event: 12.059 Thread 0x0000015bbd84b800 Exception <a 'java/lang/ArrayIndexOutOfBoundsException'{0x000000070cf3a448}> (0x000000070cf3a448) thrown at [c:/BuildAgent/work/5ff2f6c26000d570/src/hotspot/share/runtime/sharedRuntime.cpp, line 584]
Event: 12.075 Thread 0x0000015bbd84b800 Exception <a 'java/lang/ArrayIndexOutOfBoundsException'{0x000000070cf55f50}> (0x000000070cf55f50) thrown at [c:/BuildAgent/work/5ff2f6c26000d570/src/hotspot/share/runtime/sharedRuntime.cpp, line 584]
Event: 12.092 Thread 0x0000015bbd84b800 Exception <a 'java/lang/ArrayIndexOutOfBoundsException'{0x000000070cf72be8}> (0x000000070cf72be8) thrown at [c:/BuildAgent/work/5ff2f6c26000d570/src/hotspot/share/runtime/sharedRuntime.cpp, line 584]
Event: 12.845 Thread 0x0000015bbd84b800 Implicit null exception at 0x0000015bcaaf70d1 to 0x0000015bcaaf74ee

Events (20 events):
Event: 14.000 Thread 0x0000015bdebf3000 flushing nmethod 0x0000015bca9b5b90
Event: 14.000 Thread 0x0000015bdebf3000 flushing nmethod 0x0000015bca9be210
Event: 14.000 Thread 0x0000015bdebf3000 flushing nmethod 0x0000015bc3480a90
Event: 14.000 Thread 0x0000015bdebf3000 flushing nmethod 0x0000015bc3480e90
Event: 14.000 Thread 0x0000015bdebf3000 flushing nmethod 0x0000015bc3481390
Event: 14.000 Thread 0x0000015bdebf3000 flushing nmethod 0x0000015bc3481810
Event: 14.000 Thread 0x0000015bdebf3000 flushing nmethod 0x0000015bc3481e90
Event: 14.000 Thread 0x0000015bdebf3000 flushing nmethod 0x0000015bc3483c90
Event: 14.000 Thread 0x0000015bdebf3000 flushing nmethod 0x0000015bc3488510
Event: 14.000 Thread 0x0000015bdebf3000 flushing nmethod 0x0000015bc3489d10
Event: 14.000 Thread 0x0000015bdebf3000 flushing nmethod 0x0000015bc348a190
Event: 14.000 Thread 0x0000015bdebf3000 flushing nmethod 0x0000015bc348a910
Event: 14.000 Thread 0x0000015bdebf3000 flushing nmethod 0x0000015bc348e610
Event: 14.000 Thread 0x0000015bdebf3000 flushing nmethod 0x0000015bc3498290
Event: 14.000 Thread 0x0000015bdebf3000 flushing nmethod 0x0000015bc3499290
Event: 14.000 Thread 0x0000015bdebf3000 flushing nmethod 0x0000015bc349c890
Event: 14.000 Thread 0x0000015bdebf3000 flushing nmethod 0x0000015bc349f510
Event: 14.000 Thread 0x0000015bdebf3000 flushing nmethod 0x0000015bc34a0c90
Event: 14.000 Thread 0x0000015bdebf3000 flushing nmethod 0x0000015bc34b8810
Event: 14.000 Thread 0x0000015bdebf3000 flushing nmethod 0x0000015bc34ba090


Dynamic libraries:
0x00007ff6879f0000 - 0x00007ff6879fa000 	C:\Program Files\JetBrains\IntelliJ IDEA Community Edition 2019.3.1\jbr\bin\java.exe
0x00007ffe07600000 - 0x00007ffe077f0000 	C:\WINDOWS\SYSTEM32\ntdll.dll
0x00007ffe05bf0000 - 0x00007ffe05ca2000 	C:\WINDOWS\System32\KERNEL32.DLL
0x00007ffe049a0000 - 0x00007ffe04c44000 	C:\WINDOWS\System32\KERNELBASE.dll
0x00007ffe04730000 - 0x00007ffe0482a000 	C:\WINDOWS\System32\ucrtbase.dll
0x00007ffd960a0000 - 0x00007ffd960b9000 	C:\Program Files\JetBrains\IntelliJ IDEA Community Edition 2019.3.1\jbr\bin\jli.dll
0x00007ffdfc6d0000 - 0x00007ffdfc6e7000 	C:\Program Files\JetBrains\IntelliJ IDEA Community Edition 2019.3.1\jbr\bin\VCRUNTIME140.dll
0x00007ffe056b0000 - 0x00007ffe05844000 	C:\WINDOWS\System32\USER32.dll
0x00007ffdf1010000 - 0x00007ffdf1294000 	C:\WINDOWS\WinSxS\amd64_microsoft.windows.common-controls_6595b64144ccf1df_6.0.18362.900_none_e6beb9d913147d17\COMCTL32.dll
0x00007ffe04cb0000 - 0x00007ffe04cd1000 	C:\WINDOWS\System32\win32u.dll
0x00007ffe059f0000 - 0x00007ffe05a8e000 	C:\WINDOWS\System32\msvcrt.dll
0x00007ffe07080000 - 0x00007ffe070a6000 	C:\WINDOWS\System32\GDI32.dll
0x00007ffe06080000 - 0x00007ffe063b5000 	C:\WINDOWS\System32\combase.dll
0x00007ffe04ce0000 - 0x00007ffe04e75000 	C:\WINDOWS\System32\gdi32full.dll
0x00007ffe05f50000 - 0x00007ffe06070000 	C:\WINDOWS\System32\RPCRT4.dll
0x00007ffe04830000 - 0x00007ffe048ce000 	C:\WINDOWS\System32\msvcp_win.dll
0x00007ffe04e80000 - 0x00007ffe04f00000 	C:\WINDOWS\System32\bcryptPrimitives.dll
0x00007ffe05850000 - 0x00007ffe0587e000 	C:\WINDOWS\System32\IMM32.DLL
0x00007ffd85280000 - 0x00007ffd8531d000 	C:\Program Files\JetBrains\IntelliJ IDEA Community Edition 2019.3.1\jbr\bin\msvcp140.dll
0x00007ffdbfbe0000 - 0x00007ffdc069b000 	C:\Program Files\JetBrains\IntelliJ IDEA Community Edition 2019.3.1\jbr\bin\server\jvm.dll
0x00007ffe072f0000 - 0x00007ffe07393000 	C:\WINDOWS\System32\ADVAPI32.dll
0x00007ffe05950000 - 0x00007ffe059e7000 	C:\WINDOWS\System32\sechost.dll
0x00007ffe07070000 - 0x00007ffe07078000 	C:\WINDOWS\System32\PSAPI.DLL
0x00007ffdfc050000 - 0x00007ffdfc05a000 	C:\WINDOWS\SYSTEM32\VERSION.dll
0x00007ffe00c70000 - 0x00007ffe00c94000 	C:\WINDOWS\SYSTEM32\WINMM.dll
0x00007ffdeb6a0000 - 0x00007ffdeb6a9000 	C:\WINDOWS\SYSTEM32\WSOCK32.dll
0x00007ffe05880000 - 0x00007ffe058ef000 	C:\WINDOWS\System32\WS2_32.dll
0x00007ffe00c40000 - 0x00007ffe00c6d000 	C:\WINDOWS\SYSTEM32\WINMMBASE.dll
0x00007ffe046e0000 - 0x00007ffe0472a000 	C:\WINDOWS\System32\cfgmgr32.dll
0x00007ffe044f0000 - 0x00007ffe04501000 	C:\WINDOWS\System32\kernel.appcore.dll
0x00007ffdf4400000 - 0x00007ffdf4411000 	C:\Program Files\JetBrains\IntelliJ IDEA Community Edition 2019.3.1\jbr\bin\verify.dll
0x00007ffe02d70000 - 0x00007ffe02f64000 	C:\WINDOWS\SYSTEM32\DBGHELP.DLL
0x00007ffde9840000 - 0x00007ffde986a000 	C:\WINDOWS\SYSTEM32\dbgcore.DLL
0x00007ffdf43d0000 - 0x00007ffdf43f9000 	C:\Program Files\JetBrains\IntelliJ IDEA Community Edition 2019.3.1\jbr\bin\java.dll
0x00007ffe01d80000 - 0x00007ffe01d8f000 	C:\Program Files\JetBrains\IntelliJ IDEA Community Edition 2019.3.1\jbr\bin\instrument.dll
0x00007ffdf43b0000 - 0x00007ffdf43c7000 	C:\Program Files\JetBrains\IntelliJ IDEA Community Edition 2019.3.1\jbr\bin\zip.dll
0x00007ffde2ed0000 - 0x00007ffde2edb000 	C:\Program Files\JetBrains\IntelliJ IDEA Community Edition 2019.3.1\jbr\bin\jimage.dll
0x00007ffe06420000 - 0x00007ffe06b06000 	C:\WINDOWS\System32\SHELL32.dll
0x00007ffe05df0000 - 0x00007ffe05e99000 	C:\WINDOWS\System32\shcore.dll
0x00007ffe04f30000 - 0x00007ffe056b0000 	C:\WINDOWS\System32\windows.storage.dll
0x00007ffe04560000 - 0x00007ffe04583000 	C:\WINDOWS\System32\profapi.dll
0x00007ffe04510000 - 0x00007ffe0455a000 	C:\WINDOWS\System32\powrprof.dll
0x00007ffe044c0000 - 0x00007ffe044d0000 	C:\WINDOWS\System32\UMPDC.dll
0x00007ffe058f0000 - 0x00007ffe05942000 	C:\WINDOWS\System32\shlwapi.dll
0x00007ffe048d0000 - 0x00007ffe048e7000 	C:\WINDOWS\System32\cryptsp.dll
0x00007ffddb100000 - 0x00007ffddb11a000 	C:\Program Files\JetBrains\IntelliJ IDEA Community Edition 2019.3.1\jbr\bin\net.dll
0x00007ffdf5e00000 - 0x00007ffdf5ef0000 	C:\WINDOWS\SYSTEM32\WINHTTP.dll
0x00007ffe03ce0000 - 0x00007ffe03d47000 	C:\WINDOWS\system32\mswsock.dll
0x00007ffdcc420000 - 0x00007ffdcc434000 	C:\Program Files\JetBrains\IntelliJ IDEA Community Edition 2019.3.1\jbr\bin\nio.dll
0x00007ffe01cd0000 - 0x00007ffe01cea000 	C:\Program Files\JetBrains\IntelliJ IDEA Community Edition 2019.3.1\bin\breakgen64.dll
0x00007ffdc06b0000 - 0x00007ffdc0851000 	C:\Program Files\JetBrains\IntelliJ IDEA Community Edition 2019.3.1\jbr\bin\awt.dll
0x00007ffe05b20000 - 0x00007ffe05be5000 	C:\WINDOWS\System32\OLEAUT32.dll
0x00007ffe02850000 - 0x00007ffe0287d000 	C:\WINDOWS\SYSTEM32\dwmapi.dll
0x00007ffe00d70000 - 0x00007ffe01330000 	C:\WINDOWS\SYSTEM32\d2d1.dll
0x00007ffe02150000 - 0x00007ffe021df000 	C:\WINDOWS\SYSTEM32\apphelp.dll
0x00007ffded4c0000 - 0x00007ffded4e8000 	C:\Program Files\JetBrains\IntelliJ IDEA Community Edition 2019.3.1\jbr\bin\sunec.dll
0x00007ffe03860000 - 0x00007ffe03893000 	C:\WINDOWS\system32\rsaenh.dll
0x00007ffe04f00000 - 0x00007ffe04f26000 	C:\WINDOWS\System32\bcrypt.dll
0x00007ffe043b0000 - 0x00007ffe043d5000 	C:\WINDOWS\SYSTEM32\USERENV.dll
0x00007ffe03e60000 - 0x00007ffe03e6c000 	C:\WINDOWS\SYSTEM32\CRYPTBASE.dll
0x00007ffe03a00000 - 0x00007ffe03a3a000 	C:\WINDOWS\SYSTEM32\IPHLPAPI.DLL
0x00007ffe05a90000 - 0x00007ffe05a98000 	C:\WINDOWS\System32\NSI.dll
0x00007ffdf8ad0000 - 0x00007ffdf8ae6000 	C:\WINDOWS\SYSTEM32\dhcpcsvc6.DLL
0x00007ffdf8ab0000 - 0x00007ffdf8acc000 	C:\WINDOWS\SYSTEM32\dhcpcsvc.DLL
0x00007ffe03a40000 - 0x00007ffe03b0b000 	C:\WINDOWS\SYSTEM32\DNSAPI.dll
0x00007ffdfca90000 - 0x00007ffdfca9a000 	C:\Windows\System32\rasadhlp.dll
0x00007ffdf62f0000 - 0x00007ffdf6367000 	C:\WINDOWS\System32\fwpuclnt.dll
0x00007ffde1c00000 - 0x00007ffde1cac000 	C:\Users\Dell Precision\AppData\Local\Temp\jimgui1594734120930\jimgui.dll
0x00007ffdf5090000 - 0x00007ffdf5257000 	C:\WINDOWS\SYSTEM32\d3d9.dll
0x00007ffd8b710000 - 0x00007ffd8b973000 	C:\WINDOWS\SYSTEM32\d3dx9_43.dll
0x00007ffe00980000 - 0x00007ffe00991000 	C:\WINDOWS\SYSTEM32\XINPUT1_4.dll
0x00007ffe030d0000 - 0x00007ffe030f0000 	C:\WINDOWS\SYSTEM32\dxcore.dll
0x00007ffe042c0000 - 0x00007ffe042ea000 	C:\WINDOWS\SYSTEM32\DEVOBJ.dll
0x00007ffdf3a60000 - 0x00007ffdf3b7b000 	C:\WINDOWS\SYSTEM32\inputhost.dll
0x00007ffe01bd0000 - 0x00007ffe01ca4000 	C:\WINDOWS\SYSTEM32\CoreMessaging.dll
0x00007ffdff1c0000 - 0x00007ffdff4ea000 	C:\WINDOWS\SYSTEM32\CoreUIComponents.dll
0x00007ffe006a0000 - 0x00007ffe00790000 	C:\WINDOWS\SYSTEM32\PROPSYS.dll
0x00007ffdffa30000 - 0x00007ffdffb83000 	C:\WINDOWS\SYSTEM32\wintypes.dll
0x00007ffe034c0000 - 0x00007ffe034f1000 	C:\WINDOWS\SYSTEM32\ntmarta.dll
0x00007ffe02290000 - 0x00007ffe02329000 	C:\WINDOWS\system32\uxtheme.dll
0x00007ffe05cb0000 - 0x00007ffe05de5000 	C:\WINDOWS\System32\MSCTF.dll
0x00007ffda5f10000 - 0x00007ffda60d0000 	C:\WINDOWS\System32\DriverStore\FileRepository\iigd_dch.inf_amd64_38bfcb542ef4272e\igdumdim64.dll
0x00007ffdf8930000 - 0x00007ffdf8a82000 	C:\WINDOWS\System32\DriverStore\FileRepository\iigd_dch.inf_amd64_38bfcb542ef4272e\igdgmm64.dll
0x00007ffda2310000 - 0x00007ffda5eeb000 	C:\WINDOWS\System32\DriverStore\FileRepository\iigd_dch.inf_amd64_38bfcb542ef4272e\igd9dxva64.dll
0x00007ffe07110000 - 0x00007ffe07267000 	C:\WINDOWS\System32\OLE32.DLL
0x00007ffdb7ae0000 - 0x00007ffdb7b02000 	C:\WINDOWS\System32\DriverStore\FileRepository\iigd_dch.inf_amd64_38bfcb542ef4272e\igdinfo64.dll
0x00007ffdf65d0000 - 0x00007ffdf8926000 	C:\WINDOWS\System32\DriverStore\FileRepository\iigd_dch.inf_amd64_38bfcb542ef4272e\igc64.dll
0x00007ffdf3b80000 - 0x00007ffdf3c1e000 	C:\WINDOWS\System32\TextInputFramework.dll
0x00007ffdf22f0000 - 0x00007ffdf2596000 	C:\WINDOWS\System32\iertutil.dll
0x00007ffd85320000 - 0x00007ffd853a9000 	C:\Program Files (x86)\Overwolf\0.149.0.24\OWExplorer.dll
0x00007ffe04590000 - 0x00007ffe046d9000 	C:\WINDOWS\System32\CRYPT32.dll
0x00007ffe044d0000 - 0x00007ffe044e2000 	C:\WINDOWS\System32\MSASN1.dll

dbghelp: loaded successfully - version: 4.0.5 - missing functions: none
symbol engine: initialized successfully - sym options: 0x614 - pdb path: .;C:\Program Files\JetBrains\IntelliJ IDEA Community Edition 2019.3.1\jbr\bin;C:\WINDOWS\SYSTEM32;C:\WINDOWS\WinSxS\amd64_microsoft.windows.common-controls_6595b64144ccf1df_6.0.18362.900_none_e6beb9d913147d17;C:\Program Files\JetBrains\IntelliJ IDEA Community Edition 2019.3.1\jbr\bin\server;C:\Program Files\JetBrains\IntelliJ IDEA Community Edition 2019.3.1\bin;C:\Users\Dell Precision\AppData\Local\Temp\jimgui1594734120930;C:\WINDOWS\System32\DriverStore\FileRepository\iigd_dch.inf_amd64_38bfcb542ef4272e;C:\Program Files (x86)\Overwolf\0.149.0.24

VM Arguments:
jvm_args: -javaagent:C:\Program Files\JetBrains\IntelliJ IDEA Community Edition 2019.3.1\lib\idea_rt.jar=58942:C:\Program Files\JetBrains\IntelliJ IDEA Community Edition 2019.3.1\bin -Dfile.encoding=UTF-8 
java_command: stock.test.bar.barTest
java_class_path (initial): C:\Users\Dell Precision\IdeaProjects\stockimgui\out\production\stockimgui;C:\Users\Dell Precision\IdeaProjects\stockimgui\res\core-v0.9.jar;C:\Users\Dell Precision\.m2\repository\org\jetbrains\annotations\17.0.0\annotations-17.0.0.jar;C:\Users\Dell Precision\.m2\repository\junit\junit\4.12\junit-4.12.jar;C:\Users\Dell Precision\.m2\repository\org\hamcrest\hamcrest-core\1.3\hamcrest-core-1.3.jar;C:\Users\Dell Precision\IdeaProjects\stockimgui\res\extension-v0.9.jar;C:\Users\Dell Precision\IdeaProjects\stockimgui\res\json-20190722.jar;C:\Users\Dell Precision\IdeaProjects\stockimgui\res\jlayer-1.0.1.jar;C:\Users\Dell Precision\IdeaProjects\stockimgui\res\Java-WebSocket-1.5.1.jar;C:\Users\Dell Precision\IdeaProjects\stockimgui\res\slf4j-api-1.8.0-beta4.jar;C:\Users\Dell Precision\IdeaProjects\stockimgui\res\commons-io-2.7.jar
Launcher Type: SUN_STANDARD

[Global flags]
     intx CICompilerCount                          = 4                                         {product} {ergonomic}
     uint ConcGCThreads                            = 2                                         {product} {ergonomic}
     uint G1ConcRefinementThreads                  = 8                                         {product} {ergonomic}
   size_t G1HeapRegionSize                         = 1048576                                   {product} {ergonomic}
    uintx GCDrainStackTargetSize                   = 64                                        {product} {ergonomic}
   size_t InitialHeapSize                          = 268435456                                 {product} {ergonomic}
   size_t MarkStackSize                            = 4194304                                   {product} {ergonomic}
   size_t MaxHeapSize                              = 4265607168                                {product} {ergonomic}
   size_t MaxNewSize                               = 2558525440                                {product} {ergonomic}
   size_t MinHeapDeltaBytes                        = 1048576                                   {product} {ergonomic}
    uintx NonNMethodCodeHeapSize                   = 5836300                                {pd product} {ergonomic}
    uintx NonProfiledCodeHeapSize                  = 122910970                              {pd product} {ergonomic}
    uintx ProfiledCodeHeapSize                     = 122910970                              {pd product} {ergonomic}
    uintx ReservedCodeCacheSize                    = 251658240                              {pd product} {ergonomic}
     bool SegmentedCodeCache                       = true                                      {product} {ergonomic}
     bool UseCompressedClassPointers               = true                                 {lp64_product} {ergonomic}
     bool UseCompressedOops                        = true                                 {lp64_product} {ergonomic}
     bool UseG1GC                                  = true                                      {product} {ergonomic}
     bool UseLargePagesIndividualAllocation        = false                                  {pd product} {ergonomic}

Logging:
Log output configuration:
 #0: stdout all=warning uptime,level,tags
 #1: stderr all=off uptime,level,tags

Environment Variables:
PATH=C:\Program Files (x86)\Common Files\Oracle\Java\javapath;C:\Program Files (x86)\Common Files\Intel\Shared Libraries\redist\intel64\compiler;C:\Windows\system32;C:\Windows;C:\Windows\System32\Wbem;C:\Windows\System32\WindowsPowerShell\v1.0\;C:\Windows\System32\OpenSSH\;C:\Program Files (x86)\NVIDIA Corporation\PhysX\Common;C:\WINDOWS\system32;C:\WINDOWS;C:\WINDOWS\System32\Wbem;C:\WINDOWS\System32\WindowsPowerShell\v1.0\;C:\WINDOWS\System32\OpenSSH\;C:\Program Files\dotnet\;C:\Program Files\PuTTY\;C:\Program Files\nodejs\;C:\Program Files (x86)\Yarn\bin\;C:\Program Files (x86)\Intel\Intel(R) Management Engine Components\DAL;C:\Program Files\Intel\Intel(R) Management Engine Components\DAL;C:\Program Files\Git\cmd;C:\Program Files\MongoDB\Server\4.2\bin;;C:\Program Files\Docker\Docker\resources\bin;C:\ProgramData\DockerDesktop\version-bin;C:\Program Files (x86)\openjdk-13.0.1\jdk-13.0.1\bin;C:\Users\Dell Precision\AppData\Local\Programs\Microsoft VS Code\bin
USERNAME=Dell Precision
OS=Windows_NT
PROCESSOR_IDENTIFIER=Intel64 Family 6 Model 158 Stepping 9, GenuineIntel



---------------  S Y S T E M  ---------------

OS: Windows 10 , 64 bit Build 18362 (10.0.18362.900)
HyperV virtualization detected

CPU:total 8 (initial active 8) (4 cores per cpu, 2 threads per core) family 6 model 158 stepping 9, cmov, cx8, fxsr, mmx, sse, sse2, sse3, ssse3, sse4.1, sse4.2, popcnt, avx, avx2, aes, clmul, erms, rtm, 3dnowpref, lzcnt, ht, tsc, tscinvbit, bmi1, bmi2, adx, fma

Memory: 4k page, system-wide physical 16265M (5616M free)
TotalPageFile size 24457M (AvailPageFile size 6980M)
current process WorkingSet (physical memory assigned to process): 258M, peak: 260M
current process commit charge ("private bytes"): 444M, peak: 446M

vm_info: OpenJDK 64-Bit Server VM (11.0.5+10-b520.17) for windows-amd64 JRE (11.0.5+10-b520.17), built on Dec  2 2019 12:11:34 by "" with MS VC++ 14.0 (VS2015)

END.
