#
# A fatal error has been detected by the Java Runtime Environment:
#
#  EXCEPTION_ACCESS_VIOLATION (0xc0000005) at pc=0x00007ffcbb168ed1, pid=4656, tid=12896
#
# JRE version: OpenJDK Runtime Environment (11.0.5+10) (build 11.0.5+10-b520.17)
# Java VM: OpenJDK 64-Bit Server VM (11.0.5+10-b520.17, mixed mode, sharing, tiered, compressed oops, g1 gc, windows-amd64)
# Problematic frame:
# C  [jimgui.dll+0x8ed1]
#
# No core dump will be written. Minidumps are not enabled by default on client versions of Windows
#
# If you would like to submit a bug report, please visit:
#   http://bugreport.java.com/bugreport/crash.jsp
# The crash happened outside the Java Virtual Machine in native code.
# See problematic frame for where to report the bug.
#

---------------  S U M M A R Y ------------

Command Line: -javaagent:C:\Program Files\JetBrains\IntelliJ IDEA Community Edition 2019.3.1\lib\idea_rt.jar=54941:C:\Program Files\JetBrains\IntelliJ IDEA Community Edition 2019.3.1\bin -Dfile.encoding=UTF-8 template.imGuiMain.main

Host: Intel(R) Xeon(R) CPU E3-1505M v6 @ 3.00GHz, 8 cores, 15G,  Windows 10 , 64 bit Build 18362 (10.0.18362.959)
Time: Sat Aug 22 03:19:38 2020 Eastern Daylight Time elapsed time: 0 seconds (0d 0h 0m 0s)

---------------  T H R E A D  ---------------

Current thread (0x0000020ee8251000):  JavaThread "main" [_thread_in_native, id=12896, stack(0x0000002a7a300000,0x0000002a7a400000)]

Stack: [0x0000002a7a300000,0x0000002a7a400000],  sp=0x0000002a7a3fef20,  free space=1019k
Native frames: (J=compiled Java code, j=interpreted, Vv=VM code, C=native code)
C  [jimgui.dll+0x8ed1]

Java frames: (J=compiled Java code, j=interpreted, Vv=VM code)
j  org.ice1000.jimgui.JImGui.render(JJ)V+0
j  org.ice1000.jimgui.JImGui.render()V+11
j  template.imGuiMain.main.main([Ljava/lang/String;)V+23
v  ~StubRoutines::call_stub

siginfo: EXCEPTION_ACCESS_VIOLATION (0xc0000005), reading address 0x00000000000001e8


Register to memory mapping:

RIP=0x00007ffcbb168ed1 jimgui.dll
RAX=0x0 is NULL
RBX=0x0000020e8a545a50 points into unknown readable memory: 01 00 00 01 0e 02 00 00
RCX=0xb928c653137d0000 is an unknown value
RDX=0x000000002b140afd is an unknown value
RSP=0x0000002a7a3fef20 is pointing into the stack for thread: 0x0000020ee8251000
RBP=0x0 is NULL
RSI=0x000000000000001f is an unknown value
RDI=0x0000020eed8f9610 is at code_begin+208 in an Interpreter codelet
invoke return entry points  [0x0000020eed8f9540, 0x0000020eed8f9f60]  2592 bytes
R8 =0x0000002a7a3fec50 is pointing into the stack for thread: 0x0000020ee8251000
R9 =0x0000000000000001 is an unknown value
R10=0x0000000000008000 is an unknown value
R11=0x0000002a7a3fed20 is pointing into the stack for thread: 0x0000020ee8251000
R12=0x0 is NULL
R13={method} {0x0000020effb07bd8} 'render' '(JJ)V' in 'org/ice1000/jimgui/JImGui'
R14=0x0000002a7a3ff098 is pointing into the stack for thread: 0x0000020ee8251000
R15=0x0000020ee8251000 is a thread


Registers:
RAX=0x0000000000000000, RBX=0x0000020e8a545a50, RCX=0xb928c653137d0000, RDX=0x000000002b140afd
RSP=0x0000002a7a3fef20, RBP=0x0000000000000000, RSI=0x000000000000001f, RDI=0x0000020eed8f9610
R8 =0x0000002a7a3fec50, R9 =0x0000000000000001, R10=0x0000000000008000, R11=0x0000002a7a3fed20
R12=0x0000000000000000, R13=0x0000020effb07bd0, R14=0x0000002a7a3ff098, R15=0x0000020ee8251000
RIP=0x00007ffcbb168ed1, EFLAGS=0x0000000000010246

Top of Stack: (sp=0x0000002a7a3fef20)
0x0000002a7a3fef20:   0000b902bc6cfd9d 00007ffc64687937
0x0000002a7a3fef30:   0000020eed8f9610 000000000000001f
0x0000002a7a3fef40:   0000020e8a545a50 00007ffcbb169920
0x0000002a7a3fef50:   0000002a7a3ff060 000000000000001f
0x0000002a7a3fef60:   0000020e8a545a50 0000000840068940
0x0000002a7a3fef70:   0000020e8a542a30 00007ffcbb1bccce
0x0000002a7a3fef80:   0000002a7a3ff060 000000000000001f
0x0000002a7a3fef90:   0000020eed8f9610 0000002a7a3ff098
0x0000002a7a3fefa0:   0000020effb07b00 0000020ee8251000
0x0000002a7a3fefb0:   0000020effb07bd0 000000000000001f
0x0000002a7a3fefc0:   0000020effb07bd0 0000020eed8ff0f7
0x0000002a7a3fefd0:   0000002a7a3ff060 0000002a7a3ff080
0x0000002a7a3fefe0:   0000020eed8f9610 0000020eed8fedf2
0x0000002a7a3feff0:   0000020effb07bd0 0000002a7a3ff060
0x0000002a7a3ff000:   000000000000001f 000000000000001f
0x0000002a7a3ff010:   0000020eed8fed96 0000002a7a3ff018 

Instructions: (pc=0x00007ffcbb168ed1)
0x00007ffcbb168dd1:   4b 09 00 48 8b cb e8 54 20 01 00 48 8b 05 3d 4b
0x00007ffcbb168de1:   09 00 33 c9 48 3b c3 48 0f 44 c1 48 89 05 2d 4b
0x00007ffcbb168df1:   09 00 48 85 db 74 30 48 8b cb e8 30 9c ff ff 48
0x00007ffcbb168e01:   8b 05 19 4b 09 00 48 85 c0 74 06 ff 88 b0 03 00
0x00007ffcbb168e11:   00 48 8b 15 17 4b 09 00 48 8b cb 48 83 c4 20 5b
0x00007ffcbb168e21:   48 ff 25 e0 01 09 00 48 83 c4 20 5b c3 cc cc 48
0x00007ffcbb168e31:   89 5c 24 08 57 48 83 ec 30 0f 57 c0 4c 8b d2 0f
0x00007ffcbb168e41:   2e d0 48 8b f9 7a 02 74 16 48 8b 05 cf 4a 09 00
0x00007ffcbb168e51:   83 88 00 1b 00 00 01 f3 0f 11 90 04 1b 00 00 33
0x00007ffcbb168e61:   c0 45 33 c9 48 89 44 24 28 41 b8 00 01 00 00 48
0x00007ffcbb168e71:   8b d7 48 89 44 24 20 49 8b ca e8 c0 37 02 00 0f
0x00007ffcbb168e81:   b6 d8 84 c0 74 0b 48 8b cf e8 11 e2 ff ff 0f b6
0x00007ffcbb168e91:   c3 48 8b 5c 24 40 48 83 c4 30 5f c3 cc cc cc 40
0x00007ffcbb168ea1:   53 48 83 ec 20 48 8b 1d 73 4a 09 00 83 bb f0 19
0x00007ffcbb168eb1:   00 00 01 7f 0a 80 7b 02 00 0f 85 8a 01 00 00 48
0x00007ffcbb168ec1:   89 6c 24 30 48 8b ab 18 1a 00 00 48 89 74 24 38
0x00007ffcbb168ed1:   48 83 bd e8 01 00 00 00 74 05 e8 30 04 00 00 e8
0x00007ffcbb168ee1:   db c4 00 00 33 f6 f7 45 0c 00 00 00 01 0f 85 e4
0x00007ffcbb168ef1:   00 00 00 48 89 7c 24 40 48 8b 3d 20 4a 09 00 40
0x00007ffcbb168f01:   38 b7 f0 2e 00 00 0f 84 c6 00 00 00 48 8d 0d cc
0x00007ffcbb168f11:   42 06 00 e8 37 69 00 00 8b 8f f4 2e 00 00 83 e9
0x00007ffcbb168f21:   01 74 55 83 e9 01 74 41 83 f9 02 75 58 83 bf 00
0x00007ffcbb168f31:   2f 00 00 01 7e 4f 48 8b 87 08 2f 00 00 48 8d 15
0x00007ffcbb168f41:   e3 49 09 00 48 8b 0d d4 49 09 00 48 85 c0 48 0f
0x00007ffcbb168f51:   45 d0 48 8b 81 f8 00 00 00 48 85 c0 74 27 48 8b
0x00007ffcbb168f61:   89 00 01 00 00 ff d0 eb 1c 48 8b 8f f8 2e 00 00
0x00007ffcbb168f71:   ff 15 39 34 06 00 eb 0d 48 8b 8f f8 2e 00 00 ff
0x00007ffcbb168f81:   15 22 34 06 00 40 88 b7 f0 2e 00 00 89 b7 f4 2e
0x00007ffcbb168f91:   00 00 48 89 b7 f8 2e 00 00 48 8b 8f 08 2f 00 00
0x00007ffcbb168fa1:   48 85 c9 74 2d 48 89 b7 00 2f 00 00 48 8b 05 6c
0x00007ffcbb168fb1:   49 09 00 48 85 c0 74 06 ff 88 b0 03 00 00 48 8b
0x00007ffcbb168fc1:   15 6a 49 09 00 ff 15 3c 00 09 00 48 89 b7 08 2f 


Stack slot to memory mapping:
stack at sp + 0 slots: 0x0000b902bc6cfd9d is an unknown value
stack at sp + 1 slots: 0x00007ffc64687937 jvm.dll
stack at sp + 2 slots: 0x0000020eed8f9610 is at code_begin+208 in an Interpreter codelet
invoke return entry points  [0x0000020eed8f9540, 0x0000020eed8f9f60]  2592 bytes
stack at sp + 3 slots: 0x000000000000001f is an unknown value
stack at sp + 4 slots: 0x0000020e8a545a50 points into unknown readable memory: 01 00 00 01 0e 02 00 00
stack at sp + 5 slots: 0x00007ffcbb169920 jimgui.dll
stack at sp + 6 slots: 0x0000002a7a3ff060 is pointing into the stack for thread: 0x0000020ee8251000
stack at sp + 7 slots: 0x000000000000001f is an unknown value


---------------  P R O C E S S  ---------------

Threads class SMR info:
_java_thread_list=0x0000020e8a21ab80, length=11, elements={
0x0000020ee8251000, 0x0000020eff6b0800, 0x0000020eff6b2000, 0x0000020eff6c8800,
0x0000020eff6ca000, 0x0000020eff6cc800, 0x0000020eff6d9800, 0x0000020eff6e0800,
0x0000020e8a0b6000, 0x0000020e8a310000, 0x0000020e8a310800
}

Java Threads: ( => current thread )
=>0x0000020ee8251000 JavaThread "main" [_thread_in_native, id=12896, stack(0x0000002a7a300000,0x0000002a7a400000)]
  0x0000020eff6b0800 JavaThread "Reference Handler" daemon [_thread_blocked, id=23072, stack(0x0000002a7aa00000,0x0000002a7ab00000)]
  0x0000020eff6b2000 JavaThread "Finalizer" daemon [_thread_blocked, id=24256, stack(0x0000002a7ab00000,0x0000002a7ac00000)]
  0x0000020eff6c8800 JavaThread "Signal Dispatcher" daemon [_thread_blocked, id=25000, stack(0x0000002a7ac00000,0x0000002a7ad00000)]
  0x0000020eff6ca000 JavaThread "Attach Listener" daemon [_thread_blocked, id=13824, stack(0x0000002a7ad00000,0x0000002a7ae00000)]
  0x0000020eff6cc800 JavaThread "C2 CompilerThread0" daemon [_thread_blocked, id=23048, stack(0x0000002a7ae00000,0x0000002a7af00000)]
  0x0000020eff6d9800 JavaThread "C1 CompilerThread0" daemon [_thread_blocked, id=1068, stack(0x0000002a7af00000,0x0000002a7b000000)]
  0x0000020eff6e0800 JavaThread "Sweeper thread" daemon [_thread_blocked, id=18676, stack(0x0000002a7b000000,0x0000002a7b100000)]
  0x0000020e8a0b6000 JavaThread "Common-Cleaner" daemon [_thread_blocked, id=20080, stack(0x0000002a7b100000,0x0000002a7b200000)]
  0x0000020e8a310000 JavaThread "Monitor Ctrl-Break" daemon [_thread_in_native, id=19452, stack(0x0000002a7b200000,0x0000002a7b300000)]
  0x0000020e8a310800 JavaThread "Service Thread" daemon [_thread_blocked, id=11680, stack(0x0000002a7b300000,0x0000002a7b400000)]

Other Threads:
  0x0000020eff6ad800 VMThread "VM Thread" [stack: 0x0000002a7a900000,0x0000002a7aa00000] [id=19612]
  0x0000020e8a311800 WatcherThread [stack: 0x0000002a7b400000,0x0000002a7b500000] [id=7004]
  0x0000020ee826a000 GCTaskThread "GC Thread#0" [stack: 0x0000002a7a400000,0x0000002a7a500000] [id=14232]
  0x0000020ee82c3800 ConcurrentGCThread "G1 Main Marker" [stack: 0x0000002a7a500000,0x0000002a7a600000] [id=23816]
  0x0000020ee82c7000 ConcurrentGCThread "G1 Conc#0" [stack: 0x0000002a7a600000,0x0000002a7a700000] [id=23972]
  0x0000020eff5c0800 ConcurrentGCThread "G1 Refine#0" [stack: 0x0000002a7a700000,0x0000002a7a800000] [id=20228]
  0x0000020eff5c3000 ConcurrentGCThread "G1 Young RemSet Sampling" [stack: 0x0000002a7a800000,0x0000002a7a900000] [id=15056]

Threads with active compile tasks:

VM state:not at safepoint (normal execution)

VM Mutex/Monitor currently owned by a thread: None

Heap address: 0x0000000701c00000, size: 4068 MB, Compressed Oops mode: Zero based, Oop shift amount: 3
Narrow klass base: 0x0000000800000000, Narrow klass shift: 3
Compressed class space size: 1073741824 Address: 0x0000000840000000

Heap:
 garbage-first heap   total 262144K, used 2048K [0x0000000701c00000, 0x0000000800000000)
  region size 1024K, 4 young (4096K), 0 survivors (0K)
 Metaspace       used 1195K, capacity 4825K, committed 5120K, reserved 1056768K
  class space    used 105K, capacity 436K, committed 512K, reserved 1048576K
Heap Regions: E=young(eden), S=young(survivor), O=old, HS=humongous(starts), HC=humongous(continues), CS=collection set, F=free, A=archive, TAMS=top-at-mark-start (previous, next)
|   0|0x0000000701c00000, 0x0000000701c00000, 0x0000000701d00000|  0%| F|  |TAMS 0x0000000701c00000, 0x0000000701c00000| Untracked 
|   1|0x0000000701d00000, 0x0000000701d00000, 0x0000000701e00000|  0%| F|  |TAMS 0x0000000701d00000, 0x0000000701d00000| Untracked 
|   2|0x0000000701e00000, 0x0000000701e00000, 0x0000000701f00000|  0%| F|  |TAMS 0x0000000701e00000, 0x0000000701e00000| Untracked 
|   3|0x0000000701f00000, 0x0000000701f00000, 0x0000000702000000|  0%| F|  |TAMS 0x0000000701f00000, 0x0000000701f00000| Untracked 
|   4|0x0000000702000000, 0x0000000702000000, 0x0000000702100000|  0%| F|  |TAMS 0x0000000702000000, 0x0000000702000000| Untracked 
|   5|0x0000000702100000, 0x0000000702100000, 0x0000000702200000|  0%| F|  |TAMS 0x0000000702100000, 0x0000000702100000| Untracked 
|   6|0x0000000702200000, 0x0000000702200000, 0x0000000702300000|  0%| F|  |TAMS 0x0000000702200000, 0x0000000702200000| Untracked 
|   7|0x0000000702300000, 0x0000000702300000, 0x0000000702400000|  0%| F|  |TAMS 0x0000000702300000, 0x0000000702300000| Untracked 
|   8|0x0000000702400000, 0x0000000702400000, 0x0000000702500000|  0%| F|  |TAMS 0x0000000702400000, 0x0000000702400000| Untracked 
|   9|0x0000000702500000, 0x0000000702500000, 0x0000000702600000|  0%| F|  |TAMS 0x0000000702500000, 0x0000000702500000| Untracked 
|  10|0x0000000702600000, 0x0000000702600000, 0x0000000702700000|  0%| F|  |TAMS 0x0000000702600000, 0x0000000702600000| Untracked 
|  11|0x0000000702700000, 0x0000000702700000, 0x0000000702800000|  0%| F|  |TAMS 0x0000000702700000, 0x0000000702700000| Untracked 
|  12|0x0000000702800000, 0x0000000702800000, 0x0000000702900000|  0%| F|  |TAMS 0x0000000702800000, 0x0000000702800000| Untracked 
|  13|0x0000000702900000, 0x0000000702900000, 0x0000000702a00000|  0%| F|  |TAMS 0x0000000702900000, 0x0000000702900000| Untracked 
|  14|0x0000000702a00000, 0x0000000702a00000, 0x0000000702b00000|  0%| F|  |TAMS 0x0000000702a00000, 0x0000000702a00000| Untracked 
|  15|0x0000000702b00000, 0x0000000702b00000, 0x0000000702c00000|  0%| F|  |TAMS 0x0000000702b00000, 0x0000000702b00000| Untracked 
|  16|0x0000000702c00000, 0x0000000702c00000, 0x0000000702d00000|  0%| F|  |TAMS 0x0000000702c00000, 0x0000000702c00000| Untracked 
|  17|0x0000000702d00000, 0x0000000702d00000, 0x0000000702e00000|  0%| F|  |TAMS 0x0000000702d00000, 0x0000000702d00000| Untracked 
|  18|0x0000000702e00000, 0x0000000702e00000, 0x0000000702f00000|  0%| F|  |TAMS 0x0000000702e00000, 0x0000000702e00000| Untracked 
|  19|0x0000000702f00000, 0x0000000702f00000, 0x0000000703000000|  0%| F|  |TAMS 0x0000000702f00000, 0x0000000702f00000| Untracked 
|  20|0x0000000703000000, 0x0000000703000000, 0x0000000703100000|  0%| F|  |TAMS 0x0000000703000000, 0x0000000703000000| Untracked 
|  21|0x0000000703100000, 0x0000000703100000, 0x0000000703200000|  0%| F|  |TAMS 0x0000000703100000, 0x0000000703100000| Untracked 
|  22|0x0000000703200000, 0x0000000703200000, 0x0000000703300000|  0%| F|  |TAMS 0x0000000703200000, 0x0000000703200000| Untracked 
|  23|0x0000000703300000, 0x0000000703300000, 0x0000000703400000|  0%| F|  |TAMS 0x0000000703300000, 0x0000000703300000| Untracked 
|  24|0x0000000703400000, 0x0000000703400000, 0x0000000703500000|  0%| F|  |TAMS 0x0000000703400000, 0x0000000703400000| Untracked 
|  25|0x0000000703500000, 0x0000000703500000, 0x0000000703600000|  0%| F|  |TAMS 0x0000000703500000, 0x0000000703500000| Untracked 
|  26|0x0000000703600000, 0x0000000703600000, 0x0000000703700000|  0%| F|  |TAMS 0x0000000703600000, 0x0000000703600000| Untracked 
|  27|0x0000000703700000, 0x0000000703700000, 0x0000000703800000|  0%| F|  |TAMS 0x0000000703700000, 0x0000000703700000| Untracked 
|  28|0x0000000703800000, 0x0000000703800000, 0x0000000703900000|  0%| F|  |TAMS 0x0000000703800000, 0x0000000703800000| Untracked 
|  29|0x0000000703900000, 0x0000000703900000, 0x0000000703a00000|  0%| F|  |TAMS 0x0000000703900000, 0x0000000703900000| Untracked 
|  30|0x0000000703a00000, 0x0000000703a00000, 0x0000000703b00000|  0%| F|  |TAMS 0x0000000703a00000, 0x0000000703a00000| Untracked 
|  31|0x0000000703b00000, 0x0000000703b00000, 0x0000000703c00000|  0%| F|  |TAMS 0x0000000703b00000, 0x0000000703b00000| Untracked 
|  32|0x0000000703c00000, 0x0000000703c00000, 0x0000000703d00000|  0%| F|  |TAMS 0x0000000703c00000, 0x0000000703c00000| Untracked 
|  33|0x0000000703d00000, 0x0000000703d00000, 0x0000000703e00000|  0%| F|  |TAMS 0x0000000703d00000, 0x0000000703d00000| Untracked 
|  34|0x0000000703e00000, 0x0000000703e00000, 0x0000000703f00000|  0%| F|  |TAMS 0x0000000703e00000, 0x0000000703e00000| Untracked 
|  35|0x0000000703f00000, 0x0000000703f00000, 0x0000000704000000|  0%| F|  |TAMS 0x0000000703f00000, 0x0000000703f00000| Untracked 
|  36|0x0000000704000000, 0x0000000704000000, 0x0000000704100000|  0%| F|  |TAMS 0x0000000704000000, 0x0000000704000000| Untracked 
|  37|0x0000000704100000, 0x0000000704100000, 0x0000000704200000|  0%| F|  |TAMS 0x0000000704100000, 0x0000000704100000| Untracked 
|  38|0x0000000704200000, 0x0000000704200000, 0x0000000704300000|  0%| F|  |TAMS 0x0000000704200000, 0x0000000704200000| Untracked 
|  39|0x0000000704300000, 0x0000000704300000, 0x0000000704400000|  0%| F|  |TAMS 0x0000000704300000, 0x0000000704300000| Untracked 
|  40|0x0000000704400000, 0x0000000704400000, 0x0000000704500000|  0%| F|  |TAMS 0x0000000704400000, 0x0000000704400000| Untracked 
|  41|0x0000000704500000, 0x0000000704500000, 0x0000000704600000|  0%| F|  |TAMS 0x0000000704500000, 0x0000000704500000| Untracked 
|  42|0x0000000704600000, 0x0000000704600000, 0x0000000704700000|  0%| F|  |TAMS 0x0000000704600000, 0x0000000704600000| Untracked 
|  43|0x0000000704700000, 0x0000000704700000, 0x0000000704800000|  0%| F|  |TAMS 0x0000000704700000, 0x0000000704700000| Untracked 
|  44|0x0000000704800000, 0x0000000704800000, 0x0000000704900000|  0%| F|  |TAMS 0x0000000704800000, 0x0000000704800000| Untracked 
|  45|0x0000000704900000, 0x0000000704900000, 0x0000000704a00000|  0%| F|  |TAMS 0x0000000704900000, 0x0000000704900000| Untracked 
|  46|0x0000000704a00000, 0x0000000704a00000, 0x0000000704b00000|  0%| F|  |TAMS 0x0000000704a00000, 0x0000000704a00000| Untracked 
|  47|0x0000000704b00000, 0x0000000704b00000, 0x0000000704c00000|  0%| F|  |TAMS 0x0000000704b00000, 0x0000000704b00000| Untracked 
|  48|0x0000000704c00000, 0x0000000704c00000, 0x0000000704d00000|  0%| F|  |TAMS 0x0000000704c00000, 0x0000000704c00000| Untracked 
|  49|0x0000000704d00000, 0x0000000704d00000, 0x0000000704e00000|  0%| F|  |TAMS 0x0000000704d00000, 0x0000000704d00000| Untracked 
|  50|0x0000000704e00000, 0x0000000704e00000, 0x0000000704f00000|  0%| F|  |TAMS 0x0000000704e00000, 0x0000000704e00000| Untracked 
|  51|0x0000000704f00000, 0x0000000704f00000, 0x0000000705000000|  0%| F|  |TAMS 0x0000000704f00000, 0x0000000704f00000| Untracked 
|  52|0x0000000705000000, 0x0000000705000000, 0x0000000705100000|  0%| F|  |TAMS 0x0000000705000000, 0x0000000705000000| Untracked 
|  53|0x0000000705100000, 0x0000000705100000, 0x0000000705200000|  0%| F|  |TAMS 0x0000000705100000, 0x0000000705100000| Untracked 
|  54|0x0000000705200000, 0x0000000705200000, 0x0000000705300000|  0%| F|  |TAMS 0x0000000705200000, 0x0000000705200000| Untracked 
|  55|0x0000000705300000, 0x0000000705300000, 0x0000000705400000|  0%| F|  |TAMS 0x0000000705300000, 0x0000000705300000| Untracked 
|  56|0x0000000705400000, 0x0000000705400000, 0x0000000705500000|  0%| F|  |TAMS 0x0000000705400000, 0x0000000705400000| Untracked 
|  57|0x0000000705500000, 0x0000000705500000, 0x0000000705600000|  0%| F|  |TAMS 0x0000000705500000, 0x0000000705500000| Untracked 
|  58|0x0000000705600000, 0x0000000705600000, 0x0000000705700000|  0%| F|  |TAMS 0x0000000705600000, 0x0000000705600000| Untracked 
|  59|0x0000000705700000, 0x0000000705700000, 0x0000000705800000|  0%| F|  |TAMS 0x0000000705700000, 0x0000000705700000| Untracked 
|  60|0x0000000705800000, 0x0000000705800000, 0x0000000705900000|  0%| F|  |TAMS 0x0000000705800000, 0x0000000705800000| Untracked 
|  61|0x0000000705900000, 0x0000000705900000, 0x0000000705a00000|  0%| F|  |TAMS 0x0000000705900000, 0x0000000705900000| Untracked 
|  62|0x0000000705a00000, 0x0000000705a00000, 0x0000000705b00000|  0%| F|  |TAMS 0x0000000705a00000, 0x0000000705a00000| Untracked 
|  63|0x0000000705b00000, 0x0000000705b00000, 0x0000000705c00000|  0%| F|  |TAMS 0x0000000705b00000, 0x0000000705b00000| Untracked 
|  64|0x0000000705c00000, 0x0000000705c00000, 0x0000000705d00000|  0%| F|  |TAMS 0x0000000705c00000, 0x0000000705c00000| Untracked 
|  65|0x0000000705d00000, 0x0000000705d00000, 0x0000000705e00000|  0%| F|  |TAMS 0x0000000705d00000, 0x0000000705d00000| Untracked 
|  66|0x0000000705e00000, 0x0000000705e00000, 0x0000000705f00000|  0%| F|  |TAMS 0x0000000705e00000, 0x0000000705e00000| Untracked 
|  67|0x0000000705f00000, 0x0000000705f00000, 0x0000000706000000|  0%| F|  |TAMS 0x0000000705f00000, 0x0000000705f00000| Untracked 
|  68|0x0000000706000000, 0x0000000706000000, 0x0000000706100000|  0%| F|  |TAMS 0x0000000706000000, 0x0000000706000000| Untracked 
|  69|0x0000000706100000, 0x0000000706100000, 0x0000000706200000|  0%| F|  |TAMS 0x0000000706100000, 0x0000000706100000| Untracked 
|  70|0x0000000706200000, 0x0000000706200000, 0x0000000706300000|  0%| F|  |TAMS 0x0000000706200000, 0x0000000706200000| Untracked 
|  71|0x0000000706300000, 0x0000000706300000, 0x0000000706400000|  0%| F|  |TAMS 0x0000000706300000, 0x0000000706300000| Untracked 
|  72|0x0000000706400000, 0x0000000706400000, 0x0000000706500000|  0%| F|  |TAMS 0x0000000706400000, 0x0000000706400000| Untracked 
|  73|0x0000000706500000, 0x0000000706500000, 0x0000000706600000|  0%| F|  |TAMS 0x0000000706500000, 0x0000000706500000| Untracked 
|  74|0x0000000706600000, 0x0000000706600000, 0x0000000706700000|  0%| F|  |TAMS 0x0000000706600000, 0x0000000706600000| Untracked 
|  75|0x0000000706700000, 0x0000000706700000, 0x0000000706800000|  0%| F|  |TAMS 0x0000000706700000, 0x0000000706700000| Untracked 
|  76|0x0000000706800000, 0x0000000706800000, 0x0000000706900000|  0%| F|  |TAMS 0x0000000706800000, 0x0000000706800000| Untracked 
|  77|0x0000000706900000, 0x0000000706900000, 0x0000000706a00000|  0%| F|  |TAMS 0x0000000706900000, 0x0000000706900000| Untracked 
|  78|0x0000000706a00000, 0x0000000706a00000, 0x0000000706b00000|  0%| F|  |TAMS 0x0000000706a00000, 0x0000000706a00000| Untracked 
|  79|0x0000000706b00000, 0x0000000706b00000, 0x0000000706c00000|  0%| F|  |TAMS 0x0000000706b00000, 0x0000000706b00000| Untracked 
|  80|0x0000000706c00000, 0x0000000706c00000, 0x0000000706d00000|  0%| F|  |TAMS 0x0000000706c00000, 0x0000000706c00000| Untracked 
|  81|0x0000000706d00000, 0x0000000706d00000, 0x0000000706e00000|  0%| F|  |TAMS 0x0000000706d00000, 0x0000000706d00000| Untracked 
|  82|0x0000000706e00000, 0x0000000706e00000, 0x0000000706f00000|  0%| F|  |TAMS 0x0000000706e00000, 0x0000000706e00000| Untracked 
|  83|0x0000000706f00000, 0x0000000706f00000, 0x0000000707000000|  0%| F|  |TAMS 0x0000000706f00000, 0x0000000706f00000| Untracked 
|  84|0x0000000707000000, 0x0000000707000000, 0x0000000707100000|  0%| F|  |TAMS 0x0000000707000000, 0x0000000707000000| Untracked 
|  85|0x0000000707100000, 0x0000000707100000, 0x0000000707200000|  0%| F|  |TAMS 0x0000000707100000, 0x0000000707100000| Untracked 
|  86|0x0000000707200000, 0x0000000707200000, 0x0000000707300000|  0%| F|  |TAMS 0x0000000707200000, 0x0000000707200000| Untracked 
|  87|0x0000000707300000, 0x0000000707300000, 0x0000000707400000|  0%| F|  |TAMS 0x0000000707300000, 0x0000000707300000| Untracked 
|  88|0x0000000707400000, 0x0000000707400000, 0x0000000707500000|  0%| F|  |TAMS 0x0000000707400000, 0x0000000707400000| Untracked 
|  89|0x0000000707500000, 0x0000000707500000, 0x0000000707600000|  0%| F|  |TAMS 0x0000000707500000, 0x0000000707500000| Untracked 
|  90|0x0000000707600000, 0x0000000707600000, 0x0000000707700000|  0%| F|  |TAMS 0x0000000707600000, 0x0000000707600000| Untracked 
|  91|0x0000000707700000, 0x0000000707700000, 0x0000000707800000|  0%| F|  |TAMS 0x0000000707700000, 0x0000000707700000| Untracked 
|  92|0x0000000707800000, 0x0000000707800000, 0x0000000707900000|  0%| F|  |TAMS 0x0000000707800000, 0x0000000707800000| Untracked 
|  93|0x0000000707900000, 0x0000000707900000, 0x0000000707a00000|  0%| F|  |TAMS 0x0000000707900000, 0x0000000707900000| Untracked 
|  94|0x0000000707a00000, 0x0000000707a00000, 0x0000000707b00000|  0%| F|  |TAMS 0x0000000707a00000, 0x0000000707a00000| Untracked 
|  95|0x0000000707b00000, 0x0000000707b00000, 0x0000000707c00000|  0%| F|  |TAMS 0x0000000707b00000, 0x0000000707b00000| Untracked 
|  96|0x0000000707c00000, 0x0000000707c00000, 0x0000000707d00000|  0%| F|  |TAMS 0x0000000707c00000, 0x0000000707c00000| Untracked 
|  97|0x0000000707d00000, 0x0000000707d00000, 0x0000000707e00000|  0%| F|  |TAMS 0x0000000707d00000, 0x0000000707d00000| Untracked 
|  98|0x0000000707e00000, 0x0000000707e00000, 0x0000000707f00000|  0%| F|  |TAMS 0x0000000707e00000, 0x0000000707e00000| Untracked 
|  99|0x0000000707f00000, 0x0000000707f00000, 0x0000000708000000|  0%| F|  |TAMS 0x0000000707f00000, 0x0000000707f00000| Untracked 
| 100|0x0000000708000000, 0x0000000708000000, 0x0000000708100000|  0%| F|  |TAMS 0x0000000708000000, 0x0000000708000000| Untracked 
| 101|0x0000000708100000, 0x0000000708100000, 0x0000000708200000|  0%| F|  |TAMS 0x0000000708100000, 0x0000000708100000| Untracked 
| 102|0x0000000708200000, 0x0000000708200000, 0x0000000708300000|  0%| F|  |TAMS 0x0000000708200000, 0x0000000708200000| Untracked 
| 103|0x0000000708300000, 0x0000000708300000, 0x0000000708400000|  0%| F|  |TAMS 0x0000000708300000, 0x0000000708300000| Untracked 
| 104|0x0000000708400000, 0x0000000708400000, 0x0000000708500000|  0%| F|  |TAMS 0x0000000708400000, 0x0000000708400000| Untracked 
| 105|0x0000000708500000, 0x0000000708500000, 0x0000000708600000|  0%| F|  |TAMS 0x0000000708500000, 0x0000000708500000| Untracked 
| 106|0x0000000708600000, 0x0000000708600000, 0x0000000708700000|  0%| F|  |TAMS 0x0000000708600000, 0x0000000708600000| Untracked 
| 107|0x0000000708700000, 0x0000000708700000, 0x0000000708800000|  0%| F|  |TAMS 0x0000000708700000, 0x0000000708700000| Untracked 
| 108|0x0000000708800000, 0x0000000708800000, 0x0000000708900000|  0%| F|  |TAMS 0x0000000708800000, 0x0000000708800000| Untracked 
| 109|0x0000000708900000, 0x0000000708900000, 0x0000000708a00000|  0%| F|  |TAMS 0x0000000708900000, 0x0000000708900000| Untracked 
| 110|0x0000000708a00000, 0x0000000708a00000, 0x0000000708b00000|  0%| F|  |TAMS 0x0000000708a00000, 0x0000000708a00000| Untracked 
| 111|0x0000000708b00000, 0x0000000708b00000, 0x0000000708c00000|  0%| F|  |TAMS 0x0000000708b00000, 0x0000000708b00000| Untracked 
| 112|0x0000000708c00000, 0x0000000708c00000, 0x0000000708d00000|  0%| F|  |TAMS 0x0000000708c00000, 0x0000000708c00000| Untracked 
| 113|0x0000000708d00000, 0x0000000708d00000, 0x0000000708e00000|  0%| F|  |TAMS 0x0000000708d00000, 0x0000000708d00000| Untracked 
| 114|0x0000000708e00000, 0x0000000708e00000, 0x0000000708f00000|  0%| F|  |TAMS 0x0000000708e00000, 0x0000000708e00000| Untracked 
| 115|0x0000000708f00000, 0x0000000708f00000, 0x0000000709000000|  0%| F|  |TAMS 0x0000000708f00000, 0x0000000708f00000| Untracked 
| 116|0x0000000709000000, 0x0000000709000000, 0x0000000709100000|  0%| F|  |TAMS 0x0000000709000000, 0x0000000709000000| Untracked 
| 117|0x0000000709100000, 0x0000000709100000, 0x0000000709200000|  0%| F|  |TAMS 0x0000000709100000, 0x0000000709100000| Untracked 
| 118|0x0000000709200000, 0x0000000709200000, 0x0000000709300000|  0%| F|  |TAMS 0x0000000709200000, 0x0000000709200000| Untracked 
| 119|0x0000000709300000, 0x0000000709300000, 0x0000000709400000|  0%| F|  |TAMS 0x0000000709300000, 0x0000000709300000| Untracked 
| 120|0x0000000709400000, 0x0000000709400000, 0x0000000709500000|  0%| F|  |TAMS 0x0000000709400000, 0x0000000709400000| Untracked 
| 121|0x0000000709500000, 0x0000000709500000, 0x0000000709600000|  0%| F|  |TAMS 0x0000000709500000, 0x0000000709500000| Untracked 
| 122|0x0000000709600000, 0x0000000709600000, 0x0000000709700000|  0%| F|  |TAMS 0x0000000709600000, 0x0000000709600000| Untracked 
| 123|0x0000000709700000, 0x0000000709700000, 0x0000000709800000|  0%| F|  |TAMS 0x0000000709700000, 0x0000000709700000| Untracked 
| 124|0x0000000709800000, 0x0000000709800000, 0x0000000709900000|  0%| F|  |TAMS 0x0000000709800000, 0x0000000709800000| Untracked 
| 125|0x0000000709900000, 0x0000000709900000, 0x0000000709a00000|  0%| F|  |TAMS 0x0000000709900000, 0x0000000709900000| Untracked 
| 126|0x0000000709a00000, 0x0000000709a00000, 0x0000000709b00000|  0%| F|  |TAMS 0x0000000709a00000, 0x0000000709a00000| Untracked 
| 127|0x0000000709b00000, 0x0000000709b00000, 0x0000000709c00000|  0%| F|  |TAMS 0x0000000709b00000, 0x0000000709b00000| Untracked 
| 128|0x0000000709c00000, 0x0000000709c00000, 0x0000000709d00000|  0%| F|  |TAMS 0x0000000709c00000, 0x0000000709c00000| Untracked 
| 129|0x0000000709d00000, 0x0000000709d00000, 0x0000000709e00000|  0%| F|  |TAMS 0x0000000709d00000, 0x0000000709d00000| Untracked 
| 130|0x0000000709e00000, 0x0000000709e00000, 0x0000000709f00000|  0%| F|  |TAMS 0x0000000709e00000, 0x0000000709e00000| Untracked 
| 131|0x0000000709f00000, 0x0000000709f00000, 0x000000070a000000|  0%| F|  |TAMS 0x0000000709f00000, 0x0000000709f00000| Untracked 
| 132|0x000000070a000000, 0x000000070a000000, 0x000000070a100000|  0%| F|  |TAMS 0x000000070a000000, 0x000000070a000000| Untracked 
| 133|0x000000070a100000, 0x000000070a100000, 0x000000070a200000|  0%| F|  |TAMS 0x000000070a100000, 0x000000070a100000| Untracked 
| 134|0x000000070a200000, 0x000000070a200000, 0x000000070a300000|  0%| F|  |TAMS 0x000000070a200000, 0x000000070a200000| Untracked 
| 135|0x000000070a300000, 0x000000070a300000, 0x000000070a400000|  0%| F|  |TAMS 0x000000070a300000, 0x000000070a300000| Untracked 
| 136|0x000000070a400000, 0x000000070a400000, 0x000000070a500000|  0%| F|  |TAMS 0x000000070a400000, 0x000000070a400000| Untracked 
| 137|0x000000070a500000, 0x000000070a500000, 0x000000070a600000|  0%| F|  |TAMS 0x000000070a500000, 0x000000070a500000| Untracked 
| 138|0x000000070a600000, 0x000000070a600000, 0x000000070a700000|  0%| F|  |TAMS 0x000000070a600000, 0x000000070a600000| Untracked 
| 139|0x000000070a700000, 0x000000070a700000, 0x000000070a800000|  0%| F|  |TAMS 0x000000070a700000, 0x000000070a700000| Untracked 
| 140|0x000000070a800000, 0x000000070a800000, 0x000000070a900000|  0%| F|  |TAMS 0x000000070a800000, 0x000000070a800000| Untracked 
| 141|0x000000070a900000, 0x000000070a900000, 0x000000070aa00000|  0%| F|  |TAMS 0x000000070a900000, 0x000000070a900000| Untracked 
| 142|0x000000070aa00000, 0x000000070aa00000, 0x000000070ab00000|  0%| F|  |TAMS 0x000000070aa00000, 0x000000070aa00000| Untracked 
| 143|0x000000070ab00000, 0x000000070ab00000, 0x000000070ac00000|  0%| F|  |TAMS 0x000000070ab00000, 0x000000070ab00000| Untracked 
| 144|0x000000070ac00000, 0x000000070ac00000, 0x000000070ad00000|  0%| F|  |TAMS 0x000000070ac00000, 0x000000070ac00000| Untracked 
| 145|0x000000070ad00000, 0x000000070ad00000, 0x000000070ae00000|  0%| F|  |TAMS 0x000000070ad00000, 0x000000070ad00000| Untracked 
| 146|0x000000070ae00000, 0x000000070ae00000, 0x000000070af00000|  0%| F|  |TAMS 0x000000070ae00000, 0x000000070ae00000| Untracked 
| 147|0x000000070af00000, 0x000000070af00000, 0x000000070b000000|  0%| F|  |TAMS 0x000000070af00000, 0x000000070af00000| Untracked 
| 148|0x000000070b000000, 0x000000070b000000, 0x000000070b100000|  0%| F|  |TAMS 0x000000070b000000, 0x000000070b000000| Untracked 
| 149|0x000000070b100000, 0x000000070b100000, 0x000000070b200000|  0%| F|  |TAMS 0x000000070b100000, 0x000000070b100000| Untracked 
| 150|0x000000070b200000, 0x000000070b200000, 0x000000070b300000|  0%| F|  |TAMS 0x000000070b200000, 0x000000070b200000| Untracked 
| 151|0x000000070b300000, 0x000000070b300000, 0x000000070b400000|  0%| F|  |TAMS 0x000000070b300000, 0x000000070b300000| Untracked 
| 152|0x000000070b400000, 0x000000070b400000, 0x000000070b500000|  0%| F|  |TAMS 0x000000070b400000, 0x000000070b400000| Untracked 
| 153|0x000000070b500000, 0x000000070b500000, 0x000000070b600000|  0%| F|  |TAMS 0x000000070b500000, 0x000000070b500000| Untracked 
| 154|0x000000070b600000, 0x000000070b600000, 0x000000070b700000|  0%| F|  |TAMS 0x000000070b600000, 0x000000070b600000| Untracked 
| 155|0x000000070b700000, 0x000000070b700000, 0x000000070b800000|  0%| F|  |TAMS 0x000000070b700000, 0x000000070b700000| Untracked 
| 156|0x000000070b800000, 0x000000070b800000, 0x000000070b900000|  0%| F|  |TAMS 0x000000070b800000, 0x000000070b800000| Untracked 
| 157|0x000000070b900000, 0x000000070b900000, 0x000000070ba00000|  0%| F|  |TAMS 0x000000070b900000, 0x000000070b900000| Untracked 
| 158|0x000000070ba00000, 0x000000070ba00000, 0x000000070bb00000|  0%| F|  |TAMS 0x000000070ba00000, 0x000000070ba00000| Untracked 
| 159|0x000000070bb00000, 0x000000070bb00000, 0x000000070bc00000|  0%| F|  |TAMS 0x000000070bb00000, 0x000000070bb00000| Untracked 
| 160|0x000000070bc00000, 0x000000070bc00000, 0x000000070bd00000|  0%| F|  |TAMS 0x000000070bc00000, 0x000000070bc00000| Untracked 
| 161|0x000000070bd00000, 0x000000070bd00000, 0x000000070be00000|  0%| F|  |TAMS 0x000000070bd00000, 0x000000070bd00000| Untracked 
| 162|0x000000070be00000, 0x000000070be00000, 0x000000070bf00000|  0%| F|  |TAMS 0x000000070be00000, 0x000000070be00000| Untracked 
| 163|0x000000070bf00000, 0x000000070bf00000, 0x000000070c000000|  0%| F|  |TAMS 0x000000070bf00000, 0x000000070bf00000| Untracked 
| 164|0x000000070c000000, 0x000000070c000000, 0x000000070c100000|  0%| F|  |TAMS 0x000000070c000000, 0x000000070c000000| Untracked 
| 165|0x000000070c100000, 0x000000070c100000, 0x000000070c200000|  0%| F|  |TAMS 0x000000070c100000, 0x000000070c100000| Untracked 
| 166|0x000000070c200000, 0x000000070c200000, 0x000000070c300000|  0%| F|  |TAMS 0x000000070c200000, 0x000000070c200000| Untracked 
| 167|0x000000070c300000, 0x000000070c300000, 0x000000070c400000|  0%| F|  |TAMS 0x000000070c300000, 0x000000070c300000| Untracked 
| 168|0x000000070c400000, 0x000000070c400000, 0x000000070c500000|  0%| F|  |TAMS 0x000000070c400000, 0x000000070c400000| Untracked 
| 169|0x000000070c500000, 0x000000070c500000, 0x000000070c600000|  0%| F|  |TAMS 0x000000070c500000, 0x000000070c500000| Untracked 
| 170|0x000000070c600000, 0x000000070c600000, 0x000000070c700000|  0%| F|  |TAMS 0x000000070c600000, 0x000000070c600000| Untracked 
| 171|0x000000070c700000, 0x000000070c700000, 0x000000070c800000|  0%| F|  |TAMS 0x000000070c700000, 0x000000070c700000| Untracked 
| 172|0x000000070c800000, 0x000000070c800000, 0x000000070c900000|  0%| F|  |TAMS 0x000000070c800000, 0x000000070c800000| Untracked 
| 173|0x000000070c900000, 0x000000070c900000, 0x000000070ca00000|  0%| F|  |TAMS 0x000000070c900000, 0x000000070c900000| Untracked 
| 174|0x000000070ca00000, 0x000000070ca00000, 0x000000070cb00000|  0%| F|  |TAMS 0x000000070ca00000, 0x000000070ca00000| Untracked 
| 175|0x000000070cb00000, 0x000000070cb00000, 0x000000070cc00000|  0%| F|  |TAMS 0x000000070cb00000, 0x000000070cb00000| Untracked 
| 176|0x000000070cc00000, 0x000000070cc00000, 0x000000070cd00000|  0%| F|  |TAMS 0x000000070cc00000, 0x000000070cc00000| Untracked 
| 177|0x000000070cd00000, 0x000000070cd00000, 0x000000070ce00000|  0%| F|  |TAMS 0x000000070cd00000, 0x000000070cd00000| Untracked 
| 178|0x000000070ce00000, 0x000000070ce00000, 0x000000070cf00000|  0%| F|  |TAMS 0x000000070ce00000, 0x000000070ce00000| Untracked 
| 179|0x000000070cf00000, 0x000000070cf00000, 0x000000070d000000|  0%| F|  |TAMS 0x000000070cf00000, 0x000000070cf00000| Untracked 
| 180|0x000000070d000000, 0x000000070d000000, 0x000000070d100000|  0%| F|  |TAMS 0x000000070d000000, 0x000000070d000000| Untracked 
| 181|0x000000070d100000, 0x000000070d100000, 0x000000070d200000|  0%| F|  |TAMS 0x000000070d100000, 0x000000070d100000| Untracked 
| 182|0x000000070d200000, 0x000000070d200000, 0x000000070d300000|  0%| F|  |TAMS 0x000000070d200000, 0x000000070d200000| Untracked 
| 183|0x000000070d300000, 0x000000070d300000, 0x000000070d400000|  0%| F|  |TAMS 0x000000070d300000, 0x000000070d300000| Untracked 
| 184|0x000000070d400000, 0x000000070d400000, 0x000000070d500000|  0%| F|  |TAMS 0x000000070d400000, 0x000000070d400000| Untracked 
| 185|0x000000070d500000, 0x000000070d500000, 0x000000070d600000|  0%| F|  |TAMS 0x000000070d500000, 0x000000070d500000| Untracked 
| 186|0x000000070d600000, 0x000000070d600000, 0x000000070d700000|  0%| F|  |TAMS 0x000000070d600000, 0x000000070d600000| Untracked 
| 187|0x000000070d700000, 0x000000070d700000, 0x000000070d800000|  0%| F|  |TAMS 0x000000070d700000, 0x000000070d700000| Untracked 
| 188|0x000000070d800000, 0x000000070d800000, 0x000000070d900000|  0%| F|  |TAMS 0x000000070d800000, 0x000000070d800000| Untracked 
| 189|0x000000070d900000, 0x000000070d900000, 0x000000070da00000|  0%| F|  |TAMS 0x000000070d900000, 0x000000070d900000| Untracked 
| 190|0x000000070da00000, 0x000000070da00000, 0x000000070db00000|  0%| F|  |TAMS 0x000000070da00000, 0x000000070da00000| Untracked 
| 191|0x000000070db00000, 0x000000070db00000, 0x000000070dc00000|  0%| F|  |TAMS 0x000000070db00000, 0x000000070db00000| Untracked 
| 192|0x000000070dc00000, 0x000000070dc00000, 0x000000070dd00000|  0%| F|  |TAMS 0x000000070dc00000, 0x000000070dc00000| Untracked 
| 193|0x000000070dd00000, 0x000000070dd00000, 0x000000070de00000|  0%| F|  |TAMS 0x000000070dd00000, 0x000000070dd00000| Untracked 
| 194|0x000000070de00000, 0x000000070de00000, 0x000000070df00000|  0%| F|  |TAMS 0x000000070de00000, 0x000000070de00000| Untracked 
| 195|0x000000070df00000, 0x000000070df00000, 0x000000070e000000|  0%| F|  |TAMS 0x000000070df00000, 0x000000070df00000| Untracked 
| 196|0x000000070e000000, 0x000000070e000000, 0x000000070e100000|  0%| F|  |TAMS 0x000000070e000000, 0x000000070e000000| Untracked 
| 197|0x000000070e100000, 0x000000070e100000, 0x000000070e200000|  0%| F|  |TAMS 0x000000070e100000, 0x000000070e100000| Untracked 
| 198|0x000000070e200000, 0x000000070e200000, 0x000000070e300000|  0%| F|  |TAMS 0x000000070e200000, 0x000000070e200000| Untracked 
| 199|0x000000070e300000, 0x000000070e300000, 0x000000070e400000|  0%| F|  |TAMS 0x000000070e300000, 0x000000070e300000| Untracked 
| 200|0x000000070e400000, 0x000000070e400000, 0x000000070e500000|  0%| F|  |TAMS 0x000000070e400000, 0x000000070e400000| Untracked 
| 201|0x000000070e500000, 0x000000070e500000, 0x000000070e600000|  0%| F|  |TAMS 0x000000070e500000, 0x000000070e500000| Untracked 
| 202|0x000000070e600000, 0x000000070e600000, 0x000000070e700000|  0%| F|  |TAMS 0x000000070e600000, 0x000000070e600000| Untracked 
| 203|0x000000070e700000, 0x000000070e700000, 0x000000070e800000|  0%| F|  |TAMS 0x000000070e700000, 0x000000070e700000| Untracked 
| 204|0x000000070e800000, 0x000000070e800000, 0x000000070e900000|  0%| F|  |TAMS 0x000000070e800000, 0x000000070e800000| Untracked 
| 205|0x000000070e900000, 0x000000070e900000, 0x000000070ea00000|  0%| F|  |TAMS 0x000000070e900000, 0x000000070e900000| Untracked 
| 206|0x000000070ea00000, 0x000000070ea00000, 0x000000070eb00000|  0%| F|  |TAMS 0x000000070ea00000, 0x000000070ea00000| Untracked 
| 207|0x000000070eb00000, 0x000000070eb00000, 0x000000070ec00000|  0%| F|  |TAMS 0x000000070eb00000, 0x000000070eb00000| Untracked 
| 208|0x000000070ec00000, 0x000000070ec00000, 0x000000070ed00000|  0%| F|  |TAMS 0x000000070ec00000, 0x000000070ec00000| Untracked 
| 209|0x000000070ed00000, 0x000000070ed00000, 0x000000070ee00000|  0%| F|  |TAMS 0x000000070ed00000, 0x000000070ed00000| Untracked 
| 210|0x000000070ee00000, 0x000000070ee00000, 0x000000070ef00000|  0%| F|  |TAMS 0x000000070ee00000, 0x000000070ee00000| Untracked 
| 211|0x000000070ef00000, 0x000000070ef00000, 0x000000070f000000|  0%| F|  |TAMS 0x000000070ef00000, 0x000000070ef00000| Untracked 
| 212|0x000000070f000000, 0x000000070f000000, 0x000000070f100000|  0%| F|  |TAMS 0x000000070f000000, 0x000000070f000000| Untracked 
| 213|0x000000070f100000, 0x000000070f100000, 0x000000070f200000|  0%| F|  |TAMS 0x000000070f100000, 0x000000070f100000| Untracked 
| 214|0x000000070f200000, 0x000000070f200000, 0x000000070f300000|  0%| F|  |TAMS 0x000000070f200000, 0x000000070f200000| Untracked 
| 215|0x000000070f300000, 0x000000070f300000, 0x000000070f400000|  0%| F|  |TAMS 0x000000070f300000, 0x000000070f300000| Untracked 
| 216|0x000000070f400000, 0x000000070f400000, 0x000000070f500000|  0%| F|  |TAMS 0x000000070f400000, 0x000000070f400000| Untracked 
| 217|0x000000070f500000, 0x000000070f500000, 0x000000070f600000|  0%| F|  |TAMS 0x000000070f500000, 0x000000070f500000| Untracked 
| 218|0x000000070f600000, 0x000000070f600000, 0x000000070f700000|  0%| F|  |TAMS 0x000000070f600000, 0x000000070f600000| Untracked 
| 219|0x000000070f700000, 0x000000070f700000, 0x000000070f800000|  0%| F|  |TAMS 0x000000070f700000, 0x000000070f700000| Untracked 
| 220|0x000000070f800000, 0x000000070f800000, 0x000000070f900000|  0%| F|  |TAMS 0x000000070f800000, 0x000000070f800000| Untracked 
| 221|0x000000070f900000, 0x000000070f900000, 0x000000070fa00000|  0%| F|  |TAMS 0x000000070f900000, 0x000000070f900000| Untracked 
| 222|0x000000070fa00000, 0x000000070fa00000, 0x000000070fb00000|  0%| F|  |TAMS 0x000000070fa00000, 0x000000070fa00000| Untracked 
| 223|0x000000070fb00000, 0x000000070fb00000, 0x000000070fc00000|  0%| F|  |TAMS 0x000000070fb00000, 0x000000070fb00000| Untracked 
| 224|0x000000070fc00000, 0x000000070fc00000, 0x000000070fd00000|  0%| F|  |TAMS 0x000000070fc00000, 0x000000070fc00000| Untracked 
| 225|0x000000070fd00000, 0x000000070fd00000, 0x000000070fe00000|  0%| F|  |TAMS 0x000000070fd00000, 0x000000070fd00000| Untracked 
| 226|0x000000070fe00000, 0x000000070fe00000, 0x000000070ff00000|  0%| F|  |TAMS 0x000000070fe00000, 0x000000070fe00000| Untracked 
| 227|0x000000070ff00000, 0x000000070ff00000, 0x0000000710000000|  0%| F|  |TAMS 0x000000070ff00000, 0x000000070ff00000| Untracked 
| 228|0x0000000710000000, 0x0000000710000000, 0x0000000710100000|  0%| F|  |TAMS 0x0000000710000000, 0x0000000710000000| Untracked 
| 229|0x0000000710100000, 0x0000000710100000, 0x0000000710200000|  0%| F|  |TAMS 0x0000000710100000, 0x0000000710100000| Untracked 
| 230|0x0000000710200000, 0x0000000710200000, 0x0000000710300000|  0%| F|  |TAMS 0x0000000710200000, 0x0000000710200000| Untracked 
| 231|0x0000000710300000, 0x0000000710300000, 0x0000000710400000|  0%| F|  |TAMS 0x0000000710300000, 0x0000000710300000| Untracked 
| 232|0x0000000710400000, 0x0000000710400000, 0x0000000710500000|  0%| F|  |TAMS 0x0000000710400000, 0x0000000710400000| Untracked 
| 233|0x0000000710500000, 0x0000000710500000, 0x0000000710600000|  0%| F|  |TAMS 0x0000000710500000, 0x0000000710500000| Untracked 
| 234|0x0000000710600000, 0x0000000710600000, 0x0000000710700000|  0%| F|  |TAMS 0x0000000710600000, 0x0000000710600000| Untracked 
| 235|0x0000000710700000, 0x0000000710700000, 0x0000000710800000|  0%| F|  |TAMS 0x0000000710700000, 0x0000000710700000| Untracked 
| 236|0x0000000710800000, 0x0000000710800000, 0x0000000710900000|  0%| F|  |TAMS 0x0000000710800000, 0x0000000710800000| Untracked 
| 237|0x0000000710900000, 0x0000000710900000, 0x0000000710a00000|  0%| F|  |TAMS 0x0000000710900000, 0x0000000710900000| Untracked 
| 238|0x0000000710a00000, 0x0000000710a00000, 0x0000000710b00000|  0%| F|  |TAMS 0x0000000710a00000, 0x0000000710a00000| Untracked 
| 239|0x0000000710b00000, 0x0000000710b00000, 0x0000000710c00000|  0%| F|  |TAMS 0x0000000710b00000, 0x0000000710b00000| Untracked 
| 240|0x0000000710c00000, 0x0000000710c00000, 0x0000000710d00000|  0%| F|  |TAMS 0x0000000710c00000, 0x0000000710c00000| Untracked 
| 241|0x0000000710d00000, 0x0000000710d00000, 0x0000000710e00000|  0%| F|  |TAMS 0x0000000710d00000, 0x0000000710d00000| Untracked 
| 242|0x0000000710e00000, 0x0000000710e00000, 0x0000000710f00000|  0%| F|  |TAMS 0x0000000710e00000, 0x0000000710e00000| Untracked 
| 243|0x0000000710f00000, 0x0000000710f00000, 0x0000000711000000|  0%| F|  |TAMS 0x0000000710f00000, 0x0000000710f00000| Untracked 
| 244|0x0000000711000000, 0x0000000711000000, 0x0000000711100000|  0%| F|  |TAMS 0x0000000711000000, 0x0000000711000000| Untracked 
| 245|0x0000000711100000, 0x0000000711100000, 0x0000000711200000|  0%| F|  |TAMS 0x0000000711100000, 0x0000000711100000| Untracked 
| 246|0x0000000711200000, 0x0000000711200000, 0x0000000711300000|  0%| F|  |TAMS 0x0000000711200000, 0x0000000711200000| Untracked 
| 247|0x0000000711300000, 0x0000000711300000, 0x0000000711400000|  0%| F|  |TAMS 0x0000000711300000, 0x0000000711300000| Untracked 
| 248|0x0000000711400000, 0x0000000711400000, 0x0000000711500000|  0%| F|  |TAMS 0x0000000711400000, 0x0000000711400000| Untracked 
| 249|0x0000000711500000, 0x0000000711500000, 0x0000000711600000|  0%| F|  |TAMS 0x0000000711500000, 0x0000000711500000| Untracked 
| 250|0x0000000711600000, 0x0000000711600000, 0x0000000711700000|  0%| F|  |TAMS 0x0000000711600000, 0x0000000711600000| Untracked 
| 251|0x0000000711700000, 0x0000000711700000, 0x0000000711800000|  0%| F|  |TAMS 0x0000000711700000, 0x0000000711700000| Untracked 
| 252|0x0000000711800000, 0x0000000711897988, 0x0000000711900000| 59%| E|  |TAMS 0x0000000711800000, 0x0000000711800000| Complete 
| 253|0x0000000711900000, 0x00000007119ff870, 0x0000000711a00000| 99%| E|  |TAMS 0x0000000711900000, 0x0000000711900000| Complete 
| 254|0x0000000711a00000, 0x0000000711b00000, 0x0000000711b00000|100%| E|CS|TAMS 0x0000000711a00000, 0x0000000711a00000| Complete 
| 255|0x0000000711b00000, 0x0000000711c00000, 0x0000000711c00000|100%| E|CS|TAMS 0x0000000711b00000, 0x0000000711b00000| Complete 

Card table byte_map: [0x0000020efdb50000,0x0000020efe350000] _byte_map_base: 0x0000020efa342000

Marking Bits (Prev, Next): (CMBitMap*) 0x0000020ee82b3028, (CMBitMap*) 0x0000020ee82b3060
 Prev Bits: [0x0000020e80000000, 0x0000020e83f90000)
 Next Bits: [0x0000020e83f90000, 0x0000020e87f20000)

Polling page: 0x0000020ee8040000

Metaspace:

Usage:
  Non-class:      4.29 MB capacity,     1.06 MB ( 25%) used,     3.22 MB ( 75%) free+waste,     1.88 KB ( <1%) overhead. 
      Class:    436.00 KB capacity,   105.91 KB ( 24%) used,   328.90 KB ( 75%) free+waste,     1.19 KB ( <1%) overhead. 
       Both:      4.71 MB capacity,     1.17 MB ( 25%) used,     3.54 MB ( 75%) free+waste,     3.06 KB ( <1%) overhead. 

Virtual space:
  Non-class space:        8.00 MB reserved,       4.50 MB ( 56%) committed 
      Class space:        1.00 GB reserved,     512.00 KB ( <1%) committed 
             Both:        1.01 GB reserved,       5.00 MB ( <1%) committed 

Chunk freelists:
   Non-Class:  27.00 KB
       Class:  12.00 KB
        Both:  39.00 KB

MaxMetaspaceSize: 17179869184.00 GB
CompressedClassSpaceSize: 1.00 GB

CodeHeap 'non-profiled nmethods': size=120000Kb used=83Kb max_used=83Kb free=119916Kb
 bounds [0x0000020ef53c0000, 0x0000020ef5630000, 0x0000020efc8f0000]
CodeHeap 'profiled nmethods': size=120000Kb used=322Kb max_used=322Kb free=119677Kb
 bounds [0x0000020eede90000, 0x0000020eee100000, 0x0000020ef53c0000]
CodeHeap 'non-nmethods': size=5760Kb used=1126Kb max_used=1137Kb free=4633Kb
 bounds [0x0000020eed8f0000, 0x0000020eedb60000, 0x0000020eede90000]
 total_blobs=1054 nmethods=267 adapters=358
 compilation: enabled
              stopped_count=0, restarted_count=0
 full_count=0

Compilation events (20 events):
Event: 0.180 Thread 0x0000020eff6d9800  258       1       java.io.File::getPath (5 bytes)
Event: 0.180 Thread 0x0000020eff6d9800 nmethod 258 0x0000020ef53d4710 code [0x0000020ef53d48c0, 0x0000020ef53d49f8]
Event: 0.188 Thread 0x0000020eff6d9800  259       3       java.lang.StringUTF16::compress (50 bytes)
Event: 0.188 Thread 0x0000020eff6d9800 nmethod 259 0x0000020eededdd10 code [0x0000020eededdee0, 0x0000020eedede178]
Event: 0.189 Thread 0x0000020eff6d9800  260       3       java.lang.StringBuilder::<init> (7 bytes)
Event: 0.189 Thread 0x0000020eff6d9800 nmethod 260 0x0000020eedede310 code [0x0000020eedede4c0, 0x0000020eedede670]
Event: 0.190 Thread 0x0000020eff6d9800  261       3       java.lang.StringCoding::hasNegatives (25 bytes)
Event: 0.190 Thread 0x0000020eff6d9800 nmethod 261 0x0000020eedede710 code [0x0000020eedede8e0, 0x0000020eededeb58]
Event: 0.194 Thread 0x0000020eff6d9800  262       3       java.util.concurrent.ConcurrentHashMap::setTabAt (20 bytes)
Event: 0.194 Thread 0x0000020eff6d9800 nmethod 262 0x0000020eededec90 code [0x0000020eededee40, 0x0000020eededf158]
Event: 0.194 Thread 0x0000020eff6d9800  263       3       java.lang.String::lastIndexOf (29 bytes)
Event: 0.194 Thread 0x0000020eff6d9800 nmethod 263 0x0000020eededf210 code [0x0000020eededf3e0, 0x0000020eededf700]
Event: 0.228 Thread 0x0000020eff6d9800  264       3       java.lang.String::lastIndexOf (12 bytes)
Event: 0.228 Thread 0x0000020eff6cc800  265       4       java.lang.String::charAt (25 bytes)
Event: 0.228 Thread 0x0000020eff6d9800 nmethod 264 0x0000020eededf810 code [0x0000020eededfa00, 0x0000020eededfe80]
Event: 0.228 Thread 0x0000020eff6d9800  266       3       java.lang.String::startsWith (7 bytes)
Event: 0.228 Thread 0x0000020eff6d9800 nmethod 266 0x0000020eedee0010 code [0x0000020eedee01c0, 0x0000020eedee0390]
Event: 0.229 Thread 0x0000020eff6cc800 nmethod 265 0x0000020ef53d4a90 code [0x0000020ef53d4c40, 0x0000020ef53d4d28]
Event: 0.229 Thread 0x0000020eff6d9800  267       3       java.lang.Character::toLowerCase (6 bytes)
Event: 0.229 Thread 0x0000020eff6d9800 nmethod 267 0x0000020eedee0410 code [0x0000020eedee05e0, 0x0000020eedee08a0]

GC Heap History (0 events):
No events

Deoptimization events (20 events):
Event: 0.143 Thread 0x0000020ee8251000 Uncommon trap: trap_request=0xffffffde fr.pc=0x0000020ef53cdeb4 relative=0x0000000000000b34
Event: 0.143 Thread 0x0000020ee8251000 Uncommon trap: reason=class_check action=maybe_recompile pc=0x0000020ef53cdeb4 method=java.util.HashMap.putVal(ILjava/lang/Object;Ljava/lang/Object;ZZ)Ljava/lang/Object; @ 152 c2
Event: 0.143 Thread 0x0000020ee8251000 DEOPT PACKING pc=0x0000020ef53cdeb4 sp=0x0000002a7a3faed0
Event: 0.143 Thread 0x0000020ee8251000 DEOPT UNPACKING pc=0x0000020eed9192af sp=0x0000002a7a3fae50 mode 2
Event: 0.143 Thread 0x0000020ee8251000 Uncommon trap: trap_request=0xffffffde fr.pc=0x0000020ef53cdeb4 relative=0x0000000000000b34
Event: 0.143 Thread 0x0000020ee8251000 Uncommon trap: reason=class_check action=maybe_recompile pc=0x0000020ef53cdeb4 method=java.util.HashMap.putVal(ILjava/lang/Object;Ljava/lang/Object;ZZ)Ljava/lang/Object; @ 152 c2
Event: 0.143 Thread 0x0000020ee8251000 DEOPT PACKING pc=0x0000020ef53cdeb4 sp=0x0000002a7a3faed0
Event: 0.143 Thread 0x0000020ee8251000 DEOPT UNPACKING pc=0x0000020eed9192af sp=0x0000002a7a3fae50 mode 2
Event: 0.143 Thread 0x0000020ee8251000 Uncommon trap: trap_request=0xffffffde fr.pc=0x0000020ef53cdeb4 relative=0x0000000000000b34
Event: 0.143 Thread 0x0000020ee8251000 Uncommon trap: reason=class_check action=maybe_recompile pc=0x0000020ef53cdeb4 method=java.util.HashMap.putVal(ILjava/lang/Object;Ljava/lang/Object;ZZ)Ljava/lang/Object; @ 152 c2
Event: 0.143 Thread 0x0000020ee8251000 DEOPT PACKING pc=0x0000020ef53cdeb4 sp=0x0000002a7a3faed0
Event: 0.143 Thread 0x0000020ee8251000 DEOPT UNPACKING pc=0x0000020eed9192af sp=0x0000002a7a3fae50 mode 2
Event: 0.157 Thread 0x0000020ee8251000 Uncommon trap: trap_request=0xffffff4d fr.pc=0x0000020ef53c5da4 relative=0x0000000000000084
Event: 0.157 Thread 0x0000020ee8251000 Uncommon trap: reason=unstable_if action=reinterpret pc=0x0000020ef53c5da4 method=java.lang.String.isLatin1()Z @ 10 c2
Event: 0.157 Thread 0x0000020ee8251000 DEOPT PACKING pc=0x0000020ef53c5da4 sp=0x0000002a7a3feb50
Event: 0.157 Thread 0x0000020ee8251000 DEOPT UNPACKING pc=0x0000020eed9192af sp=0x0000002a7a3fea90 mode 2
Event: 0.170 Thread 0x0000020ee8251000 Uncommon trap: trap_request=0xffffff4d fr.pc=0x0000020ef53d2888 relative=0x0000000000000d88
Event: 0.170 Thread 0x0000020ee8251000 Uncommon trap: reason=unstable_if action=reinterpret pc=0x0000020ef53d2888 method=java.util.HashMap.putVal(ILjava/lang/Object;Ljava/lang/Object;ZZ)Ljava/lang/Object; @ 181 c2
Event: 0.170 Thread 0x0000020ee8251000 DEOPT PACKING pc=0x0000020ef53d2888 sp=0x0000002a7a3fece0
Event: 0.170 Thread 0x0000020ee8251000 DEOPT UNPACKING pc=0x0000020eed9192af sp=0x0000002a7a3fec80 mode 2

Classes redefined (0 events):
No events

Internal exceptions (1 events):
Event: 0.170 Thread 0x0000020ee8251000 Exception <a 'sun/nio/fs/WindowsException'{0x0000000711958f18}> (0x0000000711958f18) thrown at [c:/BuildAgent/work/5ff2f6c26000d570/src/hotspot/share/prims/jni.cpp, line 615]

Events (20 events):
Event: 0.172 loading class java/nio/DirectByteBuffer$Deallocator
Event: 0.172 loading class java/nio/DirectByteBuffer$Deallocator done
Event: 0.188 loading class org/ice1000/jimgui/JImGui
Event: 0.188 loading class org/ice1000/jimgui/JImGui done
Event: 0.189 loading class org/ice1000/jimgui/cpp/DeallocatableObject
Event: 0.189 loading class org/ice1000/jimgui/cpp/DeallocatableObject done
Event: 0.190 loading class org/ice1000/jimgui/JImGuiGen
Event: 0.190 loading class org/ice1000/jimgui/JImGuiGen done
Event: 0.194 Executing VM operation: RevokeBias
Event: 0.194 Executing VM operation: RevokeBias done
Event: 0.194 loading class org/ice1000/jimgui/util/JImGuiUtil
Event: 0.194 loading class org/ice1000/jimgui/util/JImGuiUtil done
Event: 0.194 loading class java/lang/InterruptedException
Event: 0.195 loading class java/lang/InterruptedException done
Event: 0.228 loading class org/ice1000/jimgui/JImGuiIO
Event: 0.228 loading class org/ice1000/jimgui/JImGuiIO done
Event: 0.228 loading class org/ice1000/jimgui/JImGuiIOGen
Event: 0.228 loading class org/ice1000/jimgui/JImGuiIOGen done
Event: 0.229 loading class org/ice1000/jimgui/JImVec4
Event: 0.229 loading class org/ice1000/jimgui/JImVec4 done


Dynamic libraries:
0x00007ff7c0c40000 - 0x00007ff7c0c4a000 	C:\Program Files\JetBrains\IntelliJ IDEA Community Edition 2019.3.1\jbr\bin\java.exe
0x00007ffcdcfa0000 - 0x00007ffcdd190000 	C:\WINDOWS\SYSTEM32\ntdll.dll
0x00007ffcdcc20000 - 0x00007ffcdccd2000 	C:\WINDOWS\System32\KERNEL32.DLL
0x00007ffcda0c0000 - 0x00007ffcda364000 	C:\WINDOWS\System32\KERNELBASE.dll
0x00007ffcda470000 - 0x00007ffcda56a000 	C:\WINDOWS\System32\ucrtbase.dll
0x00007ffcab0d0000 - 0x00007ffcab0e9000 	C:\Program Files\JetBrains\IntelliJ IDEA Community Edition 2019.3.1\jbr\bin\jli.dll
0x00007ffca8440000 - 0x00007ffca8457000 	C:\Program Files\JetBrains\IntelliJ IDEA Community Edition 2019.3.1\jbr\bin\VCRUNTIME140.dll
0x00007ffcdb210000 - 0x00007ffcdb3a5000 	C:\WINDOWS\System32\USER32.dll
0x00007ffcc9690000 - 0x00007ffcc9914000 	C:\WINDOWS\WinSxS\amd64_microsoft.windows.common-controls_6595b64144ccf1df_6.0.18362.1016_none_9e7a36bbe461dae4\COMCTL32.dll
0x00007ffcd9fc0000 - 0x00007ffcd9fe1000 	C:\WINDOWS\System32\win32u.dll
0x00007ffcdbc80000 - 0x00007ffcdbd1e000 	C:\WINDOWS\System32\msvcrt.dll
0x00007ffcdbc40000 - 0x00007ffcdbc66000 	C:\WINDOWS\System32\GDI32.dll
0x00007ffcdbe50000 - 0x00007ffcdc185000 	C:\WINDOWS\System32\combase.dll
0x00007ffcda6c0000 - 0x00007ffcda856000 	C:\WINDOWS\System32\gdi32full.dll
0x00007ffcdb050000 - 0x00007ffcdb170000 	C:\WINDOWS\System32\RPCRT4.dll
0x00007ffcd9f20000 - 0x00007ffcd9fbe000 	C:\WINDOWS\System32\msvcp_win.dll
0x00007ffcd9ff0000 - 0x00007ffcda070000 	C:\WINDOWS\System32\bcryptPrimitives.dll
0x00007ffcdce40000 - 0x00007ffcdce6e000 	C:\WINDOWS\System32\IMM32.DLL
0x00007ffca4d20000 - 0x00007ffca4dbd000 	C:\Program Files\JetBrains\IntelliJ IDEA Community Edition 2019.3.1\jbr\bin\msvcp140.dll
0x00007ffc64510000 - 0x00007ffc64fcb000 	C:\Program Files\JetBrains\IntelliJ IDEA Community Edition 2019.3.1\jbr\bin\server\jvm.dll
0x00007ffcdc1a0000 - 0x00007ffcdc243000 	C:\WINDOWS\System32\ADVAPI32.dll
0x00007ffcdb170000 - 0x00007ffcdb207000 	C:\WINDOWS\System32\sechost.dll
0x00007ffcdbc70000 - 0x00007ffcdbc78000 	C:\WINDOWS\System32\PSAPI.DLL
0x00007ffcc4060000 - 0x00007ffcc4069000 	C:\WINDOWS\SYSTEM32\WSOCK32.dll
0x00007ffcd1a00000 - 0x00007ffcd1a0a000 	C:\WINDOWS\SYSTEM32\VERSION.dll
0x00007ffcd6400000 - 0x00007ffcd6424000 	C:\WINDOWS\SYSTEM32\WINMM.dll
0x00007ffcdc250000 - 0x00007ffcdc2bf000 	C:\WINDOWS\System32\WS2_32.dll
0x00007ffcd63d0000 - 0x00007ffcd63fd000 	C:\WINDOWS\SYSTEM32\WINMMBASE.dll
0x00007ffcda070000 - 0x00007ffcda0ba000 	C:\WINDOWS\System32\cfgmgr32.dll
0x00007ffcd9eb0000 - 0x00007ffcd9ec1000 	C:\WINDOWS\System32\kernel.appcore.dll
0x00007ffcc60c0000 - 0x00007ffcc60d1000 	C:\Program Files\JetBrains\IntelliJ IDEA Community Edition 2019.3.1\jbr\bin\verify.dll
0x00007ffcd85a0000 - 0x00007ffcd8794000 	C:\WINDOWS\SYSTEM32\DBGHELP.DLL
0x00007ffcc0cb0000 - 0x00007ffcc0cda000 	C:\WINDOWS\SYSTEM32\dbgcore.DLL
0x00007ffcc09a0000 - 0x00007ffcc09c9000 	C:\Program Files\JetBrains\IntelliJ IDEA Community Edition 2019.3.1\jbr\bin\java.dll
0x00007ffcd2980000 - 0x00007ffcd298f000 	C:\Program Files\JetBrains\IntelliJ IDEA Community Edition 2019.3.1\jbr\bin\instrument.dll
0x00007ffcc5f20000 - 0x00007ffcc5f37000 	C:\Program Files\JetBrains\IntelliJ IDEA Community Edition 2019.3.1\jbr\bin\zip.dll
0x00007ffcc8160000 - 0x00007ffcc816b000 	C:\Program Files\JetBrains\IntelliJ IDEA Community Edition 2019.3.1\jbr\bin\jimage.dll
0x00007ffcdc2c0000 - 0x00007ffcdc9a7000 	C:\WINDOWS\System32\SHELL32.dll
0x00007ffcdb820000 - 0x00007ffcdb8c9000 	C:\WINDOWS\System32\shcore.dll
0x00007ffcda860000 - 0x00007ffcdafe2000 	C:\WINDOWS\System32\windows.storage.dll
0x00007ffcd9ed0000 - 0x00007ffcd9ef3000 	C:\WINDOWS\System32\profapi.dll
0x00007ffcd9e60000 - 0x00007ffcd9eaa000 	C:\WINDOWS\System32\powrprof.dll
0x00007ffcd9e50000 - 0x00007ffcd9e60000 	C:\WINDOWS\System32\UMPDC.dll
0x00007ffcdcae0000 - 0x00007ffcdcb32000 	C:\WINDOWS\System32\shlwapi.dll
0x00007ffcda420000 - 0x00007ffcda437000 	C:\WINDOWS\System32\cryptsp.dll
0x00007ffcbb0d0000 - 0x00007ffcbb0ea000 	C:\Program Files\JetBrains\IntelliJ IDEA Community Edition 2019.3.1\jbr\bin\net.dll
0x00007ffccbd90000 - 0x00007ffccbe80000 	C:\WINDOWS\SYSTEM32\WINHTTP.dll
0x00007ffcd96b0000 - 0x00007ffcd9717000 	C:\WINDOWS\system32\mswsock.dll
0x00007ffcac430000 - 0x00007ffcac444000 	C:\Program Files\JetBrains\IntelliJ IDEA Community Edition 2019.3.1\jbr\bin\nio.dll
0x00007ffcd2930000 - 0x00007ffcd294a000 	C:\Program Files\JetBrains\IntelliJ IDEA Community Edition 2019.3.1\bin\breakgen64.dll
0x00007ffcbb160000 - 0x00007ffcbb20c000 	C:\Users\Dell Precision\AppData\Local\Temp\jimgui1598080778168\jimgui.dll
0x00007ffcceb30000 - 0x00007ffcceb41000 	C:\WINDOWS\SYSTEM32\XINPUT1_4.dll
0x00007ffcc9e30000 - 0x00007ffcc9ff7000 	C:\WINDOWS\SYSTEM32\d3d9.dll
0x00007ffc6c4c0000 - 0x00007ffc6c723000 	C:\WINDOWS\SYSTEM32\d3dx9_43.dll
0x00007ffcd9c50000 - 0x00007ffcd9c7a000 	C:\WINDOWS\SYSTEM32\DEVOBJ.dll
0x00007ffcd8480000 - 0x00007ffcd84ad000 	C:\WINDOWS\SYSTEM32\dwmapi.dll
0x00007ffcd8b00000 - 0x00007ffcd8b20000 	C:\WINDOWS\SYSTEM32\dxcore.dll
0x00007ffcb58c0000 - 0x00007ffcb59db000 	C:\WINDOWS\SYSTEM32\inputhost.dll
0x00007ffcd5430000 - 0x00007ffcd5583000 	C:\WINDOWS\SYSTEM32\wintypes.dll
0x00007ffcd7a00000 - 0x00007ffcd7af0000 	C:\WINDOWS\SYSTEM32\PROPSYS.dll
0x00007ffcd48a0000 - 0x00007ffcd4bca000 	C:\WINDOWS\SYSTEM32\CoreUIComponents.dll
0x00007ffcd76d0000 - 0x00007ffcd77a4000 	C:\WINDOWS\SYSTEM32\CoreMessaging.dll
0x00007ffcdce70000 - 0x00007ffcdcf35000 	C:\WINDOWS\System32\OLEAUT32.dll
0x00007ffcd8e80000 - 0x00007ffcd8eb1000 	C:\WINDOWS\SYSTEM32\ntmarta.dll
0x00007ffcd7d40000 - 0x00007ffcd7dd9000 	C:\WINDOWS\system32\uxtheme.dll
0x00007ffcdb8d0000 - 0x00007ffcdba05000 	C:\WINDOWS\System32\MSCTF.dll
0x00007ffc982f0000 - 0x00007ffc98454000 	C:\WINDOWS\System32\DriverStore\FileRepository\iigd_dch.inf_amd64_020c2c7d3ac4a7d3\igdumdim64.dll
0x00007ffc83510000 - 0x00007ffc874ea000 	C:\WINDOWS\System32\DriverStore\FileRepository\iigd_dch.inf_amd64_020c2c7d3ac4a7d3\igd9dxva64.dll
0x00007ffcdcce0000 - 0x00007ffcdce37000 	C:\WINDOWS\System32\ole32.dll
0x00007ffcce8d0000 - 0x00007ffccea74000 	C:\WINDOWS\System32\DriverStore\FileRepository\iigd_dch.inf_amd64_020c2c7d3ac4a7d3\igdgmm64.dll
0x00007ffcd6430000 - 0x00007ffcd6456000 	C:\WINDOWS\System32\DriverStore\FileRepository\iigd_dch.inf_amd64_020c2c7d3ac4a7d3\igdinfo64.dll
0x00007ffccc430000 - 0x00007ffcce8cb000 	C:\WINDOWS\System32\DriverStore\FileRepository\iigd_dch.inf_amd64_020c2c7d3ac4a7d3\igc64.dll
0x00007ffcb59e0000 - 0x00007ffcb5a7e000 	C:\WINDOWS\System32\TextInputFramework.dll
0x00007ffcc8490000 - 0x00007ffcc8736000 	C:\WINDOWS\System32\iertutil.dll

dbghelp: loaded successfully - version: 4.0.5 - missing functions: none
symbol engine: initialized successfully - sym options: 0x614 - pdb path: .;C:\Program Files\JetBrains\IntelliJ IDEA Community Edition 2019.3.1\jbr\bin;C:\WINDOWS\SYSTEM32;C:\WINDOWS\WinSxS\amd64_microsoft.windows.common-controls_6595b64144ccf1df_6.0.18362.1016_none_9e7a36bbe461dae4;C:\Program Files\JetBrains\IntelliJ IDEA Community Edition 2019.3.1\jbr\bin\server;C:\Program Files\JetBrains\IntelliJ IDEA Community Edition 2019.3.1\bin;C:\Users\Dell Precision\AppData\Local\Temp\jimgui1598080778168;C:\WINDOWS\System32\DriverStore\FileRepository\iigd_dch.inf_amd64_020c2c7d3ac4a7d3

VM Arguments:
jvm_args: -javaagent:C:\Program Files\JetBrains\IntelliJ IDEA Community Edition 2019.3.1\lib\idea_rt.jar=54941:C:\Program Files\JetBrains\IntelliJ IDEA Community Edition 2019.3.1\bin -Dfile.encoding=UTF-8 
java_command: template.imGuiMain.main
java_class_path (initial): C:\Users\Dell Precision\IdeaProjects\stockimgui\out\production\stockimgui;C:\Users\Dell Precision\IdeaProjects\stockimgui\res\core-v0.9.jar;C:\Users\Dell Precision\.m2\repository\org\jetbrains\annotations\17.0.0\annotations-17.0.0.jar;C:\Users\Dell Precision\.m2\repository\junit\junit\4.12\junit-4.12.jar;C:\Users\Dell Precision\.m2\repository\org\hamcrest\hamcrest-core\1.3\hamcrest-core-1.3.jar;C:\Users\Dell Precision\IdeaProjects\stockimgui\res\extension-v0.9.jar;C:\Users\Dell Precision\IdeaProjects\stockimgui\res\json-20190722.jar;C:\Users\Dell Precision\IdeaProjects\stockimgui\res\jlayer-1.0.1.jar;C:\Users\Dell Precision\IdeaProjects\stockimgui\res\Java-WebSocket-1.5.1.jar;C:\Users\Dell Precision\IdeaProjects\stockimgui\res\slf4j-api-1.8.0-beta4.jar;C:\Users\Dell Precision\IdeaProjects\stockimgui\res\commons-io-2.7.jar;C:\Users\Dell Precision\IdeaProjects\stockimgui\res\pngj-2.1.1.jar;C:\Users\Dell Precision\IdeaProjects\stockimgui\res\rome-1.0.jar;C:\Users\Dell Precision\IdeaProjects\stockimgui\res\jdom-2.0.2.jar;C:\Users\Dell Precision\IdeaProjects\stockimgui\res\jdom-1.1.jar
Launcher Type: SUN_STANDARD

[Global flags]
     intx CICompilerCount                          = 4                                         {product} {ergonomic}
     uint ConcGCThreads                            = 2                                         {product} {ergonomic}
     uint G1ConcRefinementThreads                  = 8                                         {product} {ergonomic}
   size_t G1HeapRegionSize                         = 1048576                                   {product} {ergonomic}
    uintx GCDrainStackTargetSize                   = 64                                        {product} {ergonomic}
   size_t InitialHeapSize                          = 268435456                                 {product} {ergonomic}
   size_t MarkStackSize                            = 4194304                                   {product} {ergonomic}
   size_t MaxHeapSize                              = 4265607168                                {product} {ergonomic}
   size_t MaxNewSize                               = 2558525440                                {product} {ergonomic}
   size_t MinHeapDeltaBytes                        = 1048576                                   {product} {ergonomic}
    uintx NonNMethodCodeHeapSize                   = 5836300                                {pd product} {ergonomic}
    uintx NonProfiledCodeHeapSize                  = 122910970                              {pd product} {ergonomic}
    uintx ProfiledCodeHeapSize                     = 122910970                              {pd product} {ergonomic}
    uintx ReservedCodeCacheSize                    = 251658240                              {pd product} {ergonomic}
     bool SegmentedCodeCache                       = true                                      {product} {ergonomic}
     bool UseCompressedClassPointers               = true                                 {lp64_product} {ergonomic}
     bool UseCompressedOops                        = true                                 {lp64_product} {ergonomic}
     bool UseG1GC                                  = true                                      {product} {ergonomic}
     bool UseLargePagesIndividualAllocation        = false                                  {pd product} {ergonomic}

Logging:
Log output configuration:
 #0: stdout all=warning uptime,level,tags
 #1: stderr all=off uptime,level,tags

Environment Variables:
PATH=C:\Program Files (x86)\Common Files\Oracle\Java\javapath;C:\Program Files (x86)\Common Files\Intel\Shared Libraries\redist\intel64\compiler;C:\Windows\system32;C:\Windows;C:\Windows\System32\Wbem;C:\Windows\System32\WindowsPowerShell\v1.0\;C:\Windows\System32\OpenSSH\;C:\Program Files (x86)\NVIDIA Corporation\PhysX\Common;C:\WINDOWS\system32;C:\WINDOWS;C:\WINDOWS\System32\Wbem;C:\WINDOWS\System32\WindowsPowerShell\v1.0\;C:\WINDOWS\System32\OpenSSH\;C:\Program Files\dotnet\;C:\Program Files\PuTTY\;C:\Program Files\nodejs\;C:\Program Files (x86)\Yarn\bin\;C:\Program Files (x86)\Intel\Intel(R) Management Engine Components\DAL;C:\Program Files\Intel\Intel(R) Management Engine Components\DAL;C:\Program Files\Git\cmd;C:\Program Files\MongoDB\Server\4.2\bin;;C:\Program Files\Docker\Docker\resources\bin;C:\ProgramData\DockerDesktop\version-bin;C:\Program Files (x86)\openjdk-13.0.1\jdk-13.0.1\bin;C:\Users\Dell Precision\AppData\Local\Programs\Microsoft VS Code\bin;C:\Users\Dell Precision\AppData\Local\atom\bin;C:\Program Files\heroku\bin
USERNAME=Dell Precision
OS=Windows_NT
PROCESSOR_IDENTIFIER=Intel64 Family 6 Model 158 Stepping 9, GenuineIntel



---------------  S Y S T E M  ---------------

OS: Windows 10 , 64 bit Build 18362 (10.0.18362.959)

CPU:total 8 (initial active 8) (4 cores per cpu, 2 threads per core) family 6 model 158 stepping 9, cmov, cx8, fxsr, mmx, sse, sse2, sse3, ssse3, sse4.1, sse4.2, popcnt, avx, avx2, aes, clmul, erms, rtm, 3dnowpref, lzcnt, ht, tsc, tscinvbit, bmi1, bmi2, adx, fma

Memory: 4k page, system-wide physical 16265M (7145M free)
TotalPageFile size 28041M (AvailPageFile size 13948M)
current process WorkingSet (physical memory assigned to process): 62M, peak: 62M
current process commit charge ("private bytes"): 366M, peak: 366M

vm_info: OpenJDK 64-Bit Server VM (11.0.5+10-b520.17) for windows-amd64 JRE (11.0.5+10-b520.17), built on Dec  2 2019 12:11:34 by "" with MS VC++ 14.0 (VS2015)

END.
